 (i) Ignore Errors: enabled

#
# This System Report was generated by: https://github.com/bitrise-io/osx-box-bootstrap/blob/master/system_report.sh
#  Pull Requests are welcome!
#


=== Revision / ID ======================
* BITRISE_OSX_STACK_REV_ID: v2021_08_23_2
========================================


=== Pre-installed tool versions ========
* Go: go version go1.16.6 darwin/amd64
* Python: Python 2.7.16
* Node.js: v12.22.5
* NPM: 6.14.14
* Yarn: 1.22.11
* Java: openjdk version "1.8.0_292"
OpenJDK Runtime Environment (AdoptOpenJDK)(build 1.8.0_292-b10)
OpenJDK 64-Bit Server VM (AdoptOpenJDK)(build 25.292-b10, mixed mode)
* Flutter: Flutter 1.26.0-17.8.pre • channel beta • https://github.com/flutter/flutter.git
* fvm: 2.2.3

* git: git version 2.33.0
* git lfs: git-lfs/2.13.3 (GitHub; darwin amd64; go 1.16.5)
* mercurial/hg: Mercurial Distributed SCM (version 5.9)
* curl: curl 7.64.1 (x86_64-apple-darwin20.0) libcurl/7.64.1 (SecureTransport) LibreSSL/2.8.3 zlib/1.2.11 nghttp2/1.41.0
* wget: GNU Wget 1.21.1 built on darwin20.4.0.
* rsync: rsync  version 2.6.9  protocol version 29
* unzip: UnZip 6.00 of 20 April 2009, by Info-ZIP.  Maintained by C. Spieler.  Send
* zip: This is Zip 3.0 (July 5th 2008), by Info-ZIP.
* tar: bsdtar 3.3.2 - libarchive 3.3.2 zlib/1.2.11 liblzma/5.0.5 bz2lib/1.0.6
* tree: tree v1.8.0 (c) 1996 - 2018 by Steve Baker, Thomas Moore, Francesc Rocher, Florian Sesser, Kyosuke Tokoro 

* brew: Homebrew 3.2.10
Homebrew/homebrew-core (git revision 05b8236bf4; last commit 2021-08-23)
Homebrew/homebrew-cask (git revision b9170f0c52; last commit 2021-08-23)
* Ansible: ansible [core 2.11.3] 
  config file = /Users/vagrant/git/ansible.cfg
  configured module search path = ['/Users/vagrant/.ansible/plugins/modules', '/usr/share/ansible/plugins/modules']
  ansible python module location = /usr/local/Cellar/ansible/4.4.0/libexec/lib/python3.9/site-packages/ansible
  ansible collection location = /Users/vagrant/.ansible/collections:/usr/share/ansible/collections
  executable location = /usr/local/bin/ansible
* gtimeout: timeout (GNU coreutils) 8.32
* watchman: 2021.08.02.00
* flow: Flow, a static type checker for JavaScript, version 0.158.0
* carthage: 0.38.0
* imagemagick (convert): Version: ImageMagick 7.1.0-5 Q16 x86_64 2021-08-22 https://imagemagick.org
* ghostscript (ps2ascii): 9.54.0
* screen: Screen version 4.08.00 (GNU) 05-Feb-20
* firebase: 9.17.0
* applesimutils version 0.9.4
* jq: 1.6
* Version: 0.8.1
* XCLogParser 0.2.21
* Screen 4.08.00
* applesimutils 0.9.4
* OpenConnect version v8.10
* aws-cli: aws-cli/2.2.31 Python/3.9.6 Darwin/20.6.0 source/x86_64 prompt/off
* cmake: 3.21.1
* danger-swift: 3.10.2
[0;0m

--- Bitrise CLI tool versions
* bitrise: 1.47.2
* stepman: 0.13.1
* envman: 2.3.1
* cmd-bridge: 0.9.5
========================================


=== Brew list versions ==================
ansible 4.4.0
ant 1.10.11
aom 3.1.2
applesimutils 0.9.4
autoconf 2.71
awscli 2.2.31
bdw-gc 8.0.4_2
boost 1.76.0
brotli 1.0.9
c-ares 1.17.2
carthage 0.38.0
cmake 3.21.1
coreutils 8.32
danger-js 10.6.6
danger-swift 3.10.2
dart 2.13.4
docbook 5.1_1
docbook-xsl 1.79.2_1
double-conversion 3.1.5_1
flow 0.158.0
fmt 8.0.1
folly 2021.08.02.00_1
fontconfig 2.13.1
freetype 2.11.0
fvm 2.2.3
gdbm 1.20
gettext 0.21
gflags 2.2.2
ghostscript 9.54.0
git 2.33.0
git-lfs 2.13.3
glib 2.68.4
glog 0.5.0
gmp 6.2.1
gnu-getopt 2.37.2
gnutls 3.6.16
go 1.16.6
gradle 7.2
guile 3.0.7
icu4c 69.1
imagemagick 7.1.0-5
imath 3.1.2
jbig2dec 0.19
jemalloc 5.2.1_1
jenv 0.5.4
jpeg 9d
jq 1.6
libde265 1.0.8
libev 4.33
libevent 2.1.12
libffi 3.3_3
libheif 1.12.0
libidn 1.38
libidn2 2.3.2
liblqr 0.4.2_1
libomp 12.0.1
libpng 1.6.37
libtasn1 4.17.0
libtiff 4.3.0
libtool 2.4.6_4
libunistring 0.9.10
libuv 1.42.0
libyaml 0.2.5
little-cms2 2.12
lz4 1.9.3
m4 1.4.19
macos-term-size 1.0.0
maven 3.8.2
mercurial 5.9
mpdecimal 2.5.1
nettle 3.7.3
nghttp2 1.44.0
node 16.7.0
node@12 12.22.5
oniguruma 6.9.7.1
openconnect 8.10
openexr 3.1.1
openjdk 16.0.2
openjpeg 2.4.0
openssl@1.1 1.1.1k
p11-kit 0.24.0
pcre 8.45
pcre2 10.37_1
pkg-config 0.29.2_3
python@3.9 3.9.6
rbenv 1.1.2
readline 8.1
ruby-build 20210804
screen 4.8.0
shared-mime-info 2.1
six 1.16.0_1
snappy 1.1.9
sqlite 3.36.0
stoken 0.92_1
tree 1.8.0
unbound 1.13.2
watchman 2021.08.02.00_1
webp 1.2.1
wget 1.21.1_1
x265 3.5
xmlto 0.0.28
xz 5.2.5
yarn 1.22.11
zstd 1.5.0
========================================


=== Brew deps tree ==================
adoptopenjdk/openjdk/adoptopenjdk11

adoptopenjdk/openjdk/adoptopenjdk8

ansible
├── libyaml
├── openssl@1.1
└── python@3.9
    ├── gdbm
    ├── mpdecimal
    ├── openssl@1.1
    ├── readline
    ├── sqlite
    │   └── readline
    └── xz

ant
└── openjdk

aom

wix/brew/applesimutils

autoconf
└── m4

awscli
├── python@3.9
│   ├── gdbm
│   ├── mpdecimal
│   ├── openssl@1.1
│   ├── readline
│   ├── sqlite
│   │   └── readline
│   └── xz
└── six

bdw-gc

boost
└── icu4c

brotli

c-ares

carthage

cmake

coreutils

danger/tap/danger-js

danger/tap/danger-swift
└── danger/tap/danger-js

dart-lang/dart/dart

docbook

docbook-xsl
└── docbook

double-conversion

flow

fmt

folly
├── boost
│   └── icu4c
├── double-conversion
├── fmt
├── gflags
├── glog
│   └── gflags
├── libevent
│   └── openssl@1.1
├── lz4
├── openssl@1.1
├── snappy
├── xz
└── zstd

fontconfig
└── freetype
    └── libpng

freetype
└── libpng

leoafarias/fvm/fvm

gdbm

gettext

gflags

ghostscript
├── fontconfig
│   └── freetype
│       └── libpng
├── freetype
│   └── libpng
├── jbig2dec
├── jpeg
├── libidn
├── libpng
├── libtiff
│   └── jpeg
├── little-cms2
│   ├── jpeg
│   └── libtiff
│       └── jpeg
└── openjpeg
    ├── libpng
    ├── libtiff
    │   └── jpeg
    └── little-cms2
        ├── jpeg
        └── libtiff
            └── jpeg

git
├── gettext
└── pcre2

git-lfs

glib
├── gettext
├── libffi
├── pcre
└── python@3.9
    ├── gdbm
    ├── mpdecimal
    ├── openssl@1.1
    ├── readline
    ├── sqlite
    │   └── readline
    └── xz

glog
└── gflags

gmp

gnu-getopt

gnutls
├── gmp
├── guile
│   ├── bdw-gc
│   ├── gmp
│   ├── libffi
│   ├── libtool
│   │   └── m4
│   ├── libunistring
│   ├── pkg-config
│   └── readline
├── libidn2
│   ├── gettext
│   └── libunistring
├── libtasn1
├── libunistring
├── nettle
│   └── gmp
├── p11-kit
│   └── libffi
└── unbound
    ├── libevent
    │   └── openssl@1.1
    ├── nghttp2
    │   ├── c-ares
    │   ├── jemalloc
    │   ├── libev
    │   └── openssl@1.1
    └── openssl@1.1

go

gradle
└── openjdk

guile
├── bdw-gc
├── gmp
├── libffi
├── libtool
│   └── m4
├── libunistring
├── pkg-config
└── readline

icu4c

imagemagick
├── freetype
│   └── libpng
├── ghostscript
│   ├── fontconfig
│   │   └── freetype
│   │       └── libpng
│   ├── freetype
│   │   └── libpng
│   ├── jbig2dec
│   ├── jpeg
│   ├── libidn
│   ├── libpng
│   ├── libtiff
│   │   └── jpeg
│   ├── little-cms2
│   │   ├── jpeg
│   │   └── libtiff
│   │       └── jpeg
│   └── openjpeg
│       ├── libpng
│       ├── libtiff
│       │   └── jpeg
│       └── little-cms2
│           ├── jpeg
│           └── libtiff
│               └── jpeg
├── jpeg
├── libheif
│   ├── aom
│   ├── jpeg
│   ├── libde265
│   ├── libpng
│   ├── shared-mime-info
│   │   ├── gettext
│   │   ├── glib
│   │   │   ├── gettext
│   │   │   ├── libffi
│   │   │   ├── pcre
│   │   │   └── python@3.9
│   │   │       ├── gdbm
│   │   │       ├── mpdecimal
│   │   │       ├── openssl@1.1
│   │   │       ├── readline
│   │   │       ├── sqlite
│   │   │       │   └── readline
│   │   │       └── xz
│   │   └── xmlto
│   │       ├── docbook
│   │       ├── docbook-xsl
│   │       │   └── docbook
│   │       └── gnu-getopt
│   └── x265
├── liblqr
│   └── glib
│       ├── gettext
│       ├── libffi
│       ├── pcre
│       └── python@3.9
│           ├── gdbm
│           ├── mpdecimal
│           ├── openssl@1.1
│           ├── readline
│           ├── sqlite
│           │   └── readline
│           └── xz
├── libomp
├── libpng
├── libtiff
│   └── jpeg
├── libtool
│   └── m4
├── little-cms2
│   ├── jpeg
│   └── libtiff
│       └── jpeg
├── openexr
│   └── imath
├── openjpeg
│   ├── libpng
│   ├── libtiff
│   │   └── jpeg
│   └── little-cms2
│       ├── jpeg
│       └── libtiff
│           └── jpeg
├── webp
│   ├── jpeg
│   ├── libpng
│   └── libtiff
│       └── jpeg
└── xz

imath

intel-haxm

jbig2dec

jemalloc

jenv

jpeg

jq
└── oniguruma

libde265

libev

libevent
└── openssl@1.1

libffi

libheif
├── aom
├── jpeg
├── libde265
├── libpng
├── shared-mime-info
│   ├── gettext
│   ├── glib
│   │   ├── gettext
│   │   ├── libffi
│   │   ├── pcre
│   │   └── python@3.9
│   │       ├── gdbm
│   │       ├── mpdecimal
│   │       ├── openssl@1.1
│   │       ├── readline
│   │       ├── sqlite
│   │       │   └── readline
│   │       └── xz
│   └── xmlto
│       ├── docbook
│       ├── docbook-xsl
│       │   └── docbook
│       └── gnu-getopt
└── x265

libidn

libidn2
├── gettext
└── libunistring

liblqr
└── glib
    ├── gettext
    ├── libffi
    ├── pcre
    └── python@3.9
        ├── gdbm
        ├── mpdecimal
        ├── openssl@1.1
        ├── readline
        ├── sqlite
        │   └── readline
        └── xz

libomp

libpng

libtasn1

libtiff
└── jpeg

libtool
└── m4

libunistring

libuv

libyaml

little-cms2
├── jpeg
└── libtiff
    └── jpeg

lz4

m4

macos-term-size

maven
└── openjdk

mercurial
└── python@3.9
    ├── gdbm
    ├── mpdecimal
    ├── openssl@1.1
    ├── readline
    ├── sqlite
    │   └── readline
    └── xz

mpdecimal

nettle
└── gmp

nghttp2
├── c-ares
├── jemalloc
├── libev
└── openssl@1.1

node
├── brotli
├── c-ares
├── icu4c
├── libuv
├── nghttp2
│   ├── c-ares
│   ├── jemalloc
│   ├── libev
│   └── openssl@1.1
└── openssl@1.1

node@12
├── icu4c
└── macos-term-size

oniguruma

openconnect
├── gettext
├── gnutls
│   ├── gmp
│   ├── guile
│   │   ├── bdw-gc
│   │   ├── gmp
│   │   ├── libffi
│   │   ├── libtool
│   │   │   └── m4
│   │   ├── libunistring
│   │   ├── pkg-config
│   │   └── readline
│   ├── libidn2
│   │   ├── gettext
│   │   └── libunistring
│   ├── libtasn1
│   ├── libunistring
│   ├── nettle
│   │   └── gmp
│   ├── p11-kit
│   │   └── libffi
│   └── unbound
│       ├── libevent
│       │   └── openssl@1.1
│       ├── nghttp2
│       │   ├── c-ares
│       │   ├── jemalloc
│       │   ├── libev
│       │   └── openssl@1.1
│       └── openssl@1.1
└── stoken
    └── nettle
        └── gmp

openexr
└── imath

openjdk

openjpeg
├── libpng
├── libtiff
│   └── jpeg
└── little-cms2
    ├── jpeg
    └── libtiff
        └── jpeg

openssl@1.1

p11-kit
└── libffi

pcre

pcre2

pkg-config

python@3.9
├── gdbm
├── mpdecimal
├── openssl@1.1
├── readline
├── sqlite
│   └── readline
└── xz

rbenv
└── ruby-build
    ├── autoconf
    │   └── m4
    ├── pkg-config
    └── readline

readline

ruby-build
├── autoconf
│   └── m4
├── pkg-config
└── readline

screen

shared-mime-info
├── gettext
├── glib
│   ├── gettext
│   ├── libffi
│   ├── pcre
│   └── python@3.9
│       ├── gdbm
│       ├── mpdecimal
│       ├── openssl@1.1
│       ├── readline
│       ├── sqlite
│       │   └── readline
│       └── xz
└── xmlto
    ├── docbook
    ├── docbook-xsl
    │   └── docbook
    └── gnu-getopt

six

snappy

sqlite
└── readline

stoken
└── nettle
    └── gmp

tree

unbound
├── libevent
│   └── openssl@1.1
├── nghttp2
│   ├── c-ares
│   ├── jemalloc
│   ├── libev
│   └── openssl@1.1
└── openssl@1.1

watchman
├── boost
│   └── icu4c
├── fmt
├── folly
│   ├── boost
│   │   └── icu4c
│   ├── double-conversion
│   ├── fmt
│   ├── gflags
│   ├── glog
│   │   └── gflags
│   ├── libevent
│   │   └── openssl@1.1
│   ├── lz4
│   ├── openssl@1.1
│   ├── snappy
│   ├── xz
│   └── zstd
├── gflags
├── glog
│   └── gflags
├── libevent
│   └── openssl@1.1
├── openssl@1.1
├── pcre
└── python@3.9
    ├── gdbm
    ├── mpdecimal
    ├── openssl@1.1
    ├── readline
    ├── sqlite
    │   └── readline
    └── xz

webp
├── jpeg
├── libpng
└── libtiff
    └── jpeg

wget
├── libidn2
│   ├── gettext
│   └── libunistring
└── openssl@1.1

x265

xmlto
├── docbook
├── docbook-xsl
│   └── docbook
└── gnu-getopt

xz

yarn
└── node
    ├── brotli
    ├── c-ares
    ├── icu4c
    ├── libuv
    ├── nghttp2
    │   ├── c-ares
    │   ├── jemalloc
    │   ├── libev
    │   └── openssl@1.1
    └── openssl@1.1

zstd

========================================


=== Ruby and rubygems ==================
* Ruby (default): ruby 2.6.5p114 (2019-10-01 revision 67812) [x86_64-darwin20]
--- Available ruby versions ---
  system
  2.4.5
  2.5.3
* 2.6.5 (set by /Users/vagrant/.rbenv/version)
  2.7.2
  3.0.0
-------------------------------
* rbenv: 1.1.2
* Rubygems: 3.0.3
* Bundler: Bundler version 2.1.4
* CocoaPods: 1.10.1
* xcpretty: 0.3.0
========================================


=== All Ruby GEMs ======================
activesupport (5.2.6)
addressable (2.8.0)
algoliasearch (1.27.5)
artifactory (3.0.15)
atomos (0.1.3)
aws-eventstream (1.1.1)
aws-partitions (1.492.0)
aws-sdk-core (3.119.1)
aws-sdk-kms (1.47.0)
aws-sdk-s3 (1.100.0)
aws-sigv4 (1.2.4)
babosa (1.0.4)
bigdecimal (default: 1.4.1)
bundler (2.1.4, default: 1.17.2)
CFPropertyList (3.0.3)
claide (1.0.3)
clamp (1.3.2)
cmath (default: 1.0.0)
cocoapods (1.10.1)
cocoapods-core (1.10.1)
cocoapods-deintegrate (1.0.5)
cocoapods-downloader (1.5.0)
cocoapods-plugins (1.0.0)
cocoapods-search (1.0.1)
cocoapods-trunk (1.6.0)
cocoapods-try (1.2.0)
colored (1.2)
colored2 (3.1.2)
commander (4.6.0)
concurrent-ruby (1.1.9)
csv (default: 3.0.9)
date (default: 2.0.0)
dbm (default: 1.0.0)
declarative (0.0.20)
did_you_mean (1.3.0)
digest-crc (0.6.4)
domain_name (0.5.20190701)
dotenv (2.7.6)
e2mmap (default: 0.1.0)
emoji_regex (3.2.2)
escape (0.0.4)
etc (default: 1.0.1)
ethon (0.14.0)
excon (0.85.0)
faraday (1.7.1)
faraday-cookie_jar (0.0.7)
faraday-em_http (1.0.0)
faraday-em_synchrony (1.0.0)
faraday-excon (1.1.0)
faraday-httpclient (1.0.1)
faraday-net_http (1.0.1)
faraday-net_http_persistent (1.2.0)
faraday-patron (1.0.0)
faraday-rack (1.0.0)
faraday_middleware (1.1.0)
fastimage (2.2.5)
fastlane (2.192.0)
fcntl (default: 1.0.0)
ffi (1.15.4)
fiddle (default: 1.0.0)
fileutils (default: 1.1.0)
forwardable (default: 1.2.0)
fourflusher (2.3.1)
fuzzy_match (2.0.4)
gh_inspector (1.1.3)
google-apis-androidpublisher_v3 (0.10.0)
google-apis-core (0.4.1)
google-apis-iamcredentials_v1 (0.7.0)
google-apis-playcustomapp_v1 (0.5.0)
google-apis-storage_v1 (0.6.0)
google-cloud-core (1.6.0)
google-cloud-env (1.5.0)
google-cloud-errors (1.1.0)
google-cloud-storage (1.34.1)
googleauth (0.17.0)
highline (2.0.3)
http-cookie (1.0.4)
httpclient (2.8.3)
i18n (1.8.10)
io-console (default: 0.4.7)
ipaddr (default: 1.2.2)
irb (default: 1.0.0)
jazzy (0.13.6)
jmespath (1.4.0)
json (default: 2.1.0)
jwt (2.2.3)
liferaft (0.0.6)
logger (default: 1.3.0)
matrix (default: 0.1.0)
memoist (0.16.2)
mini_magick (4.11.0)
mini_mime (1.1.1)
minitest (5.11.3)
molinillo (0.6.6)
multi_json (1.15.0)
multipart-post (2.0.0)
mustache (1.1.1)
mutex_m (default: 0.1.0)
nanaimo (0.3.0)
nap (1.1.0)
naturally (2.2.1)
net-telnet (0.2.0)
netrc (0.11.0)
nokogiri (1.12.4 x86_64-darwin)
open4 (1.3.4)
openssl (default: 2.1.2)
optparse (0.1.1)
os (1.1.1)
ostruct (default: 0.1.0)
plist (3.6.0)
power_assert (1.1.3)
prime (default: 0.1.0)
psych (default: 3.1.0)
public_suffix (4.0.6)
racc (1.5.2)
rake (12.3.2)
rdoc (default: 6.1.2)
redcarpet (3.5.1)
representable (3.1.1)
retriable (3.1.2)
rexml (3.2.5, default: 3.1.9)
rouge (2.0.7)
rss (default: 0.2.7)
ruby-macho (1.4.0)
ruby2_keywords (0.0.5)
rubyzip (2.3.2)
sassc (2.4.0)
scanf (default: 1.0.0)
sdbm (default: 1.0.0)
security (0.1.3)
shell (default: 0.7)
signet (0.15.0)
simctl (1.6.8)
slack-notifier (2.4.0)
slather (2.5.0)
sqlite3 (1.4.2)
stringio (default: 0.0.2)
strscan (default: 1.0.0)
sync (default: 0.5.0)
terminal-notifier (2.0.0)
terminal-table (1.8.0)
test-unit (3.2.9)
thread_safe (0.3.6)
thwait (default: 0.1.0)
tracer (default: 0.1.0)
trailblazer-option (0.1.1)
trainer (0.9.1)
tty-cursor (0.7.1)
tty-screen (0.8.1)
tty-spinner (0.9.3)
typhoeus (1.4.0)
tzinfo (1.2.9)
uber (0.1.0)
unf (0.1.4)
unf_ext (0.0.7.7)
unicode-display_width (1.7.0)
webrick (default: 1.4.2)
word_wrap (1.0.0)
xcinvoke (0.3.0)
xcode-install (2.7.0)
xcodeproj (1.21.0)
xcov (1.7.5)
xcpretty (0.3.0)
xcpretty-json-formatter (0.1.1)
xcpretty-travis-formatter (1.0.1)
xcresult (0.2.1)
xmlrpc (0.3.0)
zlib (default: 1.0.0)
========================================


=== NPM global packages ==========================
* Cordova: 9.0.0 (cordova-lib@9.0.1)
* Ionic: 6.11.12
* Appcenter-CLI version: 2.9.0
========================================


=== Checking Xcode CLT dirs ============

 * ls -1 /Library/Developer/CommandLineTools/SDKs/MacOSX10.15.sdk/usr/include/CommonCrypto
CommonCrypto.h
CommonCryptoError.h
CommonCryptor.h
CommonDigest.h
CommonHMAC.h
CommonKeyDerivation.h
CommonRandom.h
CommonSymmetricKeywrap.h
module.modulemap

 * ls -1 /Library/Developer/CommandLineTools/
Library
SDKs
usr

 * /Library/Developer/CommandLineTools/usr/bin/swift --version
Apple Swift version 5.4 (swiftlang-1205.0.26.9 clang-1205.0.19.55)
Target: x86_64-apple-darwin20.6.0

========================================


=== Xcode ==============================

* Active Xcode Command Line Tools:
/Applications/Xcode-12.5.1.app/Contents/Developer

* Xcode Version:
Xcode 12.5.1
Build version 12E507

* /usr/bin/swift --version
Apple Swift version 5.4.2 (swiftlang-1205.0.28.2 clang-1205.0.19.57)
Target: x86_64-apple-darwin20.6.0

* Installed SDKs:
iOS SDKs:
	iOS 14.5                      	-sdk iphoneos14.5

iOS Simulator SDKs:
	Simulator - iOS 14.5          	-sdk iphonesimulator14.5

macOS SDKs:
	DriverKit 20.4                	-sdk driverkit.macosx20.4
	macOS 11.3                    	-sdk macosx11.3

tvOS SDKs:
	tvOS 14.5                     	-sdk appletvos14.5

tvOS Simulator SDKs:
	Simulator - tvOS 14.5         	-sdk appletvsimulator14.5

watchOS SDKs:
	watchOS 7.4                   	-sdk watchos7.4

watchOS Simulator SDKs:
	Simulator - watchOS 7.4       	-sdk watchsimulator7.4


* Available Simulators:
== Device Types ==
iPhone 4s (com.apple.CoreSimulator.SimDeviceType.iPhone-4s)
iPhone 5 (com.apple.CoreSimulator.SimDeviceType.iPhone-5)
iPhone 5s (com.apple.CoreSimulator.SimDeviceType.iPhone-5s)
iPhone 6 Plus (com.apple.CoreSimulator.SimDeviceType.iPhone-6-Plus)
iPhone 6 (com.apple.CoreSimulator.SimDeviceType.iPhone-6)
iPhone 6s (com.apple.CoreSimulator.SimDeviceType.iPhone-6s)
iPhone 6s Plus (com.apple.CoreSimulator.SimDeviceType.iPhone-6s-Plus)
iPhone SE (1st generation) (com.apple.CoreSimulator.SimDeviceType.iPhone-SE)
iPhone 7 (com.apple.CoreSimulator.SimDeviceType.iPhone-7)
iPhone 7 Plus (com.apple.CoreSimulator.SimDeviceType.iPhone-7-Plus)
iPhone 8 (com.apple.CoreSimulator.SimDeviceType.iPhone-8)
iPhone 8 Plus (com.apple.CoreSimulator.SimDeviceType.iPhone-8-Plus)
iPhone X (com.apple.CoreSimulator.SimDeviceType.iPhone-X)
iPhone Xs (com.apple.CoreSimulator.SimDeviceType.iPhone-XS)
iPhone Xs Max (com.apple.CoreSimulator.SimDeviceType.iPhone-XS-Max)
iPhone Xʀ (com.apple.CoreSimulator.SimDeviceType.iPhone-XR)
iPhone 11 (com.apple.CoreSimulator.SimDeviceType.iPhone-11)
iPhone 11 Pro (com.apple.CoreSimulator.SimDeviceType.iPhone-11-Pro)
iPhone 11 Pro Max (com.apple.CoreSimulator.SimDeviceType.iPhone-11-Pro-Max)
iPhone SE (2nd generation) (com.apple.CoreSimulator.SimDeviceType.iPhone-SE--2nd-generation-)
iPhone 12 mini (com.apple.CoreSimulator.SimDeviceType.iPhone-12-mini)
iPhone 12 (com.apple.CoreSimulator.SimDeviceType.iPhone-12)
iPhone 12 Pro (com.apple.CoreSimulator.SimDeviceType.iPhone-12-Pro)
iPhone 12 Pro Max (com.apple.CoreSimulator.SimDeviceType.iPhone-12-Pro-Max)
iPod touch (7th generation) (com.apple.CoreSimulator.SimDeviceType.iPod-touch--7th-generation-)
iPad 2 (com.apple.CoreSimulator.SimDeviceType.iPad-2)
iPad Retina (com.apple.CoreSimulator.SimDeviceType.iPad-Retina)
iPad Air (com.apple.CoreSimulator.SimDeviceType.iPad-Air)
iPad mini 2 (com.apple.CoreSimulator.SimDeviceType.iPad-mini-2)
iPad mini 3 (com.apple.CoreSimulator.SimDeviceType.iPad-mini-3)
iPad mini 4 (com.apple.CoreSimulator.SimDeviceType.iPad-mini-4)
iPad Air 2 (com.apple.CoreSimulator.SimDeviceType.iPad-Air-2)
iPad Pro (9.7-inch) (com.apple.CoreSimulator.SimDeviceType.iPad-Pro--9-7-inch-)
iPad Pro (12.9-inch) (1st generation) (com.apple.CoreSimulator.SimDeviceType.iPad-Pro)
iPad (5th generation) (com.apple.CoreSimulator.SimDeviceType.iPad--5th-generation-)
iPad Pro (12.9-inch) (2nd generation) (com.apple.CoreSimulator.SimDeviceType.iPad-Pro--12-9-inch---2nd-generation-)
iPad Pro (10.5-inch) (com.apple.CoreSimulator.SimDeviceType.iPad-Pro--10-5-inch-)
iPad (6th generation) (com.apple.CoreSimulator.SimDeviceType.iPad--6th-generation-)
iPad (7th generation) (com.apple.CoreSimulator.SimDeviceType.iPad--7th-generation-)
iPad Pro (11-inch) (1st generation) (com.apple.CoreSimulator.SimDeviceType.iPad-Pro--11-inch-)
iPad Pro (12.9-inch) (3rd generation) (com.apple.CoreSimulator.SimDeviceType.iPad-Pro--12-9-inch---3rd-generation-)
iPad Pro (11-inch) (2nd generation) (com.apple.CoreSimulator.SimDeviceType.iPad-Pro--11-inch---2nd-generation-)
iPad Pro (12.9-inch) (4th generation) (com.apple.CoreSimulator.SimDeviceType.iPad-Pro--12-9-inch---4th-generation-)
iPad mini (5th generation) (com.apple.CoreSimulator.SimDeviceType.iPad-mini--5th-generation-)
iPad Air (3rd generation) (com.apple.CoreSimulator.SimDeviceType.iPad-Air--3rd-generation-)
iPad (8th generation) (com.apple.CoreSimulator.SimDeviceType.iPad--8th-generation-)
iPad Air (4th generation) (com.apple.CoreSimulator.SimDeviceType.iPad-Air--4th-generation-)
iPad Pro (11-inch) (3rd generation) (com.apple.CoreSimulator.SimDeviceType.iPad-Pro-11-inch-3rd-generation)
iPad Pro (12.9-inch) (5th generation) (com.apple.CoreSimulator.SimDeviceType.iPad-Pro-12-9-inch-5th-generation)
Apple TV (com.apple.CoreSimulator.SimDeviceType.Apple-TV-1080p)
Apple TV 4K (com.apple.CoreSimulator.SimDeviceType.Apple-TV-4K-4K)
Apple TV 4K (at 1080p) (com.apple.CoreSimulator.SimDeviceType.Apple-TV-4K-1080p)
Apple TV 4K (2nd generation) (com.apple.CoreSimulator.SimDeviceType.Apple-TV-4K-2nd-generation-4K)
Apple TV 4K (at 1080p) (2nd generation) (com.apple.CoreSimulator.SimDeviceType.Apple-TV-4K-2nd-generation-1080p)
Apple Watch - 38mm (com.apple.CoreSimulator.SimDeviceType.Apple-Watch-38mm)
Apple Watch - 42mm (com.apple.CoreSimulator.SimDeviceType.Apple-Watch-42mm)
Apple Watch Series 2 - 38mm (com.apple.CoreSimulator.SimDeviceType.Apple-Watch-Series-2-38mm)
Apple Watch Series 2 - 42mm (com.apple.CoreSimulator.SimDeviceType.Apple-Watch-Series-2-42mm)
Apple Watch Series 3 - 38mm (com.apple.CoreSimulator.SimDeviceType.Apple-Watch-Series-3-38mm)
Apple Watch Series 3 - 42mm (com.apple.CoreSimulator.SimDeviceType.Apple-Watch-Series-3-42mm)
Apple Watch Series 4 - 40mm (com.apple.CoreSimulator.SimDeviceType.Apple-Watch-Series-4-40mm)
Apple Watch Series 4 - 44mm (com.apple.CoreSimulator.SimDeviceType.Apple-Watch-Series-4-44mm)
Apple Watch Series 5 - 40mm (com.apple.CoreSimulator.SimDeviceType.Apple-Watch-Series-5-40mm)
Apple Watch Series 5 - 44mm (com.apple.CoreSimulator.SimDeviceType.Apple-Watch-Series-5-44mm)
Apple Watch SE - 40mm (com.apple.CoreSimulator.SimDeviceType.Apple-Watch-SE-40mm)
Apple Watch SE - 44mm (com.apple.CoreSimulator.SimDeviceType.Apple-Watch-SE-44mm)
Apple Watch Series 6 - 40mm (com.apple.CoreSimulator.SimDeviceType.Apple-Watch-Series-6-40mm)
Apple Watch Series 6 - 44mm (com.apple.CoreSimulator.SimDeviceType.Apple-Watch-Series-6-44mm)
== Runtimes ==
iOS 13.7 (13.7 - 17H22) - com.apple.CoreSimulator.SimRuntime.iOS-13-7
iOS 14.2 (14.2 - 18B79) - com.apple.CoreSimulator.SimRuntime.iOS-14-2
iOS 14.3 (14.3 - 18C61) - com.apple.CoreSimulator.SimRuntime.iOS-14-3
iOS 14.4 (14.4 - 18D46) - com.apple.CoreSimulator.SimRuntime.iOS-14-4
iOS 14.5 (14.5 - 18E182) - com.apple.CoreSimulator.SimRuntime.iOS-14-5
tvOS 13.4 (13.4 - 17L255) - com.apple.CoreSimulator.SimRuntime.tvOS-13-4
tvOS 14.4 (14.4 - 18K802) - com.apple.CoreSimulator.SimRuntime.tvOS-14-4
tvOS 14.5 (14.5 - 18L191) - com.apple.CoreSimulator.SimRuntime.tvOS-14-5
watchOS 6.2 (6.2.1 - 17T531) - com.apple.CoreSimulator.SimRuntime.watchOS-6-2
watchOS 7.1 (7.1 - 18R579) - com.apple.CoreSimulator.SimRuntime.watchOS-7-1
watchOS 7.2 (7.2 - 18S561) - com.apple.CoreSimulator.SimRuntime.watchOS-7-2
watchOS 7.4 (7.4 - 18T187) - com.apple.CoreSimulator.SimRuntime.watchOS-7-4
== Devices ==
-- iOS 13.7 --
    iPhone 8 (C1EFBFB8-F08E-450D-BA62-1030FA0CA4F4) (Shutdown) 
    iPhone 8 Plus (37D892D8-5667-4775-9873-802B3D523937) (Shutdown) 
    iPhone 11 (046FA550-A7E4-4423-944E-0EB3619AC287) (Shutdown) 
    iPhone 11 Pro (E67BA41E-DAF8-4857-9A24-F3D19346AE37) (Shutdown) 
    iPhone 11 Pro Max (5252FF40-F412-457A-B017-158D8D7C255F) (Shutdown) 
    iPhone SE (2nd generation) (AF09314B-D994-4B49-BBDE-51222DCAEA4B) (Shutdown) 
    iPad Pro (9.7-inch) (123D3E74-1D5D-417A-B1A2-3154FFE17A17) (Shutdown) 
    iPad (7th generation) (DE3EB979-FA62-4A11-82FD-99B92628C200) (Shutdown) 
    iPad Pro (11-inch) (2nd generation) (1E394118-2C15-401A-B6D6-9A1F4BAAD041) (Shutdown) 
    iPad Pro (12.9-inch) (4th generation) (C9F7F1C2-F33E-45DA-8D98-F9EE996B42AB) (Shutdown) 
    iPad Air (3rd generation) (F8429DBD-E6C2-4B13-ABB6-822A68883B6F) (Shutdown) 
-- iOS 14.2 --
    iPhone 8 (90321E57-4475-417C-8CFC-B4E188FEC7C9) (Shutdown) 
    iPhone 8 Plus (DC3D4482-EB84-4795-9256-82BF4B378DA0) (Shutdown) 
    iPhone 11 (33A9AEE6-C70C-43C0-93D5-C9E0E85A55B5) (Shutdown) 
    iPhone 11 Pro (C0D8EEC7-1256-4C55-A0C2-459B6197CB8D) (Shutdown) 
    iPhone 11 Pro Max (F5037850-16F8-4737-8AA0-9D6D83A60385) (Shutdown) 
    iPhone SE (2nd generation) (9E3C9480-BF2D-4BB4-8B2B-53308C8154D1) (Shutdown) 
    iPhone 12 mini (4FFD4232-DC74-4A26-B9CA-73E09367ABC3) (Shutdown) 
    iPhone 12 (3FAB03DA-92E5-47D1-A642-A78379ABA927) (Shutdown) 
    iPhone 12 Pro (B9D144FD-9796-4EFA-9DF5-D5C680D69069) (Shutdown) 
    iPhone 12 Pro Max (E49377C9-9FD8-4E43-96AE-D546D149AA01) (Shutdown) 
    iPod touch (7th generation) (D55CC6DB-822C-4F46-8936-0D41867B2306) (Shutdown) 
    iPad Pro (9.7-inch) (24F2C8C8-AC3A-4010-BC3B-1D57F5156321) (Shutdown) 
    iPad Pro (11-inch) (2nd generation) (839CA19C-9B83-4C9C-A54C-846593D5F3FA) (Shutdown) 
    iPad Pro (12.9-inch) (4th generation) (32198673-31C2-491F-8AF6-58DCC488EEB0) (Shutdown) 
    iPad (8th generation) (1636ED00-6772-46FE-997E-D1BD44DC2F2C) (Shutdown) 
    iPad Air (4th generation) (B717294A-6C06-496E-AFB2-ABF4D9270B2F) (Shutdown) 
-- iOS 14.3 --
    iPhone 8 (03E9C462-90EB-4E52-ACF1-140C5907F2C4) (Shutdown) 
    iPhone 8 Plus (04CB1157-3973-4619-962C-AA012282C4BE) (Shutdown) 
    iPhone 11 (5254A95C-138C-47CD-B421-2615466D37E2) (Shutdown) 
    iPhone 11 Pro (9C229AF2-5C16-4F38-A512-3BCA2D7119B7) (Shutdown) 
    iPhone 11 Pro Max (7F19705B-0D78-4F9F-8E3F-669D5038DFB2) (Shutdown) 
    iPhone SE (2nd generation) (E1EA193F-4498-4053-A22C-B9E2F177F565) (Shutdown) 
    iPhone 12 mini (4DCD4AE8-470E-4A0A-A9CF-78CAA270C795) (Shutdown) 
    iPhone 12 (0125D2F5-7A5E-47A4-9776-48B1FE84CA77) (Shutdown) 
    iPhone 12 Pro (F6106EA0-7BA7-4A89-9376-00AB468BF4D2) (Shutdown) 
    iPhone 12 Pro Max (E8CF83BF-B6F1-4BA3-958A-01B9B556C835) (Shutdown) 
    iPod touch (7th generation) (6975FA63-83A8-4FBD-83AC-76222DB90563) (Shutdown) 
    iPad Pro (9.7-inch) (2A9DF8AE-33F3-4990-BC01-BE0D8B080B9F) (Shutdown) 
    iPad Pro (11-inch) (2nd generation) (39ABE350-D901-4ECD-820A-3C1E2038352B) (Shutdown) 
    iPad Pro (12.9-inch) (4th generation) (56B17890-9E50-489F-84C0-6FBC4C3C2229) (Shutdown) 
    iPad (8th generation) (0277D42F-FC64-41C8-870E-422BC3486D8F) (Shutdown) 
    iPad Air (4th generation) (82753386-4710-44F8-91FB-A80C498B5B22) (Shutdown) 
-- iOS 14.4 --
    iPhone 8 (8E122810-50E6-4B8B-9BF6-2A03DF3BE0B2) (Shutdown) 
    iPhone 8 Plus (A3DD22EB-BD9D-4A2B-9408-22D345F0DC74) (Shutdown) 
    iPhone 11 (241AE1B6-66CA-4581-A744-52C717930368) (Shutdown) 
    iPhone 11 Pro (B68CE2DF-482F-4A46-931B-22BE1DD19786) (Shutdown) 
    iPhone 11 Pro Max (984CF28D-5701-483D-AD6F-85AB7AE956DF) (Shutdown) 
    iPhone SE (2nd generation) (B70A9225-73FC-438B-B58F-8FF5EC714EF0) (Shutdown) 
    iPhone 12 mini (14BEF2E4-48AA-491A-B521-24D92975E7BC) (Shutdown) 
    iPhone 12 (E20AD71F-E909-4B4B-BD38-54431F2D95D9) (Shutdown) 
    iPhone 12 Pro (A350E107-5DE0-4D97-B80E-9A63A835D427) (Shutdown) 
    iPhone 12 Pro Max (6313CE61-BB27-45E5-804D-0A1E623110E6) (Shutdown) 
    iPod touch (7th generation) (F2C7D4CF-214A-42C5-9AF2-CEFC94C6CA53) (Shutdown) 
    iPad Pro (9.7-inch) (504BF647-5F66-48A0-B78D-93DBD2ABF360) (Shutdown) 
    iPad Pro (11-inch) (2nd generation) (B0DC98CE-0788-4A4D-929C-F4170B524BBD) (Shutdown) 
    iPad Pro (12.9-inch) (4th generation) (05723612-996D-4E44-90D5-B661D57B28FB) (Shutdown) 
    iPad (8th generation) (95E5E57F-3080-429F-96B2-66D8B18CD0C4) (Shutdown) 
    iPad Air (4th generation) (769052F0-F455-424B-A52B-92BCCD5FBEC3) (Shutdown) 
-- iOS 14.5 --
    iPhone 8 (BA859142-49D8-42C3-B2D7-2B661531D6D9) (Shutdown) 
    iPhone 8 Plus (05B31B2B-1C02-4361-BD54-CF6228744AB5) (Shutdown) 
    iPhone 11 (E257A20C-8F5C-467C-A4A5-34099A9BDD43) (Shutdown) 
    iPhone 11 Pro (8E119269-69F5-4F6F-8281-B60D28309FDC) (Shutdown) 
    iPhone 11 Pro Max (39D208F1-D383-4392-BDA6-A850E52A7AFE) (Shutdown) 
    iPhone SE (2nd generation) (3FEE8242-43A0-48E4-9C70-A9D72BD356C6) (Shutdown) 
    iPhone 12 mini (CDFF3511-CE7C-4DD5-80EF-6DF7E04251F0) (Shutdown) 
    iPhone 12 (2A70940B-1A19-41BC-8707-CD06B7BA59C7) (Shutdown) 
    iPhone 12 Pro (5E385E7B-34B9-4726-8879-CDB036118CE7) (Shutdown) 
    iPhone 12 Pro Max (92387BA7-D02C-4F70-A0FE-AE35705DAEB6) (Shutdown) 
    iPod touch (7th generation) (95D122A2-DA96-46AF-B0B3-CED400D207CF) (Shutdown) 
    iPad Pro (9.7-inch) (88EE91C9-EFBD-4271-8882-13DB57CA31C1) (Shutdown) 
    iPad (8th generation) (C13E1BE0-7707-456B-8484-1BD767D2DD0F) (Shutdown) 
    iPad Air (4th generation) (1F7C22A0-F682-4050-B73E-CA5720E02211) (Shutdown) 
    iPad Pro (11-inch) (3rd generation) (1A6A7825-0B26-4291-B909-D149B679777C) (Shutdown) 
    iPad Pro (12.9-inch) (5th generation) (E457B0BC-1948-4225-A78E-611F7B030A85) (Shutdown) 
-- tvOS 13.4 --
    Apple TV (BB54F18C-5907-4257-87A9-E2D9947D32AA) (Shutdown) 
    Apple TV 4K (657B9423-624A-4803-B76A-A3AA98393ECB) (Shutdown) 
    Apple TV 4K (at 1080p) (79904E5D-7F20-4908-AB8A-3CC05F93324A) (Shutdown) 
-- tvOS 14.4 --
    Apple TV (0F0C1293-7E7C-4014-B0D1-135F70D75E53) (Shutdown) 
    Apple TV 4K (01213D30-F8F6-4171-9A0F-987E364B954F) (Shutdown) 
    Apple TV 4K (at 1080p) (9D08C773-6DB0-4023-AC3F-802F46D530AA) (Shutdown) 
-- tvOS 14.5 --
    Apple TV (E099181B-1EDD-4A57-BDD5-AEE1BB279817) (Shutdown) 
    Apple TV 4K (2nd generation) (0D65AB0A-DA2D-4708-A6AA-0996545E4D26) (Shutdown) 
    Apple TV 4K (at 1080p) (2nd generation) (42B38BDC-64C7-4A84-82D2-7C9B77380814) (Shutdown) 
-- watchOS 6.2 --
    Apple Watch Series 4 - 40mm (C28EC3DB-E2AA-4563-B126-D0BDF73B837D) (Shutdown) 
    Apple Watch Series 4 - 44mm (2E284AB1-69B1-49EE-8F63-D9C689B487CA) (Shutdown) 
    Apple Watch Series 5 - 40mm (F2856A3A-90E6-4EC1-AA9B-8751B5F684C7) (Shutdown) 
    Apple Watch Series 5 - 44mm (7EF3F902-EC90-4784-8CC8-56C84F2C6006) (Shutdown) 
-- watchOS 7.1 --
    Apple Watch Series 5 - 40mm (A8886840-401D-4696-A1A6-9E6CB9602AF4) (Shutdown) 
    Apple Watch Series 5 - 44mm (2E694520-902B-41D6-BA6C-2358D9DB0591) (Shutdown) 
    Apple Watch Series 6 - 40mm (037A8E82-331D-4385-A1C9-219667F162E7) (Shutdown) 
    Apple Watch Series 6 - 44mm (49028BDD-C20D-4126-9ADF-2511A12E3C48) (Shutdown) 
-- watchOS 7.2 --
    Apple Watch Series 5 - 40mm (401DE38E-D1BB-4676-A4C2-E93CAEDF1554) (Shutdown) 
    Apple Watch Series 5 - 44mm (5098BD80-0BA7-4BA3-8BD8-63E3769354AC) (Shutdown) 
    Apple Watch Series 6 - 40mm (5B042891-A4DE-45C6-BD58-18B3E17B512A) (Shutdown) 
    Apple Watch Series 6 - 44mm (4314BA70-3A11-4CD5-9B4B-6CF6F4AD101D) (Shutdown) 
-- watchOS 7.4 --
    Apple Watch Series 5 - 40mm (8E4BA621-EDF1-42E3-836B-75D327AF8A19) (Shutdown) 
    Apple Watch Series 5 - 44mm (FF3D7790-717F-4E35-B1CA-5A3C0EC6C146) (Shutdown) 
    Apple Watch Series 6 - 40mm (85DEED1C-5959-46E5-AD2C-B53C78A102CB) (Shutdown) 
    Apple Watch Series 6 - 44mm (F060259F-08B3-4402-BDF9-13C790746A0E) (Shutdown) 
== Device Pairs ==
B18B78C3-E8A5-4B69-B4FA-C49EF0736163 (active, disconnected)
    Watch: Apple Watch Series 5 - 40mm (8E4BA621-EDF1-42E3-836B-75D327AF8A19) (Shutdown)
    Phone: iPhone 12 mini (CDFF3511-CE7C-4DD5-80EF-6DF7E04251F0) (Shutdown)
089570A7-935A-4465-AE0E-C2FEA2ED3C4F (active, disconnected)
    Watch: Apple Watch Series 5 - 44mm (FF3D7790-717F-4E35-B1CA-5A3C0EC6C146) (Shutdown)
    Phone: iPhone 12 (2A70940B-1A19-41BC-8707-CD06B7BA59C7) (Shutdown)
ED1091B4-09F6-4CBA-8E7C-DB528D0D5A86 (active, disconnected)
    Watch: Apple Watch Series 6 - 40mm (85DEED1C-5959-46E5-AD2C-B53C78A102CB) (Shutdown)
    Phone: iPhone 12 Pro (5E385E7B-34B9-4726-8879-CDB036118CE7) (Shutdown)
4EE4770E-E796-4536-8D4D-AAFA4930B141 (active, disconnected)
    Watch: Apple Watch Series 6 - 44mm (F060259F-08B3-4402-BDF9-13C790746A0E) (Shutdown)
    Phone: iPhone 12 Pro Max (92387BA7-D02C-4F70-A0FE-AE35705DAEB6) (Shutdown)

========================================


=== OS X info =========================

* sw_vers
ProductName:	macOS
ProductVersion:	11.5.1
BuildVersion:	20G80

* system_profiler SPSoftwareDataType
Software:

    System Software Overview:

      System Version: macOS 11.5.1 (20G80)
      Kernel Version: Darwin 20.6.0
      Boot Volume: Macintosh HD
      Boot Mode: Normal
      Computer Name: vm-osx-xcode-12.5.x-g2.4core-c265d66f-3793-48c1-bfe1-148359879ccf
      User Name: vagrant (vagrant)
      Secure Virtual Memory: Enabled
      System Integrity Protection: Disabled
      Time since boot: 2 minutes


========================================


=== System infos =======================
* Free disk space:
    Filesystem         Size        Avail
/dev/disk1s5s1        300Gi        139Gi
========================================

--- Android

* ANDROID_HOME (/usr/local/share/android-sdk) content:
add-ons
build-tools
cmdline-tools
emulator
extras
licenses
ndk-bundle
patcher
platform-tools
platforms
system-images
tools

* ANDROID_NDK_HOME (/usr/local/share/android-sdk/ndk-bundle/android-ndk-r21e) content:

* Android NDK Version:

* platform-tools content:
NOTICE.txt
adb
dmtracedump
e2fsdroid
etc1tool
fastboot
hprof-conv
lib64
make_f2fs
make_f2fs_casefold
mke2fs
mke2fs.conf
package.xml
sload_f2fs
source.properties
sqlite3
systrace

* build-tools content:
17.0.0
19.1.0
21.1.2
22.0.1
23.0.3
24.0.3
25.0.3
26.0.1
26.0.2
27.0.0
27.0.1
27.0.2
27.0.3
28.0.0
28.0.1
28.0.2
28.0.3
29.0.0
29.0.1
29.0.2
29.0.3
30.0.0
30.0.1
30.0.2
30.0.3

* extras content:
/usr/local/share/android-sdk/extras
├── android
│   └── m2repository
├── google
│   ├── google_play_services
│   └── m2repository
└── m2repository
    └── com

7 directories, 0 files

* platforms content:
android-15
android-17
android-19
android-21
android-22
android-23
android-24
android-25
android-26
android-27
android-28
android-29
android-30

* system-images content:
/usr/local/share/android-sdk/system-images
├── android-26
│   └── google_apis
│       └── x86
├── android-28
│   └── google_apis
│       └── x86_64
├── android-29
│   └── google_apis
│       └── x86
└── android-30
    └── google_apis
        └── x86

12 directories, 0 files

========================================

 * SDK packages:
* Command line Tools version: 5.0
* Platform Tools version: 31.0.3
* Emulator version: 30.8.4
========================================


=== Android APK tools ==================

* aapt2:

========================================


=== Environment infos =======================
MATCH_KEYCHAIN_PASSWORD environment set
========================================


=== Control tests ======================
source $HOME/.bash_profile ...
source $HOME/.bash_profile - PASSED
========================================

