 (i) Ignore Errors: enabled

#
# This System Report was generated by: https://github.com/bitrise-io/osx-box-bootstrap/blob/master/system_report.sh
#  Pull Requests are welcome!
#


=== Revision / ID ======================
* BITRISE_OSX_STACK_REV_ID: v2021_09_16_2
========================================


=== Pre-installed tool versions ========
* Go: go version go1.16.7 darwin/amd64
* Python: Python 2.7.16
* Node.js: v12.22.6
* NPM: 6.14.15
* Yarn: 1.22.11
* Java: openjdk version "11.0.11" 2021-04-20
OpenJDK Runtime Environment AdoptOpenJDK-11.0.11+9 (build 11.0.11+9)
OpenJDK 64-Bit Server VM AdoptOpenJDK-11.0.11+9 (build 11.0.11+9, mixed mode)
* Flutter: Flutter 1.26.0-17.8.pre • channel beta • https://github.com/flutter/flutter.git
* fvm: 2.2.3

* git: git version 2.33.0
* git lfs: git-lfs/2.13.3 (GitHub; darwin amd64; go 1.16.5)
* mercurial/hg: Mercurial Distributed SCM (version 5.9.1)
* curl: curl 7.64.1 (x86_64-apple-darwin19.0) libcurl/7.64.1 (SecureTransport) LibreSSL/2.8.3 zlib/1.2.11 nghttp2/1.39.2
* wget: GNU Wget 1.21.1 built on darwin19.6.0.
* rsync: rsync  version 2.6.9  protocol version 29
* unzip: UnZip 6.00 of 20 April 2009, by Info-ZIP.  Maintained by C. Spieler.  Send
* zip: This is Zip 3.0 (July 5th 2008), by Info-ZIP.
* tar: bsdtar 3.3.2 - libarchive 3.3.2 zlib/1.2.11 liblzma/5.0.5 bz2lib/1.0.6
* tree: tree v1.8.0 (c) 1996 - 2018 by Steve Baker, Thomas Moore, Francesc Rocher, Florian Sesser, Kyosuke Tokoro 

* brew: Homebrew 3.2.12
Homebrew/homebrew-core (git revision ad83b1f8bf; last commit 2021-09-07)
Homebrew/homebrew-cask (git revision 79ee6f0965; last commit 2021-09-07)
* Ansible: ansible [core 2.11.4] 
  config file = /Users/vagrant/git/ansible.cfg
  configured module search path = ['/Users/vagrant/.ansible/plugins/modules', '/usr/share/ansible/plugins/modules']
  ansible python module location = /usr/local/Cellar/ansible/4.5.0/libexec/lib/python3.9/site-packages/ansible
  ansible collection location = /Users/vagrant/.ansible/collections:/usr/share/ansible/collections
  executable location = /usr/local/bin/ansible
* gtimeout: timeout (GNU coreutils) 8.32
* watchman: 2021.08.30.00
* flow: Flow, a static type checker for JavaScript, version 0.159.0
* carthage: 0.38.0
* imagemagick (convert): Version: ImageMagick 7.1.0-6 Q16-HDRI x86_64 2021-09-04 https://imagemagick.org
* ghostscript (ps2ascii): 9.54.0
* screen: Screen version 4.08.00 (GNU) 05-Feb-20
* firebase: 9.18.0
* applesimutils version 0.9.4
* jq: 1.6
* Version: 0.8.1
* XCLogParser 0.2.21
* Screen 4.08.00
* applesimutils 0.9.4
* OpenConnect version v8.10
* aws-cli: aws-cli/2.2.35 Python/3.9.7 Darwin/19.6.0 source/x86_64 prompt/off
* cmake: 3.21.2
* danger-swift: 3.11.1
[0;0m

--- Bitrise CLI tool versions
* bitrise: 1.48.0
* stepman: 0.13.1
* envman: 2.3.3
* cmd-bridge: 0.9.5
========================================


=== Brew list versions ==================
ansible 4.5.0
ant 1.10.11
aom 3.1.2
applesimutils 0.9.4
autoconf 2.71
awscli 2.2.35
bdw-gc 8.0.4_2
boost 1.76.0
brotli 1.0.9
c-ares 1.17.2
carthage 0.38.0
cmake 3.21.2
coreutils 8.32
danger-js 10.6.6
danger-swift 3.11.1
dart 2.14.2
docbook 5.1_1
docbook-xsl 1.79.2_1
double-conversion 3.1.5_1
flow 0.159.0
fmt 8.0.1
folly 2021.08.30.00
fontconfig 2.13.1
freetype 2.11.0
fvm 2.2.3
gdbm 1.20
gettext 0.21
gflags 2.2.2
ghostscript 9.54.0
git 2.33.0
git-lfs 2.13.3
glib 2.68.4
glog 0.5.0
gmp 6.2.1
gnu-getopt 2.37.2
gnupg 2.3.2
gnutls 3.6.16
go@1.16 1.16.7
gradle 7.2
guile 3.0.7
icu4c 69.1
imagemagick 7.1.0-6
imath 3.1.3
jbig2dec 0.19
jemalloc 5.2.1_1
jenv 0.5.4
jpeg 9d
jq 1.6
libassuan 2.5.5
libde265 1.0.8
libev 4.33
libevent 2.1.12
libffi 3.3_3
libgcrypt 1.9.4
libgpg-error 1.42
libheif 1.12.0
libidn 1.38
libidn2 2.3.2
libksba 1.6.0
liblqr 0.4.2_1
libomp 12.0.1
libpng 1.6.37
libtasn1 4.17.0
libtiff 4.3.0
libtool 2.4.6_4
libunistring 0.9.10
libusb 1.0.24
libuv 1.42.0
libyaml 0.2.5
little-cms2 2.12
lz4 1.9.3
m4 1.4.19
macos-term-size 1.0.0
maven 3.8.2
mercurial 5.9.1
mpdecimal 2.5.1
nettle 3.7.3
nghttp2 1.44.0
node 16.8.0
node@12 12.22.6
npth 1.6
oniguruma 6.9.7.1
openconnect 8.10
openexr 3.1.1
openjpeg 2.4.0
openssl@1.1 1.1.1l
p11-kit 0.24.0
pcre 8.45
pcre2 10.37_1
pinentry 1.2.0
pkg-config 0.29.2_3
python@3.9 3.9.7
rbenv 1.1.2
readline 8.1
ruby-build 20210825
screen 4.8.0
shared-mime-info 2.1
six 1.16.0_1
snappy 1.1.9
sqlite 3.36.0
stoken 0.92_1
tree 1.8.0
unbound 1.13.2
watchman 2021.08.30.00
webp 1.2.1
wget 1.21.1_1
x265 3.5
xmlto 0.0.28
xz 5.2.5
yarn 1.22.11
zstd 1.5.0
========================================


=== Brew deps tree ==================
adoptopenjdk/openjdk/adoptopenjdk11

adoptopenjdk/openjdk/adoptopenjdk8

ansible
├── libyaml
├── openssl@1.1
└── python@3.9
    ├── gdbm
    ├── mpdecimal
    ├── openssl@1.1
    ├── readline
    ├── sqlite
    │   └── readline
    └── xz

ant
└── openjdk

aom

wix/brew/applesimutils

autoconf
└── m4

awscli
├── python@3.9
│   ├── gdbm
│   ├── mpdecimal
│   ├── openssl@1.1
│   ├── readline
│   ├── sqlite
│   │   └── readline
│   └── xz
└── six

bdw-gc

boost
└── icu4c

brotli

c-ares

carthage

cmake

coreutils

danger/tap/danger-js

danger/tap/danger-swift
└── danger/tap/danger-js

dart-lang/dart/dart

docbook

docbook-xsl
└── docbook

double-conversion

flow

fmt

folly
├── boost
│   └── icu4c
├── double-conversion
├── fmt
├── gflags
├── glog
│   └── gflags
├── libevent
│   └── openssl@1.1
├── lz4
├── openssl@1.1
├── snappy
├── xz
└── zstd

fontconfig
└── freetype
    └── libpng

freetype
└── libpng

leoafarias/fvm/fvm

gdbm

gettext

gflags

ghostscript
├── fontconfig
│   └── freetype
│       └── libpng
├── freetype
│   └── libpng
├── jbig2dec
├── jpeg
├── libidn
├── libpng
├── libtiff
│   └── jpeg
├── little-cms2
│   ├── jpeg
│   └── libtiff
│       └── jpeg
└── openjpeg
    ├── libpng
    ├── libtiff
    │   └── jpeg
    └── little-cms2
        ├── jpeg
        └── libtiff
            └── jpeg

git
├── gettext
└── pcre2

git-lfs

glib
├── gettext
├── libffi
├── pcre
└── python@3.9
    ├── gdbm
    ├── mpdecimal
    ├── openssl@1.1
    ├── readline
    ├── sqlite
    │   └── readline
    └── xz

glog
└── gflags

gmp

gnu-getopt

gnupg
├── gettext
├── gnutls
│   ├── gmp
│   ├── guile
│   │   ├── bdw-gc
│   │   ├── gmp
│   │   ├── libffi
│   │   ├── libtool
│   │   │   └── m4
│   │   ├── libunistring
│   │   ├── pkg-config
│   │   └── readline
│   ├── libidn2
│   │   ├── gettext
│   │   └── libunistring
│   ├── libtasn1
│   ├── libunistring
│   ├── nettle
│   │   └── gmp
│   ├── p11-kit
│   │   └── libffi
│   └── unbound
│       ├── libevent
│       │   └── openssl@1.1
│       ├── nghttp2
│       │   ├── c-ares
│       │   ├── jemalloc
│       │   ├── libev
│       │   └── openssl@1.1
│       └── openssl@1.1
├── libassuan
│   └── libgpg-error
├── libgcrypt
│   └── libgpg-error
├── libgpg-error
├── libksba
│   └── libgpg-error
├── libusb
├── npth
└── pinentry
    ├── libassuan
    │   └── libgpg-error
    └── libgpg-error

gnutls
├── gmp
├── guile
│   ├── bdw-gc
│   ├── gmp
│   ├── libffi
│   ├── libtool
│   │   └── m4
│   ├── libunistring
│   ├── pkg-config
│   └── readline
├── libidn2
│   ├── gettext
│   └── libunistring
├── libtasn1
├── libunistring
├── nettle
│   └── gmp
├── p11-kit
│   └── libffi
└── unbound
    ├── libevent
    │   └── openssl@1.1
    ├── nghttp2
    │   ├── c-ares
    │   ├── jemalloc
    │   ├── libev
    │   └── openssl@1.1
    └── openssl@1.1

go@1.16

gradle
└── openjdk

guile
├── bdw-gc
├── gmp
├── libffi
├── libtool
│   └── m4
├── libunistring
├── pkg-config
└── readline

icu4c

imagemagick
├── freetype
│   └── libpng
├── ghostscript
│   ├── fontconfig
│   │   └── freetype
│   │       └── libpng
│   ├── freetype
│   │   └── libpng
│   ├── jbig2dec
│   ├── jpeg
│   ├── libidn
│   ├── libpng
│   ├── libtiff
│   │   └── jpeg
│   ├── little-cms2
│   │   ├── jpeg
│   │   └── libtiff
│   │       └── jpeg
│   └── openjpeg
│       ├── libpng
│       ├── libtiff
│       │   └── jpeg
│       └── little-cms2
│           ├── jpeg
│           └── libtiff
│               └── jpeg
├── jpeg
├── libheif
│   ├── aom
│   ├── jpeg
│   ├── libde265
│   ├── libpng
│   ├── shared-mime-info
│   │   ├── gettext
│   │   ├── glib
│   │   │   ├── gettext
│   │   │   ├── libffi
│   │   │   ├── pcre
│   │   │   └── python@3.9
│   │   │       ├── gdbm
│   │   │       ├── mpdecimal
│   │   │       ├── openssl@1.1
│   │   │       ├── readline
│   │   │       ├── sqlite
│   │   │       │   └── readline
│   │   │       └── xz
│   │   └── xmlto
│   │       ├── docbook
│   │       ├── docbook-xsl
│   │       │   └── docbook
│   │       └── gnu-getopt
│   └── x265
├── liblqr
│   └── glib
│       ├── gettext
│       ├── libffi
│       ├── pcre
│       └── python@3.9
│           ├── gdbm
│           ├── mpdecimal
│           ├── openssl@1.1
│           ├── readline
│           ├── sqlite
│           │   └── readline
│           └── xz
├── libomp
├── libpng
├── libtiff
│   └── jpeg
├── libtool
│   └── m4
├── little-cms2
│   ├── jpeg
│   └── libtiff
│       └── jpeg
├── openexr
│   └── imath
├── openjpeg
│   ├── libpng
│   ├── libtiff
│   │   └── jpeg
│   └── little-cms2
│       ├── jpeg
│       └── libtiff
│           └── jpeg
├── webp
│   ├── jpeg
│   ├── libpng
│   └── libtiff
│       └── jpeg
└── xz

imath

intel-haxm

jbig2dec

jemalloc

jenv

jpeg

jq
└── oniguruma

libassuan
└── libgpg-error

libde265

libev

libevent
└── openssl@1.1

libffi

libgcrypt
└── libgpg-error

libgpg-error

libheif
├── aom
├── jpeg
├── libde265
├── libpng
├── shared-mime-info
│   ├── gettext
│   ├── glib
│   │   ├── gettext
│   │   ├── libffi
│   │   ├── pcre
│   │   └── python@3.9
│   │       ├── gdbm
│   │       ├── mpdecimal
│   │       ├── openssl@1.1
│   │       ├── readline
│   │       ├── sqlite
│   │       │   └── readline
│   │       └── xz
│   └── xmlto
│       ├── docbook
│       ├── docbook-xsl
│       │   └── docbook
│       └── gnu-getopt
└── x265

libidn

libidn2
├── gettext
└── libunistring

libksba
└── libgpg-error

liblqr
└── glib
    ├── gettext
    ├── libffi
    ├── pcre
    └── python@3.9
        ├── gdbm
        ├── mpdecimal
        ├── openssl@1.1
        ├── readline
        ├── sqlite
        │   └── readline
        └── xz

libomp

libpng

libtasn1

libtiff
└── jpeg

libtool
└── m4

libunistring

libusb

libuv

libyaml

little-cms2
├── jpeg
└── libtiff
    └── jpeg

lz4

m4

macos-term-size

maven
└── openjdk

mercurial
└── python@3.9
    ├── gdbm
    ├── mpdecimal
    ├── openssl@1.1
    ├── readline
    ├── sqlite
    │   └── readline
    └── xz

mpdecimal

nettle
└── gmp

nghttp2
├── c-ares
├── jemalloc
├── libev
└── openssl@1.1

node
├── brotli
├── c-ares
├── icu4c
├── libuv
├── nghttp2
│   ├── c-ares
│   ├── jemalloc
│   ├── libev
│   └── openssl@1.1
└── openssl@1.1

node@12
├── icu4c
└── macos-term-size

npth

oniguruma

openconnect
├── gettext
├── gnutls
│   ├── gmp
│   ├── guile
│   │   ├── bdw-gc
│   │   ├── gmp
│   │   ├── libffi
│   │   ├── libtool
│   │   │   └── m4
│   │   ├── libunistring
│   │   ├── pkg-config
│   │   └── readline
│   ├── libidn2
│   │   ├── gettext
│   │   └── libunistring
│   ├── libtasn1
│   ├── libunistring
│   ├── nettle
│   │   └── gmp
│   ├── p11-kit
│   │   └── libffi
│   └── unbound
│       ├── libevent
│       │   └── openssl@1.1
│       ├── nghttp2
│       │   ├── c-ares
│       │   ├── jemalloc
│       │   ├── libev
│       │   └── openssl@1.1
│       └── openssl@1.1
└── stoken
    └── nettle
        └── gmp

openexr
└── imath

openjpeg
├── libpng
├── libtiff
│   └── jpeg
└── little-cms2
    ├── jpeg
    └── libtiff
        └── jpeg

openssl@1.1

p11-kit
└── libffi

pcre

pcre2

pinentry
├── libassuan
│   └── libgpg-error
└── libgpg-error

pkg-config

python@3.9
├── gdbm
├── mpdecimal
├── openssl@1.1
├── readline
├── sqlite
│   └── readline
└── xz

rbenv
└── ruby-build
    ├── autoconf
    │   └── m4
    ├── pkg-config
    └── readline

readline

ruby-build
├── autoconf
│   └── m4
├── pkg-config
└── readline

screen

shared-mime-info
├── gettext
├── glib
│   ├── gettext
│   ├── libffi
│   ├── pcre
│   └── python@3.9
│       ├── gdbm
│       ├── mpdecimal
│       ├── openssl@1.1
│       ├── readline
│       ├── sqlite
│       │   └── readline
│       └── xz
└── xmlto
    ├── docbook
    ├── docbook-xsl
    │   └── docbook
    └── gnu-getopt

six

snappy

sqlite
└── readline

stoken
└── nettle
    └── gmp

tree

unbound
├── libevent
│   └── openssl@1.1
├── nghttp2
│   ├── c-ares
│   ├── jemalloc
│   ├── libev
│   └── openssl@1.1
└── openssl@1.1

watchman
├── boost
│   └── icu4c
├── fmt
├── folly
│   ├── boost
│   │   └── icu4c
│   ├── double-conversion
│   ├── fmt
│   ├── gflags
│   ├── glog
│   │   └── gflags
│   ├── libevent
│   │   └── openssl@1.1
│   ├── lz4
│   ├── openssl@1.1
│   ├── snappy
│   ├── xz
│   └── zstd
├── gflags
├── glog
│   └── gflags
├── libevent
│   └── openssl@1.1
├── openssl@1.1
├── pcre
└── python@3.9
    ├── gdbm
    ├── mpdecimal
    ├── openssl@1.1
    ├── readline
    ├── sqlite
    │   └── readline
    └── xz

webp
├── jpeg
├── libpng
└── libtiff
    └── jpeg

wget
├── libidn2
│   ├── gettext
│   └── libunistring
└── openssl@1.1

x265

xmlto
├── docbook
├── docbook-xsl
│   └── docbook
└── gnu-getopt

xz

yarn
└── node
    ├── brotli
    ├── c-ares
    ├── icu4c
    ├── libuv
    ├── nghttp2
    │   ├── c-ares
    │   ├── jemalloc
    │   ├── libev
    │   └── openssl@1.1
    └── openssl@1.1

zstd

========================================


=== Ruby and rubygems ==================
* Ruby (default): ruby 2.6.5p114 (2019-10-01 revision 67812) [x86_64-darwin19]
--- Available ruby versions ---
  system
  2.4.5
  2.5.3
* 2.6.5 (set by /Users/vagrant/.rbenv/version)
  2.7.2
  3.0.0
-------------------------------
* rbenv: 1.1.2
* Rubygems: 3.0.3
* Bundler: Bundler version 2.1.4
* CocoaPods: 1.10.1
* xcpretty: 0.3.0
========================================


=== All Ruby GEMs ======================
activesupport (5.2.6)
addressable (2.8.0)
algoliasearch (1.27.5)
artifactory (3.0.15)
atomos (0.1.3)
aws-eventstream (1.2.0)
aws-partitions (1.498.0)
aws-sdk-core (3.121.0)
aws-sdk-kms (1.48.0)
aws-sdk-s3 (1.102.0)
aws-sigv4 (1.4.0)
babosa (1.0.4)
bigdecimal (default: 1.4.1)
bundler (2.1.4, default: 1.17.2)
CFPropertyList (3.0.3)
claide (1.0.3)
clamp (1.3.2)
cmath (default: 1.0.0)
cocoapods (1.10.1)
cocoapods-core (1.10.1)
cocoapods-deintegrate (1.0.5)
cocoapods-downloader (1.5.1)
cocoapods-plugins (1.0.0)
cocoapods-search (1.0.1)
cocoapods-trunk (1.6.0)
cocoapods-try (1.2.0)
colored (1.2)
colored2 (3.1.2)
commander (4.6.0)
concurrent-ruby (1.1.9)
csv (default: 3.0.9)
date (default: 2.0.0)
dbm (default: 1.0.0)
declarative (0.0.20)
did_you_mean (1.3.0)
digest-crc (0.6.4)
domain_name (0.5.20190701)
dotenv (2.7.6)
e2mmap (default: 0.1.0)
emoji_regex (3.2.2)
escape (0.0.4)
etc (default: 1.0.1)
ethon (0.14.0)
excon (0.85.0)
faraday (1.7.1)
faraday-cookie_jar (0.0.7)
faraday-em_http (1.0.0)
faraday-em_synchrony (1.0.0)
faraday-excon (1.1.0)
faraday-httpclient (1.0.1)
faraday-net_http (1.0.1)
faraday-net_http_persistent (1.2.0)
faraday-patron (1.0.0)
faraday-rack (1.0.0)
faraday_middleware (1.1.0)
fastimage (2.2.5)
fastlane (2.193.1, 2.192.0)
fcntl (default: 1.0.0)
ffi (1.15.4)
fiddle (default: 1.0.0)
fileutils (default: 1.1.0)
forwardable (default: 1.2.0)
fourflusher (2.3.1)
fuzzy_match (2.0.4)
gh_inspector (1.1.3)
google-apis-androidpublisher_v3 (0.11.0)
google-apis-core (0.4.1)
google-apis-iamcredentials_v1 (0.7.0)
google-apis-playcustomapp_v1 (0.5.0)
google-apis-storage_v1 (0.6.0)
google-cloud-core (1.6.0)
google-cloud-env (1.5.0)
google-cloud-errors (1.1.0)
google-cloud-storage (1.34.1)
googleauth (0.17.1)
highline (2.0.3)
http-cookie (1.0.4)
httpclient (2.8.3)
i18n (1.8.10)
io-console (default: 0.4.7)
ipaddr (default: 1.2.2)
irb (default: 1.0.0)
jazzy (0.13.6)
jmespath (1.4.0)
json (default: 2.1.0)
jwt (2.2.3)
liferaft (0.0.6)
logger (default: 1.3.0)
matrix (default: 0.1.0)
memoist (0.16.2)
mini_magick (4.11.0)
mini_mime (1.1.1)
minitest (5.11.3)
molinillo (0.6.6)
multi_json (1.15.0)
multipart-post (2.0.0)
mustache (1.1.1)
mutex_m (default: 0.1.0)
nanaimo (0.3.0)
nap (1.1.0)
naturally (2.2.1)
net-telnet (0.2.0)
netrc (0.11.0)
nokogiri (1.12.4 x86_64-darwin)
open4 (1.3.4)
openssl (default: 2.1.2)
optparse (0.1.1)
os (1.1.1)
ostruct (default: 0.1.0)
plist (3.6.0)
power_assert (1.1.3)
prime (default: 0.1.0)
psych (default: 3.1.0)
public_suffix (4.0.6)
racc (1.5.2)
rake (12.3.2)
rdoc (default: 6.1.2)
redcarpet (3.5.1)
representable (3.1.1)
retriable (3.1.2)
rexml (3.2.5, default: 3.1.9)
rouge (2.0.7)
rss (default: 0.2.7)
ruby-macho (1.4.0)
ruby2_keywords (0.0.5)
rubyzip (2.3.2)
sassc (2.4.0)
scanf (default: 1.0.0)
sdbm (default: 1.0.0)
security (0.1.3)
shell (default: 0.7)
signet (0.16.0)
simctl (1.6.8)
slack-notifier (2.4.0)
slather (2.5.0)
sqlite3 (1.4.2)
stringio (default: 0.0.2)
strscan (default: 1.0.0)
sync (default: 0.5.0)
terminal-notifier (2.0.0)
terminal-table (1.8.0)
test-unit (3.2.9)
thread_safe (0.3.6)
thwait (default: 0.1.0)
tracer (default: 0.1.0)
trailblazer-option (0.1.1)
trainer (0.9.1)
tty-cursor (0.7.1)
tty-screen (0.8.1)
tty-spinner (0.9.3)
typhoeus (1.4.0)
tzinfo (1.2.9)
uber (0.1.0)
unf (0.1.4)
unf_ext (0.0.7.7)
unicode-display_width (1.7.0)
webrick (default: 1.4.2)
word_wrap (1.0.0)
xcinvoke (0.3.0)
xcode-install (2.8.0)
xcodeproj (1.21.0)
xcov (1.7.5)
xcpretty (0.3.0)
xcpretty-json-formatter (0.1.1)
xcpretty-travis-formatter (1.0.1)
xcresult (0.2.1)
xmlrpc (0.3.0)
zlib (default: 1.0.0)
========================================


=== NPM global packages ==========================
* Cordova: 10.0.0
* Ionic: 6.11.12
* Appcenter-CLI version: 2.9.0
========================================


=== Checking Xcode CLT dirs ============

 * ls -1 /Library/Developer/CommandLineTools/SDKs/MacOSX10.15.sdk/usr/include/CommonCrypto
CommonCrypto.h
CommonCryptoError.h
CommonCryptor.h
CommonDigest.h
CommonHMAC.h
CommonKeyDerivation.h
CommonRandom.h
CommonSymmetricKeywrap.h
module.modulemap

 * ls -1 /Library/Developer/CommandLineTools/
Library
SDKs
usr

 * /Library/Developer/CommandLineTools/usr/bin/swift --version
Apple Swift version 5.3.2 (swiftlang-1200.0.45 clang-1200.0.32.28)
Target: x86_64-apple-darwin19.6.0

========================================


=== Xcode ==============================

* Active Xcode Command Line Tools:
/Applications/Xcode-12.4.app/Contents/Developer

* Xcode Version:
Xcode 12.4
Build version 12D4e

* /usr/bin/swift --version
Apple Swift version 5.3.2 (swiftlang-1200.0.45 clang-1200.0.32.28)
Target: x86_64-apple-darwin19.6.0

* Installed SDKs:
iOS SDKs:
	iOS 14.4                      	-sdk iphoneos14.4

iOS Simulator SDKs:
	Simulator - iOS 14.4          	-sdk iphonesimulator14.4

macOS SDKs:
	DriverKit 20.2                	-sdk driverkit.macosx20.2
	macOS 11.1                    	-sdk macosx11.1

tvOS SDKs:
	tvOS 14.3                     	-sdk appletvos14.3

tvOS Simulator SDKs:
	Simulator - tvOS 14.3         	-sdk appletvsimulator14.3

watchOS SDKs:
	watchOS 7.2                   	-sdk watchos7.2

watchOS Simulator SDKs:
	Simulator - watchOS 7.2       	-sdk watchsimulator7.2


* Available Simulators:
== Device Types ==
iPhone 4s (com.apple.CoreSimulator.SimDeviceType.iPhone-4s)
iPhone 5 (com.apple.CoreSimulator.SimDeviceType.iPhone-5)
iPhone 5s (com.apple.CoreSimulator.SimDeviceType.iPhone-5s)
iPhone 6 Plus (com.apple.CoreSimulator.SimDeviceType.iPhone-6-Plus)
iPhone 6 (com.apple.CoreSimulator.SimDeviceType.iPhone-6)
iPhone 6s (com.apple.CoreSimulator.SimDeviceType.iPhone-6s)
iPhone 6s Plus (com.apple.CoreSimulator.SimDeviceType.iPhone-6s-Plus)
iPhone SE (1st generation) (com.apple.CoreSimulator.SimDeviceType.iPhone-SE)
iPhone 7 (com.apple.CoreSimulator.SimDeviceType.iPhone-7)
iPhone 7 Plus (com.apple.CoreSimulator.SimDeviceType.iPhone-7-Plus)
iPhone 8 (com.apple.CoreSimulator.SimDeviceType.iPhone-8)
iPhone 8 Plus (com.apple.CoreSimulator.SimDeviceType.iPhone-8-Plus)
iPhone X (com.apple.CoreSimulator.SimDeviceType.iPhone-X)
iPhone Xs (com.apple.CoreSimulator.SimDeviceType.iPhone-XS)
iPhone Xs Max (com.apple.CoreSimulator.SimDeviceType.iPhone-XS-Max)
iPhone Xʀ (com.apple.CoreSimulator.SimDeviceType.iPhone-XR)
iPhone 11 (com.apple.CoreSimulator.SimDeviceType.iPhone-11)
iPhone 11 Pro (com.apple.CoreSimulator.SimDeviceType.iPhone-11-Pro)
iPhone 11 Pro Max (com.apple.CoreSimulator.SimDeviceType.iPhone-11-Pro-Max)
iPhone SE (2nd generation) (com.apple.CoreSimulator.SimDeviceType.iPhone-SE--2nd-generation-)
iPhone 12 mini (com.apple.CoreSimulator.SimDeviceType.iPhone-12-mini)
iPhone 12 (com.apple.CoreSimulator.SimDeviceType.iPhone-12)
iPhone 12 Pro (com.apple.CoreSimulator.SimDeviceType.iPhone-12-Pro)
iPhone 12 Pro Max (com.apple.CoreSimulator.SimDeviceType.iPhone-12-Pro-Max)
iPod touch (7th generation) (com.apple.CoreSimulator.SimDeviceType.iPod-touch--7th-generation-)
iPad 2 (com.apple.CoreSimulator.SimDeviceType.iPad-2)
iPad Retina (com.apple.CoreSimulator.SimDeviceType.iPad-Retina)
iPad Air (com.apple.CoreSimulator.SimDeviceType.iPad-Air)
iPad mini 2 (com.apple.CoreSimulator.SimDeviceType.iPad-mini-2)
iPad mini 3 (com.apple.CoreSimulator.SimDeviceType.iPad-mini-3)
iPad mini 4 (com.apple.CoreSimulator.SimDeviceType.iPad-mini-4)
iPad Air 2 (com.apple.CoreSimulator.SimDeviceType.iPad-Air-2)
iPad Pro (9.7-inch) (com.apple.CoreSimulator.SimDeviceType.iPad-Pro--9-7-inch-)
iPad Pro (12.9-inch) (1st generation) (com.apple.CoreSimulator.SimDeviceType.iPad-Pro)
iPad (5th generation) (com.apple.CoreSimulator.SimDeviceType.iPad--5th-generation-)
iPad Pro (12.9-inch) (2nd generation) (com.apple.CoreSimulator.SimDeviceType.iPad-Pro--12-9-inch---2nd-generation-)
iPad Pro (10.5-inch) (com.apple.CoreSimulator.SimDeviceType.iPad-Pro--10-5-inch-)
iPad (6th generation) (com.apple.CoreSimulator.SimDeviceType.iPad--6th-generation-)
iPad (7th generation) (com.apple.CoreSimulator.SimDeviceType.iPad--7th-generation-)
iPad Pro (11-inch) (1st generation) (com.apple.CoreSimulator.SimDeviceType.iPad-Pro--11-inch-)
iPad Pro (12.9-inch) (3rd generation) (com.apple.CoreSimulator.SimDeviceType.iPad-Pro--12-9-inch---3rd-generation-)
iPad Pro (11-inch) (2nd generation) (com.apple.CoreSimulator.SimDeviceType.iPad-Pro--11-inch---2nd-generation-)
iPad Pro (12.9-inch) (4th generation) (com.apple.CoreSimulator.SimDeviceType.iPad-Pro--12-9-inch---4th-generation-)
iPad mini (5th generation) (com.apple.CoreSimulator.SimDeviceType.iPad-mini--5th-generation-)
iPad Air (3rd generation) (com.apple.CoreSimulator.SimDeviceType.iPad-Air--3rd-generation-)
iPad (8th generation) (com.apple.CoreSimulator.SimDeviceType.iPad--8th-generation-)
iPad Air (4th generation) (com.apple.CoreSimulator.SimDeviceType.iPad-Air--4th-generation-)
Apple TV (com.apple.CoreSimulator.SimDeviceType.Apple-TV-1080p)
Apple TV 4K (com.apple.CoreSimulator.SimDeviceType.Apple-TV-4K-4K)
Apple TV 4K (at 1080p) (com.apple.CoreSimulator.SimDeviceType.Apple-TV-4K-1080p)
Apple Watch - 38mm (com.apple.CoreSimulator.SimDeviceType.Apple-Watch-38mm)
Apple Watch - 42mm (com.apple.CoreSimulator.SimDeviceType.Apple-Watch-42mm)
Apple Watch Series 2 - 38mm (com.apple.CoreSimulator.SimDeviceType.Apple-Watch-Series-2-38mm)
Apple Watch Series 2 - 42mm (com.apple.CoreSimulator.SimDeviceType.Apple-Watch-Series-2-42mm)
Apple Watch Series 3 - 38mm (com.apple.CoreSimulator.SimDeviceType.Apple-Watch-Series-3-38mm)
Apple Watch Series 3 - 42mm (com.apple.CoreSimulator.SimDeviceType.Apple-Watch-Series-3-42mm)
Apple Watch Series 4 - 40mm (com.apple.CoreSimulator.SimDeviceType.Apple-Watch-Series-4-40mm)
Apple Watch Series 4 - 44mm (com.apple.CoreSimulator.SimDeviceType.Apple-Watch-Series-4-44mm)
Apple Watch Series 5 - 40mm (com.apple.CoreSimulator.SimDeviceType.Apple-Watch-Series-5-40mm)
Apple Watch Series 5 - 44mm (com.apple.CoreSimulator.SimDeviceType.Apple-Watch-Series-5-44mm)
Apple Watch SE - 40mm (com.apple.CoreSimulator.SimDeviceType.Apple-Watch-SE-40mm)
Apple Watch SE - 44mm (com.apple.CoreSimulator.SimDeviceType.Apple-Watch-SE-44mm)
Apple Watch Series 6 - 40mm (com.apple.CoreSimulator.SimDeviceType.Apple-Watch-Series-6-40mm)
Apple Watch Series 6 - 44mm (com.apple.CoreSimulator.SimDeviceType.Apple-Watch-Series-6-44mm)
== Runtimes ==
iOS 13.7 (13.7 - 17H22) - com.apple.CoreSimulator.SimRuntime.iOS-13-7
iOS 14.0 (14.0.1 - 18A394) - com.apple.CoreSimulator.SimRuntime.iOS-14-0
iOS 14.1 (14.1 - 18A8394) - com.apple.CoreSimulator.SimRuntime.iOS-14-1
iOS 14.2 (14.2 - 18B79) - com.apple.CoreSimulator.SimRuntime.iOS-14-2
iOS 14.4 (14.4 - 18D46) - com.apple.CoreSimulator.SimRuntime.iOS-14-4
tvOS 13.4 (13.4 - 17L255) - com.apple.CoreSimulator.SimRuntime.tvOS-13-4
tvOS 14.2 (14.2 - 18K54) - com.apple.CoreSimulator.SimRuntime.tvOS-14-2
tvOS 14.3 (14.3 - 18K559) - com.apple.CoreSimulator.SimRuntime.tvOS-14-3
watchOS 6.2 (6.2.1 - 17T531) - com.apple.CoreSimulator.SimRuntime.watchOS-6-2
watchOS 7.1 (7.1 - 18R579) - com.apple.CoreSimulator.SimRuntime.watchOS-7-1
watchOS 7.2 (7.2 - 18S561) - com.apple.CoreSimulator.SimRuntime.watchOS-7-2
== Devices ==
-- iOS 13.7 --
    iPhone 8 (A4F94875-0CE3-4074-ABE1-4CE0629A5416) (Shutdown) 
    iPhone 8 Plus (F8DB04A6-CD58-4A87-84AB-32F9B6E4C44B) (Shutdown) 
    iPhone 11 (1D09F251-EDF5-44F6-AF25-3442623DE687) (Shutdown) 
    iPhone 11 Pro (46CD3890-FFCD-4C99-9E4B-88AFC55961CB) (Shutdown) 
    iPhone 11 Pro Max (A46EE49F-AE9B-441F-950E-DDC4909AF8B9) (Shutdown) 
    iPhone SE (2nd generation) (623DC205-661C-4D53-87A4-3831B2946588) (Shutdown) 
    iPad Pro (9.7-inch) (B219A3D5-7C4E-4215-A4E5-B2F2980BC825) (Shutdown) 
    iPad (7th generation) (DECFD17B-1936-437F-830C-27C68E4FD683) (Shutdown) 
    iPad Pro (11-inch) (2nd generation) (B66F238E-DB3E-4B13-9FC3-5B82A7A90C6F) (Shutdown) 
    iPad Pro (12.9-inch) (4th generation) (E5C794A2-53D5-4439-B827-758CBF03A5E3) (Shutdown) 
    iPad Air (3rd generation) (0CA85D0B-ED7D-478E-B639-DCE6FCB41AA0) (Shutdown) 
-- iOS 14.0 --
    iPhone 8 (4D7EDDA0-D953-4157-8247-3CA86D400B44) (Shutdown) 
    iPhone 8 Plus (E9ED3B58-97AF-4DEA-83C0-FACEB2755BC1) (Shutdown) 
    iPhone 11 (02799F44-08AA-4DF8-8439-A1605D4076F8) (Shutdown) 
    iPhone 11 Pro (5734C640-ABA1-4A70-B345-2D38D5BCF2C4) (Shutdown) 
    iPhone 11 Pro Max (86C40134-D8BA-4614-9D57-0B9CDEE641E3) (Shutdown) 
    iPhone SE (2nd generation) (B4985C0E-6D0F-43AA-A2DB-0ACCC65DF658) (Shutdown) 
    iPod touch (7th generation) (D4D90AA8-209C-4E18-A723-D63D710C488F) (Shutdown) 
    iPad Pro (9.7-inch) (A71DB610-3365-47C4-8F5A-8753FE27C1EB) (Shutdown) 
    iPad Pro (11-inch) (2nd generation) (6511D5F8-934A-4721-891B-FCC72F911F11) (Shutdown) 
    iPad Pro (12.9-inch) (4th generation) (6947A55E-14AB-4768-A2F5-446B96D333C6) (Shutdown) 
    iPad (8th generation) (ED765C02-1669-4A46-B026-AC1ADD3066C5) (Shutdown) 
    iPad Air (4th generation) (18B57803-2520-4D66-B21E-15613CFCE8ED) (Shutdown) 
-- iOS 14.1 --
    iPhone 8 (AFAAD51F-19DA-4C7C-88A6-258FFD7D4815) (Shutdown) 
    iPhone 8 Plus (A4F94779-0217-4F08-9778-BE4E8A9B6411) (Shutdown) 
    iPhone 11 (DB45BDA9-D1D5-4439-8882-F8B034ABBBD6) (Shutdown) 
    iPhone 11 Pro (A0C30700-AD66-48D4-9AA0-12A2B37E855A) (Shutdown) 
    iPhone 11 Pro Max (FEDF42A0-CA4B-4BB8-81DA-A898A15D85CA) (Shutdown) 
    iPhone SE (2nd generation) (41418EDA-40CE-469B-9401-AD66E417B0C0) (Shutdown) 
    iPhone 12 mini (893A526A-E895-4BAD-A2CD-4BDA94C718FF) (Shutdown) 
    iPhone 12 (05EA8E46-EAFE-4214-802C-C0CD0FA910E3) (Shutdown) 
    iPhone 12 Pro (1CDF8FA7-5551-4688-AD8C-E8207F27AD63) (Shutdown) 
    iPhone 12 Pro Max (51B94DC3-82BA-4A4F-8ACB-84E2610C013D) (Shutdown) 
    iPod touch (7th generation) (9C4B84B3-1509-44F5-8FE8-1F6C49FB2452) (Shutdown) 
    iPad Pro (9.7-inch) (4273FC5B-4006-4C53-9799-E7BE5B5C6556) (Shutdown) 
    iPad Pro (11-inch) (2nd generation) (8DA0AC7F-4A03-4CC0-8DAF-D4A7F6B999EC) (Shutdown) 
    iPad Pro (12.9-inch) (4th generation) (31F05630-8A6B-44A0-AF66-89FF7EC32688) (Shutdown) 
    iPad (8th generation) (E8BE7D2D-0AB6-4926-A9A5-E1BF708F646A) (Shutdown) 
    iPad Air (4th generation) (BBCBEAC0-2B33-469F-B62E-206BE054907A) (Shutdown) 
-- iOS 14.2 --
    iPhone 8 (1F45E6B9-7CEA-4BEC-B3A8-5E9C793728DC) (Shutdown) 
    iPhone 8 Plus (BE59715A-71D9-4426-A817-7D0B887A8B24) (Shutdown) 
    iPhone 11 (F9B977F3-C13C-4064-92C9-81331536261F) (Shutdown) 
    iPhone 11 Pro (B211A2CB-FC63-4282-AC57-F75CFD6007E6) (Shutdown) 
    iPhone 11 Pro Max (4238FEA6-42B3-44F3-A4A5-631935820B39) (Shutdown) 
    iPhone SE (2nd generation) (760394F0-81BB-4A7A-BE5C-EA9068B5D06D) (Shutdown) 
    iPhone 12 mini (430277DC-E594-42AC-81A8-B46A789D1604) (Shutdown) 
    iPhone 12 (242651CC-F9A7-40F2-8834-CC70E41B3B03) (Shutdown) 
    iPhone 12 Pro (F0FBABA8-5CB9-4A70-916C-7E8352954267) (Shutdown) 
    iPhone 12 Pro Max (C819D247-6028-4B91-8650-73CAEAAFC174) (Shutdown) 
    iPod touch (7th generation) (52A45BD2-A56A-4AF8-A589-8B7DAD74117E) (Shutdown) 
    iPad Pro (9.7-inch) (BC162D25-8858-4CD3-90CD-E9D9669463B6) (Shutdown) 
    iPad Pro (11-inch) (2nd generation) (A6065131-5272-4636-BD3E-B2B70BEDB70A) (Shutdown) 
    iPad Pro (12.9-inch) (4th generation) (C527EE21-A1D9-43A0-A0DE-E3C41B92C9F4) (Shutdown) 
    iPad (8th generation) (A36D5833-FAD9-44F3-B266-C41BBFA70F78) (Shutdown) 
    iPad Air (4th generation) (7393F42D-3739-4344-823D-C08A656015B4) (Shutdown) 
-- iOS 14.4 --
    iPhone 8 (2F6A6003-2817-40E5-93F2-78B663A0D60D) (Shutdown) 
    iPhone 8 Plus (D10C7179-4BA9-40D3-8D8D-28C2A4D487C7) (Shutdown) 
    iPhone 11 (885D3C4A-6CC8-4BC0-B031-0C504069D16C) (Shutdown) 
    iPhone 11 Pro (AA281F7C-5BAD-44D1-8EE1-C09BE84942A8) (Shutdown) 
    iPhone 11 Pro Max (7D5E53A4-88D9-4D6D-A7C4-EAFB10DF70B3) (Shutdown) 
    iPhone SE (2nd generation) (F7799BE7-A3D8-4A76-86D7-2F10C9C6D0EE) (Shutdown) 
    iPhone 12 mini (12B84C1F-E64E-4718-AB11-EC78C5A270D1) (Shutdown) 
    iPhone 12 (A7FC6A29-792B-4F95-B1D7-228617BC9A43) (Shutdown) 
    iPhone 12 Pro (07B5EE9D-4B6D-4AAB-B67A-3A0E7B28882F) (Shutdown) 
    iPhone 12 Pro Max (645044F5-7F2E-47AD-BB8B-7DC402D7A7CA) (Shutdown) 
    iPod touch (7th generation) (9880798E-EEAC-4115-9B33-55F546011DC0) (Shutdown) 
    iPad Pro (9.7-inch) (53DE5BFA-8818-4B81-A1D1-E3BD8225C6E7) (Shutdown) 
    iPad Pro (11-inch) (2nd generation) (C9D18F14-0BFA-42C3-B7BE-66CFBCFFE236) (Shutdown) 
    iPad Pro (12.9-inch) (4th generation) (3D4CD7BD-A6FE-4465-B7B4-04ACB7C3328C) (Shutdown) 
    iPad (8th generation) (B8FA38B2-25FC-4A0C-B34F-42CCA2D59B46) (Shutdown) 
    iPad Air (4th generation) (1BBB0913-4FAA-4F5E-AD90-CB341F3AC2B7) (Shutdown) 
-- tvOS 13.4 --
    Apple TV (9459D65C-39B3-4267-9F66-7B30744CE1EE) (Shutdown) 
    Apple TV 4K (EB075274-87D8-4F57-913D-44669B047A6F) (Shutdown) 
    Apple TV 4K (at 1080p) (8ADCC3C4-A8B4-468C-BF0F-F0D4809B7B02) (Shutdown) 
-- tvOS 14.2 --
    Apple TV (096AD759-3F9B-4122-AF6E-1ACF02320F90) (Shutdown) 
    Apple TV 4K (93317928-F1DC-45B3-B8B9-9F2DB979349B) (Shutdown) 
    Apple TV 4K (at 1080p) (0B5149CD-5BA8-493C-BBB9-4F1BE4B9A16E) (Shutdown) 
-- tvOS 14.3 --
    Apple TV (F0DDE208-5262-4424-8F91-7891D96BA79C) (Shutdown) 
    Apple TV 4K (CB24DD79-E34E-4CB0-940C-B4AEF97794DA) (Shutdown) 
    Apple TV 4K (at 1080p) (F4843C46-B644-4EED-9239-0B0153870B45) (Shutdown) 
-- watchOS 6.2 --
    Apple Watch Series 4 - 40mm (99718EE1-6802-4382-A3B4-5A53F7C9688F) (Shutdown) 
    Apple Watch Series 4 - 44mm (D223D531-2AB2-432D-804F-34CE85F8E8D7) (Shutdown) 
    Apple Watch Series 5 - 40mm (00BB648A-4A9D-448B-9D2E-062C14DC8917) (Shutdown) 
    Apple Watch Series 5 - 44mm (7BE65516-AA89-4452-95E7-AC619553BB26) (Shutdown) 
-- watchOS 7.1 --
    Apple Watch Series 5 - 40mm (5CB86438-3A2F-4701-83D4-E9E01FB4562A) (Shutdown) 
    Apple Watch Series 5 - 44mm (DAD8CF56-E6AD-4E04-A68E-75DDE0396CA7) (Shutdown) 
    Apple Watch Series 6 - 40mm (BBD2CE0F-D1DA-4623-BB53-664DB91678A6) (Shutdown) 
    Apple Watch Series 6 - 44mm (B717410D-A3DB-49B3-BD67-467A63228C76) (Shutdown) 
-- watchOS 7.2 --
    Apple Watch Series 5 - 40mm (6BD6948C-BC76-45FC-86EF-1823BC9DC2B0) (Shutdown) 
    Apple Watch Series 5 - 44mm (9B3C78C6-4D2F-462C-BAC3-DEA91EAF2312) (Shutdown) 
    Apple Watch Series 6 - 40mm (57722C04-0427-4C10-9C3B-3331B65E8307) (Shutdown) 
    Apple Watch Series 6 - 44mm (3E565680-426C-4DBF-948F-FC1C65127BDA) (Shutdown) 
== Device Pairs ==
A16FFB32-3A2E-4E5A-BE62-BF8021E04A0F (active, disconnected)
    Watch: Apple Watch Series 5 - 40mm (6BD6948C-BC76-45FC-86EF-1823BC9DC2B0) (Shutdown)
    Phone: iPhone 12 mini (12B84C1F-E64E-4718-AB11-EC78C5A270D1) (Shutdown)
3F996C1B-4D43-4D22-8F06-2442A05F200B (active, disconnected)
    Watch: Apple Watch Series 5 - 44mm (9B3C78C6-4D2F-462C-BAC3-DEA91EAF2312) (Shutdown)
    Phone: iPhone 12 (A7FC6A29-792B-4F95-B1D7-228617BC9A43) (Shutdown)
E4D32619-C60A-46A4-9B06-C5F9816B8552 (active, disconnected)
    Watch: Apple Watch Series 6 - 40mm (57722C04-0427-4C10-9C3B-3331B65E8307) (Shutdown)
    Phone: iPhone 12 Pro (07B5EE9D-4B6D-4AAB-B67A-3A0E7B28882F) (Shutdown)
6067E2FE-6528-4F06-8DFC-A78A5B9F92B1 (active, disconnected)
    Watch: Apple Watch Series 6 - 44mm (3E565680-426C-4DBF-948F-FC1C65127BDA) (Shutdown)
    Phone: iPhone 12 Pro Max (645044F5-7F2E-47AD-BB8B-7DC402D7A7CA) (Shutdown)

========================================


=== OS X info =========================

* sw_vers
ProductName:	Mac OS X
ProductVersion:	10.15.7
BuildVersion:	19H15

* system_profiler SPSoftwareDataType
Software:

    System Software Overview:

      System Version: macOS 10.15.7 (19H15)
      Kernel Version: Darwin 19.6.0
      Boot Volume: Macintosh HD
      Boot Mode: Normal
      Computer Name: vm-osx-xcode-12.4.x-g2.4core-f0630cae-047c-4bf1-9562-5b668a3c0f75
      User Name: vagrant (vagrant)
      Secure Virtual Memory: Enabled
      System Integrity Protection: Disabled
      Time since boot: 5 minutes


========================================


=== System infos =======================
* Free disk space:
    Filesystem         Size        Avail
  /dev/disk1s5        300Gi        159Gi
========================================

--- Android

* ANDROID_HOME (/usr/local/share/android-sdk) content:
add-ons
build-tools
cmdline-tools
emulator
extras
licenses
ndk-bundle
patcher
platform-tools
platforms
system-images
tools

* ANDROID_NDK_HOME (/usr/local/share/android-sdk/ndk-bundle) content:
CHANGELOG.md
NOTICE
NOTICE.toolchain
README.md
build
meta
ndk-build
ndk-gdb
ndk-stack
ndk-which
package.xml
platforms
prebuilt
python-packages
shader-tools
simpleperf
source.properties
sources
sysroot
toolchains
wrap.sh

* Android NDK Version:
Pkg.Desc = Android NDK
Pkg.Revision = 21.4.7075529

* platform-tools content:
NOTICE.txt
adb
dmtracedump
e2fsdroid
etc1tool
fastboot
hprof-conv
lib64
make_f2fs
make_f2fs_casefold
mke2fs
mke2fs.conf
package.xml
sload_f2fs
source.properties
sqlite3
systrace

* build-tools content:
17.0.0
19.1.0
21.1.2
22.0.1
23.0.3
24.0.3
25.0.3
26.0.1
26.0.2
27.0.0
27.0.1
27.0.2
27.0.3
28.0.0
28.0.1
28.0.2
28.0.3
29.0.0
29.0.1
29.0.2
29.0.3
30.0.0
30.0.1
30.0.2
30.0.3

* extras content:
/usr/local/share/android-sdk/extras
├── android
│   └── m2repository
├── google
│   ├── google_play_services
│   └── m2repository
└── m2repository
    └── com

7 directories, 0 files

* platforms content:
android-15
android-17
android-19
android-21
android-22
android-23
android-24
android-25
android-26
android-27
android-28
android-29
android-30

* system-images content:
/usr/local/share/android-sdk/system-images
├── android-26
│   └── google_apis
│       └── x86
├── android-28
│   └── google_apis
│       └── x86_64
├── android-29
│   └── google_apis
│       └── x86
└── android-30
    └── google_apis
        └── x86

12 directories, 0 files

========================================

 * SDK packages:
* Command line Tools version: 5.0
* Platform Tools version: 31.0.3
* Emulator version: 30.8.4
========================================


=== Android APK tools ==================

* aapt2:

========================================


=== Environment infos =======================
MATCH_KEYCHAIN_PASSWORD environment set
========================================


=== Control tests ======================
source $HOME/.bash_profile ...
source $HOME/.bash_profile - PASSED
========================================

