 (i) Ignore Errors: enabled

#
# This System Report was generated by: https://github.com/bitrise-io/osx-box-bootstrap/blob/master/system_report.sh
#  Pull Requests are welcome!
#


=== Revision / ID ======================
* BITRISE_OSX_STACK_REV_ID: v2021_08_23_2
========================================


=== Pre-installed tool versions ========
* Go: go version go1.16.6 darwin/amd64
* Python: Python 2.7.16
* Node.js: v12.22.5
* NPM: 6.14.14
* Yarn: 1.22.11
* Java: openjdk version "1.8.0_292"
OpenJDK Runtime Environment (AdoptOpenJDK)(build 1.8.0_292-b10)
OpenJDK 64-Bit Server VM (AdoptOpenJDK)(build 25.292-b10, mixed mode)
* Flutter: Flutter 1.26.0-17.8.pre • channel beta • https://github.com/flutter/flutter.git
* fvm: 2.2.2

* git: git version 2.33.0
* git lfs: git-lfs/2.13.3 (GitHub; darwin amd64; go 1.16.5)
* mercurial/hg: Mercurial Distributed SCM (version 5.9)
* curl: curl 7.64.1 (x86_64-apple-darwin19.0) libcurl/7.64.1 (SecureTransport) LibreSSL/2.8.3 zlib/1.2.11 nghttp2/1.39.2
* wget: GNU Wget 1.21.1 built on darwin19.6.0.
* rsync: rsync  version 2.6.9  protocol version 29
* unzip: UnZip 6.00 of 20 April 2009, by Info-ZIP.  Maintained by C. Spieler.  Send
* zip: This is Zip 3.0 (July 5th 2008), by Info-ZIP.
* tar: bsdtar 3.3.2 - libarchive 3.3.2 zlib/1.2.11 liblzma/5.0.5 bz2lib/1.0.6
* tree: tree v1.8.0 (c) 1996 - 2018 by Steve Baker, Thomas Moore, Francesc Rocher, Florian Sesser, Kyosuke Tokoro 

* brew: Homebrew 3.2.10
Homebrew/homebrew-core (git revision 05b8236bf4; last commit 2021-08-23)
Homebrew/homebrew-cask (git revision b9170f0c52; last commit 2021-08-23)
* Ansible: ansible [core 2.11.3] 
  config file = /Users/vagrant/git/ansible.cfg
  configured module search path = ['/Users/vagrant/.ansible/plugins/modules', '/usr/share/ansible/plugins/modules']
  ansible python module location = /usr/local/Cellar/ansible/4.4.0/libexec/lib/python3.9/site-packages/ansible
  ansible collection location = /Users/vagrant/.ansible/collections:/usr/share/ansible/collections
  executable location = /usr/local/bin/ansible
* gtimeout: timeout (GNU coreutils) 8.32
* watchman: 2021.08.02.00
* flow: Flow, a static type checker for JavaScript, version 0.158.0
* carthage: 0.38.0
* imagemagick (convert): Version: ImageMagick 7.1.0-5 Q16 x86_64 2021-08-22 https://imagemagick.org
* ghostscript (ps2ascii): 9.54.0
* screen: Screen version 4.08.00 (GNU) 05-Feb-20
* firebase: 9.17.0
* applesimutils version 0.9.4
* jq: 1.6
* Version: 0.8.1
* XCLogParser 0.2.21
* Screen 4.08.00
* applesimutils 0.9.4
* OpenConnect version v8.10
* aws-cli: aws-cli/2.2.31 Python/3.9.6 Darwin/19.6.0 source/x86_64 prompt/off
* cmake: 3.21.1
* danger-swift: 3.10.2
[0;0m

--- Bitrise CLI tool versions
* bitrise: 1.47.2
* stepman: 0.13.1
* envman: 2.3.1
* cmd-bridge: 0.9.5
========================================


=== Brew list versions ==================
ansible 4.4.0
ant 1.10.11
aom 3.1.2
applesimutils 0.9.4
autoconf 2.71
awscli 2.2.31
bdw-gc 8.0.4_2
boost 1.76.0
brotli 1.0.9
c-ares 1.17.2
carthage 0.38.0
cmake 3.21.1
coreutils 8.32
danger-js 10.6.6
danger-swift 3.10.2
dart 2.13.4
docbook 5.1_1
docbook-xsl 1.79.2_1
double-conversion 3.1.5_1
flow 0.158.0
fmt 8.0.1
folly 2021.08.02.00_1
fontconfig 2.13.1
freetype 2.11.0
fvm 2.2.2
gdbm 1.20
gettext 0.21
gflags 2.2.2
ghostscript 9.54.0
git 2.33.0
git-lfs 2.13.3
glib 2.68.4
glog 0.5.0
gmp 6.2.1
gnu-getopt 2.37.2
gnutls 3.6.16
go 1.16.6
gradle 7.2
guile 3.0.7
icu4c 69.1
imagemagick 7.1.0-5
imath 3.1.2
jbig2dec 0.19
jemalloc 5.2.1_1
jenv 0.5.4
jpeg 9d
jq 1.6
libde265 1.0.8
libev 4.33
libevent 2.1.12
libffi 3.3_3
libheif 1.12.0
libidn 1.38
libidn2 2.3.2
liblqr 0.4.2_1
libomp 12.0.1
libpng 1.6.37
libtasn1 4.17.0
libtiff 4.3.0
libtool 2.4.6_4
libunistring 0.9.10
libuv 1.42.0
libyaml 0.2.5
little-cms2 2.12
lz4 1.9.3
m4 1.4.19
macos-term-size 1.0.0
maven 3.8.2
mercurial 5.9
mpdecimal 2.5.1
nettle 3.7.3
nghttp2 1.44.0
node 16.7.0
node@12 12.22.5
oniguruma 6.9.7.1
openconnect 8.10
openexr 3.1.1
openjdk 16.0.2
openjpeg 2.4.0
openssl@1.1 1.1.1k
p11-kit 0.24.0
pcre 8.45
pcre2 10.37_1
pkg-config 0.29.2_3
python@3.9 3.9.6
rbenv 1.1.2
readline 8.1
ruby-build 20210804
screen 4.8.0
shared-mime-info 2.1
six 1.16.0_1
snappy 1.1.9
sqlite 3.36.0
stoken 0.92_1
tree 1.8.0
unbound 1.13.2
watchman 2021.08.02.00_1
webp 1.2.1
wget 1.21.1_1
x265 3.5
xmlto 0.0.28
xz 5.2.5
yarn 1.22.11
zstd 1.5.0
========================================


=== Brew deps tree ==================
adoptopenjdk/openjdk/adoptopenjdk11

adoptopenjdk/openjdk/adoptopenjdk8

ansible
├── libyaml
├── openssl@1.1
└── python@3.9
    ├── gdbm
    ├── mpdecimal
    ├── openssl@1.1
    ├── readline
    ├── sqlite
    │   └── readline
    └── xz

ant
└── openjdk

aom

wix/brew/applesimutils

autoconf
└── m4

awscli
├── python@3.9
│   ├── gdbm
│   ├── mpdecimal
│   ├── openssl@1.1
│   ├── readline
│   ├── sqlite
│   │   └── readline
│   └── xz
└── six

bdw-gc

boost
└── icu4c

brotli

c-ares

carthage

cmake

coreutils

danger/tap/danger-js

danger/tap/danger-swift
└── danger/tap/danger-js

dart-lang/dart/dart

docbook

docbook-xsl
└── docbook

double-conversion

flow

fmt

folly
├── boost
│   └── icu4c
├── double-conversion
├── fmt
├── gflags
├── glog
│   └── gflags
├── libevent
│   └── openssl@1.1
├── lz4
├── openssl@1.1
├── snappy
├── xz
└── zstd

fontconfig
└── freetype
    └── libpng

freetype
└── libpng

leoafarias/fvm/fvm

gdbm

gettext

gflags

ghostscript
├── fontconfig
│   └── freetype
│       └── libpng
├── freetype
│   └── libpng
├── jbig2dec
├── jpeg
├── libidn
├── libpng
├── libtiff
│   └── jpeg
├── little-cms2
│   ├── jpeg
│   └── libtiff
│       └── jpeg
└── openjpeg
    ├── libpng
    ├── libtiff
    │   └── jpeg
    └── little-cms2
        ├── jpeg
        └── libtiff
            └── jpeg

git
├── gettext
└── pcre2

git-lfs

glib
├── gettext
├── libffi
├── pcre
└── python@3.9
    ├── gdbm
    ├── mpdecimal
    ├── openssl@1.1
    ├── readline
    ├── sqlite
    │   └── readline
    └── xz

glog
└── gflags

gmp

gnu-getopt

gnutls
├── gmp
├── guile
│   ├── bdw-gc
│   ├── gmp
│   ├── libffi
│   ├── libtool
│   │   └── m4
│   ├── libunistring
│   ├── pkg-config
│   └── readline
├── libidn2
│   ├── gettext
│   └── libunistring
├── libtasn1
├── libunistring
├── nettle
│   └── gmp
├── p11-kit
│   └── libffi
└── unbound
    ├── libevent
    │   └── openssl@1.1
    ├── nghttp2
    │   ├── c-ares
    │   ├── jemalloc
    │   ├── libev
    │   └── openssl@1.1
    └── openssl@1.1

go

gradle
└── openjdk

guile
├── bdw-gc
├── gmp
├── libffi
├── libtool
│   └── m4
├── libunistring
├── pkg-config
└── readline

icu4c

imagemagick
├── freetype
│   └── libpng
├── ghostscript
│   ├── fontconfig
│   │   └── freetype
│   │       └── libpng
│   ├── freetype
│   │   └── libpng
│   ├── jbig2dec
│   ├── jpeg
│   ├── libidn
│   ├── libpng
│   ├── libtiff
│   │   └── jpeg
│   ├── little-cms2
│   │   ├── jpeg
│   │   └── libtiff
│   │       └── jpeg
│   └── openjpeg
│       ├── libpng
│       ├── libtiff
│       │   └── jpeg
│       └── little-cms2
│           ├── jpeg
│           └── libtiff
│               └── jpeg
├── jpeg
├── libheif
│   ├── aom
│   ├── jpeg
│   ├── libde265
│   ├── libpng
│   ├── shared-mime-info
│   │   ├── gettext
│   │   ├── glib
│   │   │   ├── gettext
│   │   │   ├── libffi
│   │   │   ├── pcre
│   │   │   └── python@3.9
│   │   │       ├── gdbm
│   │   │       ├── mpdecimal
│   │   │       ├── openssl@1.1
│   │   │       ├── readline
│   │   │       ├── sqlite
│   │   │       │   └── readline
│   │   │       └── xz
│   │   └── xmlto
│   │       ├── docbook
│   │       ├── docbook-xsl
│   │       │   └── docbook
│   │       └── gnu-getopt
│   └── x265
├── liblqr
│   └── glib
│       ├── gettext
│       ├── libffi
│       ├── pcre
│       └── python@3.9
│           ├── gdbm
│           ├── mpdecimal
│           ├── openssl@1.1
│           ├── readline
│           ├── sqlite
│           │   └── readline
│           └── xz
├── libomp
├── libpng
├── libtiff
│   └── jpeg
├── libtool
│   └── m4
├── little-cms2
│   ├── jpeg
│   └── libtiff
│       └── jpeg
├── openexr
│   └── imath
├── openjpeg
│   ├── libpng
│   ├── libtiff
│   │   └── jpeg
│   └── little-cms2
│       ├── jpeg
│       └── libtiff
│           └── jpeg
├── webp
│   ├── jpeg
│   ├── libpng
│   └── libtiff
│       └── jpeg
└── xz

imath

intel-haxm

jbig2dec

jemalloc

jenv

jpeg

jq
└── oniguruma

libde265

libev

libevent
└── openssl@1.1

libffi

libheif
├── aom
├── jpeg
├── libde265
├── libpng
├── shared-mime-info
│   ├── gettext
│   ├── glib
│   │   ├── gettext
│   │   ├── libffi
│   │   ├── pcre
│   │   └── python@3.9
│   │       ├── gdbm
│   │       ├── mpdecimal
│   │       ├── openssl@1.1
│   │       ├── readline
│   │       ├── sqlite
│   │       │   └── readline
│   │       └── xz
│   └── xmlto
│       ├── docbook
│       ├── docbook-xsl
│       │   └── docbook
│       └── gnu-getopt
└── x265

libidn

libidn2
├── gettext
└── libunistring

liblqr
└── glib
    ├── gettext
    ├── libffi
    ├── pcre
    └── python@3.9
        ├── gdbm
        ├── mpdecimal
        ├── openssl@1.1
        ├── readline
        ├── sqlite
        │   └── readline
        └── xz

libomp

libpng

libtasn1

libtiff
└── jpeg

libtool
└── m4

libunistring

libuv

libyaml

little-cms2
├── jpeg
└── libtiff
    └── jpeg

lz4

m4

macos-term-size

maven
└── openjdk

mercurial
└── python@3.9
    ├── gdbm
    ├── mpdecimal
    ├── openssl@1.1
    ├── readline
    ├── sqlite
    │   └── readline
    └── xz

mpdecimal

nettle
└── gmp

nghttp2
├── c-ares
├── jemalloc
├── libev
└── openssl@1.1

node
├── brotli
├── c-ares
├── icu4c
├── libuv
├── nghttp2
│   ├── c-ares
│   ├── jemalloc
│   ├── libev
│   └── openssl@1.1
└── openssl@1.1

node@12
├── icu4c
└── macos-term-size

oniguruma

openconnect
├── gettext
├── gnutls
│   ├── gmp
│   ├── guile
│   │   ├── bdw-gc
│   │   ├── gmp
│   │   ├── libffi
│   │   ├── libtool
│   │   │   └── m4
│   │   ├── libunistring
│   │   ├── pkg-config
│   │   └── readline
│   ├── libidn2
│   │   ├── gettext
│   │   └── libunistring
│   ├── libtasn1
│   ├── libunistring
│   ├── nettle
│   │   └── gmp
│   ├── p11-kit
│   │   └── libffi
│   └── unbound
│       ├── libevent
│       │   └── openssl@1.1
│       ├── nghttp2
│       │   ├── c-ares
│       │   ├── jemalloc
│       │   ├── libev
│       │   └── openssl@1.1
│       └── openssl@1.1
└── stoken
    └── nettle
        └── gmp

openexr
└── imath

openjdk

openjpeg
├── libpng
├── libtiff
│   └── jpeg
└── little-cms2
    ├── jpeg
    └── libtiff
        └── jpeg

openssl@1.1

p11-kit
└── libffi

pcre

pcre2

pkg-config

python@3.9
├── gdbm
├── mpdecimal
├── openssl@1.1
├── readline
├── sqlite
│   └── readline
└── xz

rbenv
└── ruby-build
    ├── autoconf
    │   └── m4
    ├── pkg-config
    └── readline

readline

ruby-build
├── autoconf
│   └── m4
├── pkg-config
└── readline

screen

shared-mime-info
├── gettext
├── glib
│   ├── gettext
│   ├── libffi
│   ├── pcre
│   └── python@3.9
│       ├── gdbm
│       ├── mpdecimal
│       ├── openssl@1.1
│       ├── readline
│       ├── sqlite
│       │   └── readline
│       └── xz
└── xmlto
    ├── docbook
    ├── docbook-xsl
    │   └── docbook
    └── gnu-getopt

six

snappy

sqlite
└── readline

stoken
└── nettle
    └── gmp

tree

unbound
├── libevent
│   └── openssl@1.1
├── nghttp2
│   ├── c-ares
│   ├── jemalloc
│   ├── libev
│   └── openssl@1.1
└── openssl@1.1

watchman
├── boost
│   └── icu4c
├── fmt
├── folly
│   ├── boost
│   │   └── icu4c
│   ├── double-conversion
│   ├── fmt
│   ├── gflags
│   ├── glog
│   │   └── gflags
│   ├── libevent
│   │   └── openssl@1.1
│   ├── lz4
│   ├── openssl@1.1
│   ├── snappy
│   ├── xz
│   └── zstd
├── gflags
├── glog
│   └── gflags
├── libevent
│   └── openssl@1.1
├── openssl@1.1
├── pcre
└── python@3.9
    ├── gdbm
    ├── mpdecimal
    ├── openssl@1.1
    ├── readline
    ├── sqlite
    │   └── readline
    └── xz

webp
├── jpeg
├── libpng
└── libtiff
    └── jpeg

wget
├── libidn2
│   ├── gettext
│   └── libunistring
└── openssl@1.1

x265

xmlto
├── docbook
├── docbook-xsl
│   └── docbook
└── gnu-getopt

xz

yarn
└── node
    ├── brotli
    ├── c-ares
    ├── icu4c
    ├── libuv
    ├── nghttp2
    │   ├── c-ares
    │   ├── jemalloc
    │   ├── libev
    │   └── openssl@1.1
    └── openssl@1.1

zstd

========================================


=== Ruby and rubygems ==================
* Ruby (default): ruby 2.6.5p114 (2019-10-01 revision 67812) [x86_64-darwin19]
--- Available ruby versions ---
  system
  2.4.5
  2.5.3
* 2.6.5 (set by /Users/vagrant/.rbenv/version)
  2.7.2
  3.0.0
-------------------------------
* rbenv: 1.1.2
* Rubygems: 3.0.3
* Bundler: Bundler version 2.1.4
* CocoaPods: 1.10.1
* xcpretty: 0.3.0
========================================


=== All Ruby GEMs ======================
activesupport (5.2.6)
addressable (2.8.0)
algoliasearch (1.27.5)
artifactory (3.0.15)
atomos (0.1.3)
aws-eventstream (1.1.1)
aws-partitions (1.490.0)
aws-sdk-core (3.119.1)
aws-sdk-kms (1.46.0)
aws-sdk-s3 (1.99.0)
aws-sigv4 (1.2.4)
babosa (1.0.4)
bigdecimal (default: 1.4.1)
bundler (2.1.4, default: 1.17.2)
CFPropertyList (3.0.3)
claide (1.0.3)
clamp (1.3.2)
cmath (default: 1.0.0)
cocoapods (1.10.1)
cocoapods-core (1.10.1)
cocoapods-deintegrate (1.0.5)
cocoapods-downloader (1.5.0)
cocoapods-plugins (1.0.0)
cocoapods-search (1.0.1)
cocoapods-trunk (1.6.0)
cocoapods-try (1.2.0)
colored (1.2)
colored2 (3.1.2)
commander (4.6.0)
concurrent-ruby (1.1.9)
csv (default: 3.0.9)
date (default: 2.0.0)
dbm (default: 1.0.0)
declarative (0.0.20)
did_you_mean (1.3.0)
digest-crc (0.6.4)
domain_name (0.5.20190701)
dotenv (2.7.6)
e2mmap (default: 0.1.0)
emoji_regex (3.2.2)
escape (0.0.4)
etc (default: 1.0.1)
ethon (0.14.0)
excon (0.85.0)
faraday (1.7.0)
faraday-cookie_jar (0.0.7)
faraday-em_http (1.0.0)
faraday-em_synchrony (1.0.0)
faraday-excon (1.1.0)
faraday-httpclient (1.0.1)
faraday-net_http (1.0.1)
faraday-net_http_persistent (1.2.0)
faraday-patron (1.0.0)
faraday-rack (1.0.0)
faraday_middleware (1.1.0)
fastimage (2.2.5)
fastlane (2.192.0)
fcntl (default: 1.0.0)
ffi (1.15.4)
fiddle (default: 1.0.0)
fileutils (default: 1.1.0)
forwardable (default: 1.2.0)
fourflusher (2.3.1)
fuzzy_match (2.0.4)
gh_inspector (1.1.3)
google-apis-androidpublisher_v3 (0.10.0)
google-apis-core (0.4.1)
google-apis-iamcredentials_v1 (0.7.0)
google-apis-playcustomapp_v1 (0.5.0)
google-apis-storage_v1 (0.6.0)
google-cloud-core (1.6.0)
google-cloud-env (1.5.0)
google-cloud-errors (1.1.0)
google-cloud-storage (1.34.1)
googleauth (0.17.0)
highline (2.0.3)
http-cookie (1.0.4)
httpclient (2.8.3)
i18n (1.8.10)
io-console (default: 0.4.7)
ipaddr (default: 1.2.2)
irb (default: 1.0.0)
jazzy (0.13.6)
jmespath (1.4.0)
json (default: 2.1.0)
jwt (2.2.3)
liferaft (0.0.6)
logger (default: 1.3.0)
matrix (default: 0.1.0)
memoist (0.16.2)
mini_magick (4.11.0)
mini_mime (1.1.1)
minitest (5.11.3)
molinillo (0.6.6)
multi_json (1.15.0)
multipart-post (2.0.0)
mustache (1.1.1)
mutex_m (default: 0.1.0)
nanaimo (0.3.0)
nap (1.1.0)
naturally (2.2.1)
net-telnet (0.2.0)
netrc (0.11.0)
nokogiri (1.12.4 x86_64-darwin)
open4 (1.3.4)
openssl (default: 2.1.2)
optparse (0.1.1)
os (1.1.1)
ostruct (default: 0.1.0)
plist (3.6.0)
power_assert (1.1.3)
prime (default: 0.1.0)
psych (default: 3.1.0)
public_suffix (4.0.6)
racc (1.5.2)
rake (12.3.2)
rdoc (default: 6.1.2)
redcarpet (3.5.1)
representable (3.1.1)
retriable (3.1.2)
rexml (3.2.5, default: 3.1.9)
rouge (2.0.7)
rss (default: 0.2.7)
ruby-macho (1.4.0)
ruby2_keywords (0.0.5)
rubyzip (2.3.2)
sassc (2.4.0)
scanf (default: 1.0.0)
sdbm (default: 1.0.0)
security (0.1.3)
shell (default: 0.7)
signet (0.15.0)
simctl (1.6.8)
slack-notifier (2.4.0)
slather (2.5.0)
sqlite3 (1.4.2)
stringio (default: 0.0.2)
strscan (default: 1.0.0)
sync (default: 0.5.0)
terminal-notifier (2.0.0)
terminal-table (1.8.0)
test-unit (3.2.9)
thread_safe (0.3.6)
thwait (default: 0.1.0)
tracer (default: 0.1.0)
trailblazer-option (0.1.1)
trainer (0.9.1)
tty-cursor (0.7.1)
tty-screen (0.8.1)
tty-spinner (0.9.3)
typhoeus (1.4.0)
tzinfo (1.2.9)
uber (0.1.0)
unf (0.1.4)
unf_ext (0.0.7.7)
unicode-display_width (1.7.0)
webrick (default: 1.4.2)
word_wrap (1.0.0)
xcinvoke (0.3.0)
xcode-install (2.7.0)
xcodeproj (1.21.0)
xcov (1.7.5)
xcpretty (0.3.0)
xcpretty-json-formatter (0.1.1)
xcpretty-travis-formatter (1.0.1)
xcresult (0.2.1)
xmlrpc (0.3.0)
zlib (default: 1.0.0)
========================================


=== NPM global packages ==========================
* Cordova: 9.0.0 (cordova-lib@9.0.1)
* Ionic: 6.11.12
* Appcenter-CLI version: 2.9.0
========================================


=== Checking Xcode CLT dirs ============

 * ls -1 /Library/Developer/CommandLineTools/SDKs/MacOSX10.15.sdk/usr/include/CommonCrypto
CommonCrypto.h
CommonCryptoError.h
CommonCryptor.h
CommonDigest.h
CommonHMAC.h
CommonKeyDerivation.h
CommonRandom.h
CommonSymmetricKeywrap.h
module.modulemap

 * ls -1 /Library/Developer/CommandLineTools/
Library
SDKs
usr

 * /Library/Developer/CommandLineTools/usr/bin/swift --version
Apple Swift version 5.3.2 (swiftlang-1200.0.45 clang-1200.0.32.28)
Target: x86_64-apple-darwin19.6.0

========================================


=== Xcode ==============================

* Active Xcode Command Line Tools:
/Applications/Xcode-12.2.app/Contents/Developer

* Xcode Version:
Xcode 12.2
Build version 12B45b

* /usr/bin/swift --version
Apple Swift version 5.3.1 (swiftlang-1200.0.41 clang-1200.0.32.8)
Target: x86_64-apple-darwin19.6.0

* Installed SDKs:
iOS SDKs:
	iOS 14.2                      	-sdk iphoneos14.2

iOS Simulator SDKs:
	Simulator - iOS 14.2          	-sdk iphonesimulator14.2

macOS SDKs:
	DriverKit 20.0                	-sdk driverkit.macosx20.0
	macOS 11.0                    	-sdk macosx11.0

tvOS SDKs:
	tvOS 14.2                     	-sdk appletvos14.2

tvOS Simulator SDKs:
	Simulator - tvOS 14.2         	-sdk appletvsimulator14.2

watchOS SDKs:
	watchOS 7.1                   	-sdk watchos7.1

watchOS Simulator SDKs:
	Simulator - watchOS 7.1       	-sdk watchsimulator7.1


* Available Simulators:
== Device Types ==
iPhone 4s (com.apple.CoreSimulator.SimDeviceType.iPhone-4s)
iPhone 5 (com.apple.CoreSimulator.SimDeviceType.iPhone-5)
iPhone 5s (com.apple.CoreSimulator.SimDeviceType.iPhone-5s)
iPhone 6 Plus (com.apple.CoreSimulator.SimDeviceType.iPhone-6-Plus)
iPhone 6 (com.apple.CoreSimulator.SimDeviceType.iPhone-6)
iPhone 6s (com.apple.CoreSimulator.SimDeviceType.iPhone-6s)
iPhone 6s Plus (com.apple.CoreSimulator.SimDeviceType.iPhone-6s-Plus)
iPhone SE (1st generation) (com.apple.CoreSimulator.SimDeviceType.iPhone-SE)
iPhone 7 (com.apple.CoreSimulator.SimDeviceType.iPhone-7)
iPhone 7 Plus (com.apple.CoreSimulator.SimDeviceType.iPhone-7-Plus)
iPhone 8 (com.apple.CoreSimulator.SimDeviceType.iPhone-8)
iPhone 8 Plus (com.apple.CoreSimulator.SimDeviceType.iPhone-8-Plus)
iPhone X (com.apple.CoreSimulator.SimDeviceType.iPhone-X)
iPhone Xs (com.apple.CoreSimulator.SimDeviceType.iPhone-XS)
iPhone Xs Max (com.apple.CoreSimulator.SimDeviceType.iPhone-XS-Max)
iPhone Xʀ (com.apple.CoreSimulator.SimDeviceType.iPhone-XR)
iPhone 11 (com.apple.CoreSimulator.SimDeviceType.iPhone-11)
iPhone 11 Pro (com.apple.CoreSimulator.SimDeviceType.iPhone-11-Pro)
iPhone 11 Pro Max (com.apple.CoreSimulator.SimDeviceType.iPhone-11-Pro-Max)
iPhone SE (2nd generation) (com.apple.CoreSimulator.SimDeviceType.iPhone-SE--2nd-generation-)
iPhone 12 mini (com.apple.CoreSimulator.SimDeviceType.iPhone-12-mini)
iPhone 12 (com.apple.CoreSimulator.SimDeviceType.iPhone-12)
iPhone 12 Pro (com.apple.CoreSimulator.SimDeviceType.iPhone-12-Pro)
iPhone 12 Pro Max (com.apple.CoreSimulator.SimDeviceType.iPhone-12-Pro-Max)
iPod touch (7th generation) (com.apple.CoreSimulator.SimDeviceType.iPod-touch--7th-generation-)
iPad 2 (com.apple.CoreSimulator.SimDeviceType.iPad-2)
iPad Retina (com.apple.CoreSimulator.SimDeviceType.iPad-Retina)
iPad Air (com.apple.CoreSimulator.SimDeviceType.iPad-Air)
iPad mini 2 (com.apple.CoreSimulator.SimDeviceType.iPad-mini-2)
iPad mini 3 (com.apple.CoreSimulator.SimDeviceType.iPad-mini-3)
iPad mini 4 (com.apple.CoreSimulator.SimDeviceType.iPad-mini-4)
iPad Air 2 (com.apple.CoreSimulator.SimDeviceType.iPad-Air-2)
iPad Pro (9.7-inch) (com.apple.CoreSimulator.SimDeviceType.iPad-Pro--9-7-inch-)
iPad Pro (12.9-inch) (1st generation) (com.apple.CoreSimulator.SimDeviceType.iPad-Pro)
iPad (5th generation) (com.apple.CoreSimulator.SimDeviceType.iPad--5th-generation-)
iPad Pro (12.9-inch) (2nd generation) (com.apple.CoreSimulator.SimDeviceType.iPad-Pro--12-9-inch---2nd-generation-)
iPad Pro (10.5-inch) (com.apple.CoreSimulator.SimDeviceType.iPad-Pro--10-5-inch-)
iPad (6th generation) (com.apple.CoreSimulator.SimDeviceType.iPad--6th-generation-)
iPad (7th generation) (com.apple.CoreSimulator.SimDeviceType.iPad--7th-generation-)
iPad Pro (11-inch) (1st generation) (com.apple.CoreSimulator.SimDeviceType.iPad-Pro--11-inch-)
iPad Pro (12.9-inch) (3rd generation) (com.apple.CoreSimulator.SimDeviceType.iPad-Pro--12-9-inch---3rd-generation-)
iPad Pro (11-inch) (2nd generation) (com.apple.CoreSimulator.SimDeviceType.iPad-Pro--11-inch---2nd-generation-)
iPad Pro (12.9-inch) (4th generation) (com.apple.CoreSimulator.SimDeviceType.iPad-Pro--12-9-inch---4th-generation-)
iPad mini (5th generation) (com.apple.CoreSimulator.SimDeviceType.iPad-mini--5th-generation-)
iPad Air (3rd generation) (com.apple.CoreSimulator.SimDeviceType.iPad-Air--3rd-generation-)
iPad (8th generation) (com.apple.CoreSimulator.SimDeviceType.iPad--8th-generation-)
iPad Air (4th generation) (com.apple.CoreSimulator.SimDeviceType.iPad-Air--4th-generation-)
Apple TV (com.apple.CoreSimulator.SimDeviceType.Apple-TV-1080p)
Apple TV 4K (com.apple.CoreSimulator.SimDeviceType.Apple-TV-4K-4K)
Apple TV 4K (at 1080p) (com.apple.CoreSimulator.SimDeviceType.Apple-TV-4K-1080p)
Apple Watch - 38mm (com.apple.CoreSimulator.SimDeviceType.Apple-Watch-38mm)
Apple Watch - 42mm (com.apple.CoreSimulator.SimDeviceType.Apple-Watch-42mm)
Apple Watch Series 2 - 38mm (com.apple.CoreSimulator.SimDeviceType.Apple-Watch-Series-2-38mm)
Apple Watch Series 2 - 42mm (com.apple.CoreSimulator.SimDeviceType.Apple-Watch-Series-2-42mm)
Apple Watch Series 3 - 38mm (com.apple.CoreSimulator.SimDeviceType.Apple-Watch-Series-3-38mm)
Apple Watch Series 3 - 42mm (com.apple.CoreSimulator.SimDeviceType.Apple-Watch-Series-3-42mm)
Apple Watch Series 4 - 40mm (com.apple.CoreSimulator.SimDeviceType.Apple-Watch-Series-4-40mm)
Apple Watch Series 4 - 44mm (com.apple.CoreSimulator.SimDeviceType.Apple-Watch-Series-4-44mm)
Apple Watch Series 5 - 40mm (com.apple.CoreSimulator.SimDeviceType.Apple-Watch-Series-5-40mm)
Apple Watch Series 5 - 44mm (com.apple.CoreSimulator.SimDeviceType.Apple-Watch-Series-5-44mm)
Apple Watch SE - 40mm (com.apple.CoreSimulator.SimDeviceType.Apple-Watch-SE-40mm)
Apple Watch SE - 44mm (com.apple.CoreSimulator.SimDeviceType.Apple-Watch-SE-44mm)
Apple Watch Series 6 - 40mm (com.apple.CoreSimulator.SimDeviceType.Apple-Watch-Series-6-40mm)
Apple Watch Series 6 - 44mm (com.apple.CoreSimulator.SimDeviceType.Apple-Watch-Series-6-44mm)
== Runtimes ==
iOS 13.6 (13.6 - 17G64) - com.apple.CoreSimulator.SimRuntime.iOS-13-6
iOS 13.7 (13.7 - 17H22) - com.apple.CoreSimulator.SimRuntime.iOS-13-7
iOS 14.0 (14.0.1 - 18A394) - com.apple.CoreSimulator.SimRuntime.iOS-14-0
iOS 14.1 (14.1 - 18A8394) - com.apple.CoreSimulator.SimRuntime.iOS-14-1
iOS 14.2 (14.2 - 18B79) - com.apple.CoreSimulator.SimRuntime.iOS-14-2
tvOS 13.4 (13.4 - 17L255) - com.apple.CoreSimulator.SimRuntime.tvOS-13-4
tvOS 14.0 (14.0 - 18J383) - com.apple.CoreSimulator.SimRuntime.tvOS-14-0
tvOS 14.2 (14.2 - 18K54) - com.apple.CoreSimulator.SimRuntime.tvOS-14-2
watchOS 6.2 (6.2.1 - 17T531) - com.apple.CoreSimulator.SimRuntime.watchOS-6-2
watchOS 7.0 (7.0 - 18R382) - com.apple.CoreSimulator.SimRuntime.watchOS-7-0
watchOS 7.1 (7.1 - 18R579) - com.apple.CoreSimulator.SimRuntime.watchOS-7-1
== Devices ==
-- iOS 13.6 --
    iPhone 8 (8F25C128-4753-411E-AB44-1CF96BEC0240) (Shutdown) 
    iPhone 8 Plus (8104025D-6B93-4295-988D-653726C170CA) (Shutdown) 
    iPhone 11 (B7A3B423-FEDC-4A0F-B834-CE60FC57CF8F) (Shutdown) 
    iPhone 11 Pro (C7C8D441-066E-43CA-BC41-49E262031A0A) (Shutdown) 
    iPhone 11 Pro Max (680AF88D-395C-41F8-A5FD-CD2B08961316) (Shutdown) 
    iPhone SE (2nd generation) (3BFB7EB0-EB52-42CC-8F21-94FC2C1D618A) (Shutdown) 
    iPad Pro (9.7-inch) (32D8C14B-1198-447C-95A7-0D95DC826108) (Shutdown) 
    iPad (7th generation) (5B0DAD3C-C0F1-4584-9212-45F03D14C1B0) (Shutdown) 
    iPad Pro (11-inch) (2nd generation) (AA1C1141-A57A-442D-9B63-A2D9C64C7876) (Shutdown) 
    iPad Pro (12.9-inch) (4th generation) (7C78CF20-698C-46F0-850A-D53BD4354EE2) (Shutdown) 
    iPad Air (3rd generation) (DDDB2653-B015-465D-ABB7-A66DD8DC7090) (Shutdown) 
-- iOS 13.7 --
    iPhone 8 (30A3D109-6A7B-4AD4-9F85-D118BDA32B63) (Shutdown) 
    iPhone 8 Plus (F06A2677-7358-48AE-A220-4D3947475010) (Shutdown) 
    iPhone 11 (36DF53A5-2D01-4B6B-9B4E-5B56A6BC9E03) (Shutdown) 
    iPhone 11 Pro (8C43D7DA-0D92-40F3-AB45-D12EC791141D) (Shutdown) 
    iPhone 11 Pro Max (25D21746-C5FF-4C76-A7F0-ACE268A520CC) (Shutdown) 
    iPhone SE (2nd generation) (41F0BF8C-A320-40F1-95B6-569A1AC286C8) (Shutdown) 
    iPad Pro (9.7-inch) (B1B9674F-75D3-4E18-AEBB-C207D4F5A1B5) (Shutdown) 
    iPad (7th generation) (F24EE514-B7A7-4B11-BBCD-C4D81009F5CA) (Shutdown) 
    iPad Pro (11-inch) (2nd generation) (941914D8-62A2-4FA0-9155-210E75F11C37) (Shutdown) 
    iPad Pro (12.9-inch) (4th generation) (485DCFA8-AFFF-4700-B47B-E74106CDFFBA) (Shutdown) 
    iPad Air (3rd generation) (0B318F2E-9ABF-46AA-8E84-FF446A450771) (Shutdown) 
-- iOS 14.0 --
    iPhone 8 (7F0866A4-A79F-41DB-9E80-F16DF156252C) (Shutdown) 
    iPhone 8 Plus (9E1CE9CC-23B8-4275-A613-28ACF92696F1) (Shutdown) 
    iPhone 11 (3A38539C-E47C-4D11-A470-A07A703303F6) (Shutdown) 
    iPhone 11 Pro (67164D5B-54EE-4347-A96F-53D8126E454D) (Shutdown) 
    iPhone 11 Pro Max (FD130EE8-1B93-43DC-B138-80DD806B3807) (Shutdown) 
    iPhone SE (2nd generation) (AC90607C-B304-4EF2-959F-A7EC84283B28) (Shutdown) 
    iPod touch (7th generation) (3B90E217-7DBC-406E-8003-52EA698B651F) (Shutdown) 
    iPad Pro (9.7-inch) (B1BCD451-889D-474A-872B-BFD8529AD1B3) (Shutdown) 
    iPad Pro (11-inch) (2nd generation) (A9A07C5B-F17E-4A26-AEF1-DCBFED8FC122) (Shutdown) 
    iPad Pro (12.9-inch) (4th generation) (4CE1C311-AF23-4CA1-9A54-BE78896E784A) (Shutdown) 
    iPad (8th generation) (0E7CA991-8FE3-4364-89C8-D7EDBDBD2FF1) (Shutdown) 
    iPad Air (4th generation) (86B31DF2-D24E-454F-BCB2-D21BAC9B439A) (Shutdown) 
-- iOS 14.1 --
    iPhone 8 (EFA38BF2-48CF-4904-A093-45B084001D49) (Shutdown) 
    iPhone 8 Plus (CA724E5E-84A6-41F8-86FA-46265229DD7D) (Shutdown) 
    iPhone 11 (13534D7B-BD9D-4A1A-B581-2D38DFA34AD2) (Shutdown) 
    iPhone 11 Pro (176E2D0A-CA0A-42A7-A0D9-FC0B98014194) (Shutdown) 
    iPhone 11 Pro Max (838214C2-59BE-4D51-BAF2-D98D66E9DC60) (Shutdown) 
    iPhone SE (2nd generation) (9D90D4E8-9829-4CAC-9C08-982C6EF534CA) (Shutdown) 
    iPhone 12 mini (EC258527-FC22-4767-87A2-7D66266667E7) (Shutdown) 
    iPhone 12 (3E221B56-E7FF-4737-AA56-8F5AFC341C8D) (Shutdown) 
    iPhone 12 Pro (64C810B1-4A08-4AB7-855F-54C688570859) (Shutdown) 
    iPhone 12 Pro Max (3C839951-B74B-4406-B074-89E051BF3811) (Shutdown) 
    iPod touch (7th generation) (AF8B8D14-FE84-4A77-A8E6-FEFC9AAEA43B) (Shutdown) 
    iPad Pro (9.7-inch) (13228B54-482B-4FE9-8B9D-E38FC6F01453) (Shutdown) 
    iPad Pro (11-inch) (2nd generation) (832910DD-441E-47AF-AC36-EE9ABF199620) (Shutdown) 
    iPad Pro (12.9-inch) (4th generation) (5CC78BEF-F986-469F-9DC4-7465F58B4A99) (Shutdown) 
    iPad (8th generation) (C0E1BDF6-09BA-402A-8869-BBFC41245CA7) (Shutdown) 
    iPad Air (4th generation) (7F8ECB49-8D2C-4273-AED2-C624F8CC6389) (Shutdown) 
-- iOS 14.2 --
    iPhone 8 (9DEF6430-47CE-449D-AC61-1C1FA0A930EE) (Shutdown) 
    iPhone 8 Plus (DF1ADE98-2242-499B-B5FC-058BDAE96451) (Shutdown) 
    iPhone 11 (52B4556C-62C0-496E-800D-E149C4EBADDC) (Shutdown) 
    iPhone 11 Pro (0ED35EB7-0DAD-483B-8E59-D84D5BCD4BE5) (Shutdown) 
    iPhone 11 Pro Max (E091A94F-B15C-47EC-906B-48BB669BA11E) (Shutdown) 
    iPhone SE (2nd generation) (14D40E11-4598-4E44-A597-9511C2F5F694) (Shutdown) 
    iPhone 12 mini (B6BB9F76-4D19-429E-B802-71389A29195C) (Shutdown) 
    iPhone 12 (25454237-CAD1-4994-85C2-090E3F145084) (Shutdown) 
    iPhone 12 Pro (210B14E8-D2F1-44EE-A0CD-92E7858027D7) (Shutdown) 
    iPhone 12 Pro Max (7447BF7B-B681-4C73-AE59-1A0E3D862291) (Shutdown) 
    iPod touch (7th generation) (7CA2545D-B5F9-46DF-A3DA-B5AB587BA9DB) (Shutdown) 
    iPad Pro (9.7-inch) (EBF9488D-7F81-4F1D-B38A-C0E2985C83BF) (Shutdown) 
    iPad Pro (11-inch) (2nd generation) (40DB6B59-3203-4C09-AD3C-13F1E9194F22) (Shutdown) 
    iPad Pro (12.9-inch) (4th generation) (CA3E3773-A966-437B-94A3-F4F87CE8951B) (Shutdown) 
    iPad (8th generation) (89443AFC-A1E8-4A64-B74D-84E34B34142E) (Shutdown) 
    iPad Air (4th generation) (FEDE1824-9DA2-46CD-A14F-FD8DA2C6EB73) (Shutdown) 
-- tvOS 13.4 --
    Apple TV (44C2B1AF-50AF-4B2B-857D-C00030AB601D) (Shutdown) 
    Apple TV 4K (B2B6B9C4-60EE-4D0A-92C2-0BAE1D38A807) (Shutdown) 
    Apple TV 4K (at 1080p) (E785F6DD-289B-4802-8177-44F6D39840BC) (Shutdown) 
-- tvOS 14.0 --
    Apple TV (6C4A27F3-41D1-4F91-9BD6-B9304BE8D172) (Shutdown) 
    Apple TV 4K (F98FD0C9-7C6A-420F-BA9D-FF933F3168B8) (Shutdown) 
    Apple TV 4K (at 1080p) (0E0E3F7B-45F0-452C-8220-375904069C30) (Shutdown) 
-- tvOS 14.2 --
    Apple TV (A7CEC278-9328-423D-BBBA-A8C7A06083FD) (Shutdown) 
    Apple TV 4K (DDD8480E-34C8-4BBE-916A-41E59B271E67) (Shutdown) 
    Apple TV 4K (at 1080p) (20C136DD-2FD8-476A-A186-CFCEB13CFCCC) (Shutdown) 
-- watchOS 6.2 --
    Apple Watch Series 4 - 40mm (8172B4BE-5627-4EDF-A59A-64BF34C4D73C) (Shutdown) 
    Apple Watch Series 4 - 44mm (CBACA7E7-BBBC-453B-ACE8-9FCFAC90F11F) (Shutdown) 
    Apple Watch Series 5 - 40mm (48F47AA7-B9F1-460F-AEF9-6608A6760EED) (Shutdown) 
    Apple Watch Series 5 - 44mm (6C1D684B-ECF9-4EDB-B1BE-D9CA8C57F73B) (Shutdown) 
-- watchOS 7.0 --
    Apple Watch Series 5 - 40mm (5C7B4286-AECB-4649-87BD-E19785E94643) (Shutdown) 
    Apple Watch Series 5 - 44mm (61E7CB67-B33B-4725-9327-81D02CD23A84) (Shutdown) 
    Apple Watch Series 6 - 40mm (0F63BC6B-7337-4FA5-AAD1-689FBB505785) (Shutdown) 
    Apple Watch Series 6 - 44mm (C8EE058A-DE25-42F8-B1DE-A7E2475054B1) (Shutdown) 
-- watchOS 7.1 --
    Apple Watch Series 5 - 40mm (55DBD658-8ADC-489A-BAB3-E4D495B87923) (Shutdown) 
    Apple Watch Series 5 - 44mm (CFC8BB41-FDC5-4CCE-BB19-36197F191A59) (Shutdown) 
    Apple Watch Series 6 - 40mm (221657A0-19C2-4F55-AC4F-7007CF4433B7) (Shutdown) 
    Apple Watch Series 6 - 44mm (4D52AAAD-2A8F-4B68-8761-8FA2279749EB) (Shutdown) 
== Device Pairs ==
E0776086-22A8-48B2-B457-2528062A9681 (active, disconnected)
    Watch: Apple Watch Series 5 - 40mm (55DBD658-8ADC-489A-BAB3-E4D495B87923) (Shutdown)
    Phone: iPhone 12 mini (B6BB9F76-4D19-429E-B802-71389A29195C) (Shutdown)
4677CC0D-CDAD-4E10-893E-2B87142E4006 (active, disconnected)
    Watch: Apple Watch Series 5 - 44mm (CFC8BB41-FDC5-4CCE-BB19-36197F191A59) (Shutdown)
    Phone: iPhone 12 (25454237-CAD1-4994-85C2-090E3F145084) (Shutdown)
20DD9BF1-9A3E-4C50-B2FF-543D13EBA141 (active, disconnected)
    Watch: Apple Watch Series 6 - 40mm (221657A0-19C2-4F55-AC4F-7007CF4433B7) (Shutdown)
    Phone: iPhone 12 Pro (210B14E8-D2F1-44EE-A0CD-92E7858027D7) (Shutdown)
E55C58A0-0952-4DD7-A4F5-A5999907B608 (active, disconnected)
    Watch: Apple Watch Series 6 - 44mm (4D52AAAD-2A8F-4B68-8761-8FA2279749EB) (Shutdown)
    Phone: iPhone 12 Pro Max (7447BF7B-B681-4C73-AE59-1A0E3D862291) (Shutdown)

========================================


=== OS X info =========================

* sw_vers
ProductName:	Mac OS X
ProductVersion:	10.15.7
BuildVersion:	19H15

* system_profiler SPSoftwareDataType
Software:

    System Software Overview:

      System Version: macOS 10.15.7 (19H15)
      Kernel Version: Darwin 19.6.0
      Boot Volume: Macintosh HD
      Boot Mode: Normal
      Computer Name: vm-osx-xcode-12.2.x-g2.4core-ec2805fe-1ef4-4b74-aa7f-00eec41b021d
      User Name: vagrant (vagrant)
      Secure Virtual Memory: Enabled
      System Integrity Protection: Disabled
      Time since boot: 4:38


========================================


=== System infos =======================
* Free disk space:
    Filesystem         Size        Avail
  /dev/disk1s5        300Gi        166Gi
========================================

--- Android

* ANDROID_HOME (/usr/local/share/android-sdk) content:
add-ons
build-tools
cmdline-tools
emulator
extras
licenses
ndk-bundle
patcher
platform-tools
platforms
system-images
tools

* ANDROID_NDK_HOME (/usr/local/share/android-sdk/ndk-bundle/android-ndk-r21e) content:

* Android NDK Version:

* platform-tools content:
NOTICE.txt
adb
dmtracedump
e2fsdroid
etc1tool
fastboot
hprof-conv
lib64
make_f2fs
make_f2fs_casefold
mke2fs
mke2fs.conf
package.xml
sload_f2fs
source.properties
sqlite3
systrace

* build-tools content:
17.0.0
19.1.0
21.1.2
22.0.1
23.0.3
24.0.3
25.0.3
26.0.1
26.0.2
27.0.0
27.0.1
27.0.2
27.0.3
28.0.0
28.0.1
28.0.2
28.0.3
29.0.0
29.0.1
29.0.2
29.0.3
30.0.0
30.0.1
30.0.2
30.0.3

* extras content:
/usr/local/share/android-sdk/extras
├── android
│   └── m2repository
├── google
│   ├── google_play_services
│   └── m2repository
└── m2repository
    └── com

7 directories, 0 files

* platforms content:
android-15
android-17
android-19
android-21
android-22
android-23
android-24
android-25
android-26
android-27
android-28
android-29
android-30

* system-images content:
/usr/local/share/android-sdk/system-images
├── android-26
│   └── google_apis
│       └── x86
├── android-28
│   └── google_apis
│       └── x86_64
├── android-29
│   └── google_apis
│       └── x86
└── android-30
    └── google_apis
        └── x86

12 directories, 0 files

========================================

 * SDK packages:
* Command line Tools version: 5.0
* Platform Tools version: 31.0.3
* Emulator version: 30.8.4
========================================


=== Android APK tools ==================

* aapt2:

========================================


=== Environment infos =======================
MATCH_KEYCHAIN_PASSWORD environment set
========================================


=== Control tests ======================
source $HOME/.bash_profile ...
source $HOME/.bash_profile - PASSED
========================================

