 (i) Ignore Errors: enabled

#
# This System Report was generated by: https://github.com/bitrise-io/osx-box-bootstrap/blob/master/system_report.sh
#  Pull Requests are welcome!
#


=== Revision / ID ======================
* BITRISE_OSX_STACK_REV_ID: v2021_08_23_2
========================================


=== Pre-installed tool versions ========
* Go: go version go1.16.6 darwin/amd64
* Python: Python 2.7.16
* Node.js: v12.22.5
* NPM: 6.14.14
* Yarn: 1.22.11
* Java: openjdk version "1.8.0_292"
OpenJDK Runtime Environment (AdoptOpenJDK)(build 1.8.0_292-b10)
OpenJDK 64-Bit Server VM (AdoptOpenJDK)(build 25.292-b10, mixed mode)
* Flutter: Flutter 1.26.0-17.8.pre • channel beta • https://github.com/flutter/flutter.git
* fvm: 2.2.3

* git: git version 2.33.0
* git lfs: git-lfs/2.13.3 (GitHub; darwin amd64; go 1.16.5)
* mercurial/hg: Mercurial Distributed SCM (version 5.9)
* curl: curl 7.64.1 (x86_64-apple-darwin19.0) libcurl/7.64.1 (SecureTransport) LibreSSL/2.8.3 zlib/1.2.11 nghttp2/1.39.2
* wget: GNU Wget 1.21.1 built on darwin19.6.0.
* rsync: rsync  version 2.6.9  protocol version 29
* unzip: UnZip 6.00 of 20 April 2009, by Info-ZIP.  Maintained by C. Spieler.  Send
* zip: This is Zip 3.0 (July 5th 2008), by Info-ZIP.
* tar: bsdtar 3.3.2 - libarchive 3.3.2 zlib/1.2.11 liblzma/5.0.5 bz2lib/1.0.6
* tree: tree v1.8.0 (c) 1996 - 2018 by Steve Baker, Thomas Moore, Francesc Rocher, Florian Sesser, Kyosuke Tokoro 

* brew: Homebrew 3.2.10
Homebrew/homebrew-core (git revision 05b8236bf4; last commit 2021-08-23)
Homebrew/homebrew-cask (git revision b9170f0c52; last commit 2021-08-23)
* Ansible: ansible [core 2.11.3] 
  config file = /Users/vagrant/git/ansible.cfg
  configured module search path = ['/Users/vagrant/.ansible/plugins/modules', '/usr/share/ansible/plugins/modules']
  ansible python module location = /usr/local/Cellar/ansible/4.4.0/libexec/lib/python3.9/site-packages/ansible
  ansible collection location = /Users/vagrant/.ansible/collections:/usr/share/ansible/collections
  executable location = /usr/local/bin/ansible
* gtimeout: timeout (GNU coreutils) 8.32
* watchman: 2021.08.02.00
* flow: Flow, a static type checker for JavaScript, version 0.158.0
* carthage: 0.38.0
* imagemagick (convert): Version: ImageMagick 7.1.0-5 Q16 x86_64 2021-08-22 https://imagemagick.org
* ghostscript (ps2ascii): 9.54.0
* screen: Screen version 4.08.00 (GNU) 05-Feb-20
* firebase: 9.17.0
* applesimutils version 0.9.4
* jq: 1.6
* Version: 0.8.1
* XCLogParser 0.2.21
* Screen 4.08.00
* applesimutils 0.9.4
* OpenConnect version v8.10
* aws-cli: aws-cli/2.2.31 Python/3.9.6 Darwin/19.6.0 source/x86_64 prompt/off
* cmake: 3.21.1
* danger-swift: 3.10.2
[0;0m

--- Bitrise CLI tool versions
* bitrise: 1.47.2
* stepman: 0.13.1
* envman: 2.3.1
* cmd-bridge: 0.9.5
========================================


=== Brew list versions ==================
ansible 4.4.0
ant 1.10.11
aom 3.1.2
applesimutils 0.9.4
autoconf 2.71
awscli 2.2.31
bdw-gc 8.0.4_2
boost 1.76.0
brotli 1.0.9
c-ares 1.17.2
carthage 0.38.0
cmake 3.21.1
coreutils 8.32
danger-js 10.6.6
danger-swift 3.10.2
dart 2.13.4
docbook 5.1_1
docbook-xsl 1.79.2_1
double-conversion 3.1.5_1
flow 0.158.0
fmt 8.0.1
folly 2021.08.02.00_1
fontconfig 2.13.1
freetype 2.11.0
fvm 2.2.3
gdbm 1.20
gettext 0.21
gflags 2.2.2
ghostscript 9.54.0
git 2.33.0
git-lfs 2.13.3
glib 2.68.4
glog 0.5.0
gmp 6.2.1
gnu-getopt 2.37.2
gnutls 3.6.16
go 1.16.6
gradle 7.2
guile 3.0.7
icu4c 69.1
imagemagick 7.1.0-5
imath 3.1.2
jbig2dec 0.19
jemalloc 5.2.1_1
jenv 0.5.4
jpeg 9d
jq 1.6
libde265 1.0.8
libev 4.33
libevent 2.1.12
libffi 3.3_3
libheif 1.12.0
libidn 1.38
libidn2 2.3.2
liblqr 0.4.2_1
libomp 12.0.1
libpng 1.6.37
libtasn1 4.17.0
libtiff 4.3.0
libtool 2.4.6_4
libunistring 0.9.10
libuv 1.42.0
libyaml 0.2.5
little-cms2 2.12
lz4 1.9.3
m4 1.4.19
macos-term-size 1.0.0
maven 3.8.2
mercurial 5.9
mpdecimal 2.5.1
nettle 3.7.3
nghttp2 1.44.0
node 16.7.0
node@12 12.22.5
oniguruma 6.9.7.1
openconnect 8.10
openexr 3.1.1
openjdk 16.0.2
openjpeg 2.4.0
openssl@1.1 1.1.1k
p11-kit 0.24.0
pcre 8.45
pcre2 10.37_1
pkg-config 0.29.2_3
python@3.9 3.9.6
rbenv 1.1.2
readline 8.1
ruby-build 20210804
screen 4.8.0
shared-mime-info 2.1
six 1.16.0_1
snappy 1.1.9
sqlite 3.36.0
stoken 0.92_1
tree 1.8.0
unbound 1.13.2
watchman 2021.08.02.00_1
webp 1.2.1
wget 1.21.1_1
x265 3.5
xmlto 0.0.28
xz 5.2.5
yarn 1.22.11
zstd 1.5.0
========================================


=== Brew deps tree ==================
adoptopenjdk/openjdk/adoptopenjdk11

adoptopenjdk/openjdk/adoptopenjdk8

ansible
├── libyaml
├── openssl@1.1
└── python@3.9
    ├── gdbm
    ├── mpdecimal
    ├── openssl@1.1
    ├── readline
    ├── sqlite
    │   └── readline
    └── xz

ant
└── openjdk

aom

wix/brew/applesimutils

autoconf
└── m4

awscli
├── python@3.9
│   ├── gdbm
│   ├── mpdecimal
│   ├── openssl@1.1
│   ├── readline
│   ├── sqlite
│   │   └── readline
│   └── xz
└── six

bdw-gc

boost
└── icu4c

brotli

c-ares

carthage

cmake

coreutils

danger/tap/danger-js

danger/tap/danger-swift
└── danger/tap/danger-js

dart-lang/dart/dart

docbook

docbook-xsl
└── docbook

double-conversion

flow

fmt

folly
├── boost
│   └── icu4c
├── double-conversion
├── fmt
├── gflags
├── glog
│   └── gflags
├── libevent
│   └── openssl@1.1
├── lz4
├── openssl@1.1
├── snappy
├── xz
└── zstd

fontconfig
└── freetype
    └── libpng

freetype
└── libpng

leoafarias/fvm/fvm

gdbm

gettext

gflags

ghostscript
├── fontconfig
│   └── freetype
│       └── libpng
├── freetype
│   └── libpng
├── jbig2dec
├── jpeg
├── libidn
├── libpng
├── libtiff
│   └── jpeg
├── little-cms2
│   ├── jpeg
│   └── libtiff
│       └── jpeg
└── openjpeg
    ├── libpng
    ├── libtiff
    │   └── jpeg
    └── little-cms2
        ├── jpeg
        └── libtiff
            └── jpeg

git
├── gettext
└── pcre2

git-lfs

glib
├── gettext
├── libffi
├── pcre
└── python@3.9
    ├── gdbm
    ├── mpdecimal
    ├── openssl@1.1
    ├── readline
    ├── sqlite
    │   └── readline
    └── xz

glog
└── gflags

gmp

gnu-getopt

gnutls
├── gmp
├── guile
│   ├── bdw-gc
│   ├── gmp
│   ├── libffi
│   ├── libtool
│   │   └── m4
│   ├── libunistring
│   ├── pkg-config
│   └── readline
├── libidn2
│   ├── gettext
│   └── libunistring
├── libtasn1
├── libunistring
├── nettle
│   └── gmp
├── p11-kit
│   └── libffi
└── unbound
    ├── libevent
    │   └── openssl@1.1
    ├── nghttp2
    │   ├── c-ares
    │   ├── jemalloc
    │   ├── libev
    │   └── openssl@1.1
    └── openssl@1.1

go

gradle
└── openjdk

guile
├── bdw-gc
├── gmp
├── libffi
├── libtool
│   └── m4
├── libunistring
├── pkg-config
└── readline

icu4c

imagemagick
├── freetype
│   └── libpng
├── ghostscript
│   ├── fontconfig
│   │   └── freetype
│   │       └── libpng
│   ├── freetype
│   │   └── libpng
│   ├── jbig2dec
│   ├── jpeg
│   ├── libidn
│   ├── libpng
│   ├── libtiff
│   │   └── jpeg
│   ├── little-cms2
│   │   ├── jpeg
│   │   └── libtiff
│   │       └── jpeg
│   └── openjpeg
│       ├── libpng
│       ├── libtiff
│       │   └── jpeg
│       └── little-cms2
│           ├── jpeg
│           └── libtiff
│               └── jpeg
├── jpeg
├── libheif
│   ├── aom
│   ├── jpeg
│   ├── libde265
│   ├── libpng
│   ├── shared-mime-info
│   │   ├── gettext
│   │   ├── glib
│   │   │   ├── gettext
│   │   │   ├── libffi
│   │   │   ├── pcre
│   │   │   └── python@3.9
│   │   │       ├── gdbm
│   │   │       ├── mpdecimal
│   │   │       ├── openssl@1.1
│   │   │       ├── readline
│   │   │       ├── sqlite
│   │   │       │   └── readline
│   │   │       └── xz
│   │   └── xmlto
│   │       ├── docbook
│   │       ├── docbook-xsl
│   │       │   └── docbook
│   │       └── gnu-getopt
│   └── x265
├── liblqr
│   └── glib
│       ├── gettext
│       ├── libffi
│       ├── pcre
│       └── python@3.9
│           ├── gdbm
│           ├── mpdecimal
│           ├── openssl@1.1
│           ├── readline
│           ├── sqlite
│           │   └── readline
│           └── xz
├── libomp
├── libpng
├── libtiff
│   └── jpeg
├── libtool
│   └── m4
├── little-cms2
│   ├── jpeg
│   └── libtiff
│       └── jpeg
├── openexr
│   └── imath
├── openjpeg
│   ├── libpng
│   ├── libtiff
│   │   └── jpeg
│   └── little-cms2
│       ├── jpeg
│       └── libtiff
│           └── jpeg
├── webp
│   ├── jpeg
│   ├── libpng
│   └── libtiff
│       └── jpeg
└── xz

imath

intel-haxm

jbig2dec

jemalloc

jenv

jpeg

jq
└── oniguruma

libde265

libev

libevent
└── openssl@1.1

libffi

libheif
├── aom
├── jpeg
├── libde265
├── libpng
├── shared-mime-info
│   ├── gettext
│   ├── glib
│   │   ├── gettext
│   │   ├── libffi
│   │   ├── pcre
│   │   └── python@3.9
│   │       ├── gdbm
│   │       ├── mpdecimal
│   │       ├── openssl@1.1
│   │       ├── readline
│   │       ├── sqlite
│   │       │   └── readline
│   │       └── xz
│   └── xmlto
│       ├── docbook
│       ├── docbook-xsl
│       │   └── docbook
│       └── gnu-getopt
└── x265

libidn

libidn2
├── gettext
└── libunistring

liblqr
└── glib
    ├── gettext
    ├── libffi
    ├── pcre
    └── python@3.9
        ├── gdbm
        ├── mpdecimal
        ├── openssl@1.1
        ├── readline
        ├── sqlite
        │   └── readline
        └── xz

libomp

libpng

libtasn1

libtiff
└── jpeg

libtool
└── m4

libunistring

libuv

libyaml

little-cms2
├── jpeg
└── libtiff
    └── jpeg

lz4

m4

macos-term-size

maven
└── openjdk

mercurial
└── python@3.9
    ├── gdbm
    ├── mpdecimal
    ├── openssl@1.1
    ├── readline
    ├── sqlite
    │   └── readline
    └── xz

mpdecimal

nettle
└── gmp

nghttp2
├── c-ares
├── jemalloc
├── libev
└── openssl@1.1

node
├── brotli
├── c-ares
├── icu4c
├── libuv
├── nghttp2
│   ├── c-ares
│   ├── jemalloc
│   ├── libev
│   └── openssl@1.1
└── openssl@1.1

node@12
├── icu4c
└── macos-term-size

oniguruma

openconnect
├── gettext
├── gnutls
│   ├── gmp
│   ├── guile
│   │   ├── bdw-gc
│   │   ├── gmp
│   │   ├── libffi
│   │   ├── libtool
│   │   │   └── m4
│   │   ├── libunistring
│   │   ├── pkg-config
│   │   └── readline
│   ├── libidn2
│   │   ├── gettext
│   │   └── libunistring
│   ├── libtasn1
│   ├── libunistring
│   ├── nettle
│   │   └── gmp
│   ├── p11-kit
│   │   └── libffi
│   └── unbound
│       ├── libevent
│       │   └── openssl@1.1
│       ├── nghttp2
│       │   ├── c-ares
│       │   ├── jemalloc
│       │   ├── libev
│       │   └── openssl@1.1
│       └── openssl@1.1
└── stoken
    └── nettle
        └── gmp

openexr
└── imath

openjdk

openjpeg
├── libpng
├── libtiff
│   └── jpeg
└── little-cms2
    ├── jpeg
    └── libtiff
        └── jpeg

openssl@1.1

p11-kit
└── libffi

pcre

pcre2

pkg-config

python@3.9
├── gdbm
├── mpdecimal
├── openssl@1.1
├── readline
├── sqlite
│   └── readline
└── xz

rbenv
└── ruby-build
    ├── autoconf
    │   └── m4
    ├── pkg-config
    └── readline

readline

ruby-build
├── autoconf
│   └── m4
├── pkg-config
└── readline

screen

shared-mime-info
├── gettext
├── glib
│   ├── gettext
│   ├── libffi
│   ├── pcre
│   └── python@3.9
│       ├── gdbm
│       ├── mpdecimal
│       ├── openssl@1.1
│       ├── readline
│       ├── sqlite
│       │   └── readline
│       └── xz
└── xmlto
    ├── docbook
    ├── docbook-xsl
    │   └── docbook
    └── gnu-getopt

six

snappy

sqlite
└── readline

stoken
└── nettle
    └── gmp

tree

unbound
├── libevent
│   └── openssl@1.1
├── nghttp2
│   ├── c-ares
│   ├── jemalloc
│   ├── libev
│   └── openssl@1.1
└── openssl@1.1

watchman
├── boost
│   └── icu4c
├── fmt
├── folly
│   ├── boost
│   │   └── icu4c
│   ├── double-conversion
│   ├── fmt
│   ├── gflags
│   ├── glog
│   │   └── gflags
│   ├── libevent
│   │   └── openssl@1.1
│   ├── lz4
│   ├── openssl@1.1
│   ├── snappy
│   ├── xz
│   └── zstd
├── gflags
├── glog
│   └── gflags
├── libevent
│   └── openssl@1.1
├── openssl@1.1
├── pcre
└── python@3.9
    ├── gdbm
    ├── mpdecimal
    ├── openssl@1.1
    ├── readline
    ├── sqlite
    │   └── readline
    └── xz

webp
├── jpeg
├── libpng
└── libtiff
    └── jpeg

wget
├── libidn2
│   ├── gettext
│   └── libunistring
└── openssl@1.1

x265

xmlto
├── docbook
├── docbook-xsl
│   └── docbook
└── gnu-getopt

xz

yarn
└── node
    ├── brotli
    ├── c-ares
    ├── icu4c
    ├── libuv
    ├── nghttp2
    │   ├── c-ares
    │   ├── jemalloc
    │   ├── libev
    │   └── openssl@1.1
    └── openssl@1.1

zstd

========================================


=== Ruby and rubygems ==================
* Ruby (default): ruby 2.6.5p114 (2019-10-01 revision 67812) [x86_64-darwin19]
--- Available ruby versions ---
  system
  2.4.5
  2.5.3
* 2.6.5 (set by /Users/vagrant/.rbenv/version)
  2.7.2
  3.0.0
-------------------------------
* rbenv: 1.1.2
* Rubygems: 3.0.3
* Bundler: Bundler version 2.1.4
* CocoaPods: 1.10.1
* xcpretty: 0.3.0
========================================


=== All Ruby GEMs ======================
activesupport (5.2.6)
addressable (2.8.0)
algoliasearch (1.27.5)
artifactory (3.0.15)
atomos (0.1.3)
aws-eventstream (1.1.1)
aws-partitions (1.490.0)
aws-sdk-core (3.119.1)
aws-sdk-kms (1.46.0)
aws-sdk-s3 (1.99.0)
aws-sigv4 (1.2.4)
babosa (1.0.4)
bigdecimal (default: 1.4.1)
bundler (2.1.4, default: 1.17.2)
CFPropertyList (3.0.3)
claide (1.0.3)
clamp (1.3.2)
cmath (default: 1.0.0)
cocoapods (1.10.1)
cocoapods-core (1.10.1)
cocoapods-deintegrate (1.0.5)
cocoapods-downloader (1.5.0)
cocoapods-plugins (1.0.0)
cocoapods-search (1.0.1)
cocoapods-trunk (1.6.0)
cocoapods-try (1.2.0)
colored (1.2)
colored2 (3.1.2)
commander (4.6.0)
concurrent-ruby (1.1.9)
csv (default: 3.0.9)
date (default: 2.0.0)
dbm (default: 1.0.0)
declarative (0.0.20)
did_you_mean (1.3.0)
digest-crc (0.6.4)
domain_name (0.5.20190701)
dotenv (2.7.6)
e2mmap (default: 0.1.0)
emoji_regex (3.2.2)
escape (0.0.4)
etc (default: 1.0.1)
ethon (0.14.0)
excon (0.85.0)
faraday (1.7.0)
faraday-cookie_jar (0.0.7)
faraday-em_http (1.0.0)
faraday-em_synchrony (1.0.0)
faraday-excon (1.1.0)
faraday-httpclient (1.0.1)
faraday-net_http (1.0.1)
faraday-net_http_persistent (1.2.0)
faraday-patron (1.0.0)
faraday-rack (1.0.0)
faraday_middleware (1.1.0)
fastimage (2.2.5)
fastlane (2.192.0)
fcntl (default: 1.0.0)
ffi (1.15.4)
fiddle (default: 1.0.0)
fileutils (default: 1.1.0)
forwardable (default: 1.2.0)
fourflusher (2.3.1)
fuzzy_match (2.0.4)
gh_inspector (1.1.3)
google-apis-androidpublisher_v3 (0.10.0)
google-apis-core (0.4.1)
google-apis-iamcredentials_v1 (0.7.0)
google-apis-playcustomapp_v1 (0.5.0)
google-apis-storage_v1 (0.6.0)
google-cloud-core (1.6.0)
google-cloud-env (1.5.0)
google-cloud-errors (1.1.0)
google-cloud-storage (1.34.1)
googleauth (0.17.0)
highline (2.0.3)
http-cookie (1.0.4)
httpclient (2.8.3)
i18n (1.8.10)
io-console (default: 0.4.7)
ipaddr (default: 1.2.2)
irb (default: 1.0.0)
jazzy (0.13.6)
jmespath (1.4.0)
json (default: 2.1.0)
jwt (2.2.3)
liferaft (0.0.6)
logger (default: 1.3.0)
matrix (default: 0.1.0)
memoist (0.16.2)
mini_magick (4.11.0)
mini_mime (1.1.1)
minitest (5.11.3)
molinillo (0.6.6)
multi_json (1.15.0)
multipart-post (2.0.0)
mustache (1.1.1)
mutex_m (default: 0.1.0)
nanaimo (0.3.0)
nap (1.1.0)
naturally (2.2.1)
net-telnet (0.2.0)
netrc (0.11.0)
nokogiri (1.12.4 x86_64-darwin)
open4 (1.3.4)
openssl (default: 2.1.2)
optparse (0.1.1)
os (1.1.1)
ostruct (default: 0.1.0)
plist (3.6.0)
power_assert (1.1.3)
prime (default: 0.1.0)
psych (default: 3.1.0)
public_suffix (4.0.6)
racc (1.5.2)
rake (12.3.2)
rdoc (default: 6.1.2)
redcarpet (3.5.1)
representable (3.1.1)
retriable (3.1.2)
rexml (3.2.5, default: 3.1.9)
rouge (2.0.7)
rss (default: 0.2.7)
ruby-macho (1.4.0)
ruby2_keywords (0.0.5)
rubyzip (2.3.2)
sassc (2.4.0)
scanf (default: 1.0.0)
sdbm (default: 1.0.0)
security (0.1.3)
shell (default: 0.7)
signet (0.15.0)
simctl (1.6.8)
slack-notifier (2.4.0)
slather (2.5.0)
sqlite3 (1.4.2)
stringio (default: 0.0.2)
strscan (default: 1.0.0)
sync (default: 0.5.0)
terminal-notifier (2.0.0)
terminal-table (1.8.0)
test-unit (3.2.9)
thread_safe (0.3.6)
thwait (default: 0.1.0)
tracer (default: 0.1.0)
trailblazer-option (0.1.1)
trainer (0.9.1)
tty-cursor (0.7.1)
tty-screen (0.8.1)
tty-spinner (0.9.3)
typhoeus (1.4.0)
tzinfo (1.2.9)
uber (0.1.0)
unf (0.1.4)
unf_ext (0.0.7.7)
unicode-display_width (1.7.0)
webrick (default: 1.4.2)
word_wrap (1.0.0)
xcinvoke (0.3.0)
xcode-install (2.7.0)
xcodeproj (1.21.0)
xcov (1.7.5)
xcpretty (0.3.0)
xcpretty-json-formatter (0.1.1)
xcpretty-travis-formatter (1.0.1)
xcresult (0.2.1)
xmlrpc (0.3.0)
zlib (default: 1.0.0)
========================================


=== NPM global packages ==========================
* Cordova: 9.0.0 (cordova-lib@9.0.1)
* Ionic: 6.11.12
* Appcenter-CLI version: 2.9.0
========================================


=== Checking Xcode CLT dirs ============

 * ls -1 /Library/Developer/CommandLineTools/SDKs/MacOSX10.15.sdk/usr/include/CommonCrypto
CommonCrypto.h
CommonCryptoError.h
CommonCryptor.h
CommonDigest.h
CommonHMAC.h
CommonKeyDerivation.h
CommonRandom.h
CommonSymmetricKeywrap.h
module.modulemap

 * ls -1 /Library/Developer/CommandLineTools/
Library
SDKs
usr

 * /Library/Developer/CommandLineTools/usr/bin/swift --version
Apple Swift version 5.3.2 (swiftlang-1200.0.45 clang-1200.0.32.28)
Target: x86_64-apple-darwin19.6.0

========================================


=== Xcode ==============================

* Active Xcode Command Line Tools:
/Applications/Xcode-12.3.app/Contents/Developer

* Xcode Version:
Xcode 12.3
Build version 12C33

* /usr/bin/swift --version
Apple Swift version 5.3.2 (swiftlang-1200.0.45 clang-1200.0.32.28)
Target: x86_64-apple-darwin19.6.0

* Installed SDKs:
iOS SDKs:
	iOS 14.3                      	-sdk iphoneos14.3

iOS Simulator SDKs:
	Simulator - iOS 14.3          	-sdk iphonesimulator14.3

macOS SDKs:
	DriverKit 20.2                	-sdk driverkit.macosx20.2
	macOS 11.1                    	-sdk macosx11.1

tvOS SDKs:
	tvOS 14.3                     	-sdk appletvos14.3

tvOS Simulator SDKs:
	Simulator - tvOS 14.3         	-sdk appletvsimulator14.3

watchOS SDKs:
	watchOS 7.2                   	-sdk watchos7.2

watchOS Simulator SDKs:
	Simulator - watchOS 7.2       	-sdk watchsimulator7.2


* Available Simulators:
== Device Types ==
iPhone 4s (com.apple.CoreSimulator.SimDeviceType.iPhone-4s)
iPhone 5 (com.apple.CoreSimulator.SimDeviceType.iPhone-5)
iPhone 5s (com.apple.CoreSimulator.SimDeviceType.iPhone-5s)
iPhone 6 Plus (com.apple.CoreSimulator.SimDeviceType.iPhone-6-Plus)
iPhone 6 (com.apple.CoreSimulator.SimDeviceType.iPhone-6)
iPhone 6s (com.apple.CoreSimulator.SimDeviceType.iPhone-6s)
iPhone 6s Plus (com.apple.CoreSimulator.SimDeviceType.iPhone-6s-Plus)
iPhone SE (1st generation) (com.apple.CoreSimulator.SimDeviceType.iPhone-SE)
iPhone 7 (com.apple.CoreSimulator.SimDeviceType.iPhone-7)
iPhone 7 Plus (com.apple.CoreSimulator.SimDeviceType.iPhone-7-Plus)
iPhone 8 (com.apple.CoreSimulator.SimDeviceType.iPhone-8)
iPhone 8 Plus (com.apple.CoreSimulator.SimDeviceType.iPhone-8-Plus)
iPhone X (com.apple.CoreSimulator.SimDeviceType.iPhone-X)
iPhone Xs (com.apple.CoreSimulator.SimDeviceType.iPhone-XS)
iPhone Xs Max (com.apple.CoreSimulator.SimDeviceType.iPhone-XS-Max)
iPhone Xʀ (com.apple.CoreSimulator.SimDeviceType.iPhone-XR)
iPhone 11 (com.apple.CoreSimulator.SimDeviceType.iPhone-11)
iPhone 11 Pro (com.apple.CoreSimulator.SimDeviceType.iPhone-11-Pro)
iPhone 11 Pro Max (com.apple.CoreSimulator.SimDeviceType.iPhone-11-Pro-Max)
iPhone SE (2nd generation) (com.apple.CoreSimulator.SimDeviceType.iPhone-SE--2nd-generation-)
iPhone 12 mini (com.apple.CoreSimulator.SimDeviceType.iPhone-12-mini)
iPhone 12 (com.apple.CoreSimulator.SimDeviceType.iPhone-12)
iPhone 12 Pro (com.apple.CoreSimulator.SimDeviceType.iPhone-12-Pro)
iPhone 12 Pro Max (com.apple.CoreSimulator.SimDeviceType.iPhone-12-Pro-Max)
iPod touch (7th generation) (com.apple.CoreSimulator.SimDeviceType.iPod-touch--7th-generation-)
iPad 2 (com.apple.CoreSimulator.SimDeviceType.iPad-2)
iPad Retina (com.apple.CoreSimulator.SimDeviceType.iPad-Retina)
iPad Air (com.apple.CoreSimulator.SimDeviceType.iPad-Air)
iPad mini 2 (com.apple.CoreSimulator.SimDeviceType.iPad-mini-2)
iPad mini 3 (com.apple.CoreSimulator.SimDeviceType.iPad-mini-3)
iPad mini 4 (com.apple.CoreSimulator.SimDeviceType.iPad-mini-4)
iPad Air 2 (com.apple.CoreSimulator.SimDeviceType.iPad-Air-2)
iPad Pro (9.7-inch) (com.apple.CoreSimulator.SimDeviceType.iPad-Pro--9-7-inch-)
iPad Pro (12.9-inch) (1st generation) (com.apple.CoreSimulator.SimDeviceType.iPad-Pro)
iPad (5th generation) (com.apple.CoreSimulator.SimDeviceType.iPad--5th-generation-)
iPad Pro (12.9-inch) (2nd generation) (com.apple.CoreSimulator.SimDeviceType.iPad-Pro--12-9-inch---2nd-generation-)
iPad Pro (10.5-inch) (com.apple.CoreSimulator.SimDeviceType.iPad-Pro--10-5-inch-)
iPad (6th generation) (com.apple.CoreSimulator.SimDeviceType.iPad--6th-generation-)
iPad (7th generation) (com.apple.CoreSimulator.SimDeviceType.iPad--7th-generation-)
iPad Pro (11-inch) (1st generation) (com.apple.CoreSimulator.SimDeviceType.iPad-Pro--11-inch-)
iPad Pro (12.9-inch) (3rd generation) (com.apple.CoreSimulator.SimDeviceType.iPad-Pro--12-9-inch---3rd-generation-)
iPad Pro (11-inch) (2nd generation) (com.apple.CoreSimulator.SimDeviceType.iPad-Pro--11-inch---2nd-generation-)
iPad Pro (12.9-inch) (4th generation) (com.apple.CoreSimulator.SimDeviceType.iPad-Pro--12-9-inch---4th-generation-)
iPad mini (5th generation) (com.apple.CoreSimulator.SimDeviceType.iPad-mini--5th-generation-)
iPad Air (3rd generation) (com.apple.CoreSimulator.SimDeviceType.iPad-Air--3rd-generation-)
iPad (8th generation) (com.apple.CoreSimulator.SimDeviceType.iPad--8th-generation-)
iPad Air (4th generation) (com.apple.CoreSimulator.SimDeviceType.iPad-Air--4th-generation-)
Apple TV (com.apple.CoreSimulator.SimDeviceType.Apple-TV-1080p)
Apple TV 4K (com.apple.CoreSimulator.SimDeviceType.Apple-TV-4K-4K)
Apple TV 4K (at 1080p) (com.apple.CoreSimulator.SimDeviceType.Apple-TV-4K-1080p)
Apple Watch - 38mm (com.apple.CoreSimulator.SimDeviceType.Apple-Watch-38mm)
Apple Watch - 42mm (com.apple.CoreSimulator.SimDeviceType.Apple-Watch-42mm)
Apple Watch Series 2 - 38mm (com.apple.CoreSimulator.SimDeviceType.Apple-Watch-Series-2-38mm)
Apple Watch Series 2 - 42mm (com.apple.CoreSimulator.SimDeviceType.Apple-Watch-Series-2-42mm)
Apple Watch Series 3 - 38mm (com.apple.CoreSimulator.SimDeviceType.Apple-Watch-Series-3-38mm)
Apple Watch Series 3 - 42mm (com.apple.CoreSimulator.SimDeviceType.Apple-Watch-Series-3-42mm)
Apple Watch Series 4 - 40mm (com.apple.CoreSimulator.SimDeviceType.Apple-Watch-Series-4-40mm)
Apple Watch Series 4 - 44mm (com.apple.CoreSimulator.SimDeviceType.Apple-Watch-Series-4-44mm)
Apple Watch Series 5 - 40mm (com.apple.CoreSimulator.SimDeviceType.Apple-Watch-Series-5-40mm)
Apple Watch Series 5 - 44mm (com.apple.CoreSimulator.SimDeviceType.Apple-Watch-Series-5-44mm)
Apple Watch SE - 40mm (com.apple.CoreSimulator.SimDeviceType.Apple-Watch-SE-40mm)
Apple Watch SE - 44mm (com.apple.CoreSimulator.SimDeviceType.Apple-Watch-SE-44mm)
Apple Watch Series 6 - 40mm (com.apple.CoreSimulator.SimDeviceType.Apple-Watch-Series-6-40mm)
Apple Watch Series 6 - 44mm (com.apple.CoreSimulator.SimDeviceType.Apple-Watch-Series-6-44mm)
== Runtimes ==
iOS 13.7 (13.7 - 17H22) - com.apple.CoreSimulator.SimRuntime.iOS-13-7
iOS 14.0 (14.0.1 - 18A394) - com.apple.CoreSimulator.SimRuntime.iOS-14-0
iOS 14.1 (14.1 - 18A8394) - com.apple.CoreSimulator.SimRuntime.iOS-14-1
iOS 14.2 (14.2 - 18B79) - com.apple.CoreSimulator.SimRuntime.iOS-14-2
iOS 14.3 (14.3 - 18C61) - com.apple.CoreSimulator.SimRuntime.iOS-14-3
tvOS 13.0 (13.0 - 17J585) - com.apple.CoreSimulator.SimRuntime.tvOS-13-0
tvOS 13.2 (13.2 - 17K90) - com.apple.CoreSimulator.SimRuntime.tvOS-13-2
tvOS 13.3 (13.3 - 17K446) - com.apple.CoreSimulator.SimRuntime.tvOS-13-3
tvOS 13.4 (13.4 - 17L255) - com.apple.CoreSimulator.SimRuntime.tvOS-13-4
tvOS 14.0 (14.0 - 18J383) - com.apple.CoreSimulator.SimRuntime.tvOS-14-0
tvOS 14.3 (14.3 - 18K559) - com.apple.CoreSimulator.SimRuntime.tvOS-14-3
watchOS 6.2 (6.2.1 - 17T531) - com.apple.CoreSimulator.SimRuntime.watchOS-6-2
watchOS 7.0 (7.0 - 18R382) - com.apple.CoreSimulator.SimRuntime.watchOS-7-0
watchOS 7.1 (7.1 - 18R579) - com.apple.CoreSimulator.SimRuntime.watchOS-7-1
watchOS 7.2 (7.2 - 18S561) - com.apple.CoreSimulator.SimRuntime.watchOS-7-2
== Devices ==
-- iOS 13.7 --
    iPhone 8 (34190279-A7A5-44F7-B524-F28DA78338E4) (Shutdown) 
    iPhone 8 Plus (CA47B5AC-A48A-4E16-B65F-A84F66108768) (Shutdown) 
    iPhone 11 (38BE13D3-9E83-43A2-887B-2FE7312A14F4) (Shutdown) 
    iPhone 11 Pro (E1A4583C-46DB-4E45-879A-D6FB49E864F7) (Shutdown) 
    iPhone 11 Pro Max (F72F84A8-3E8B-4B72-B6E7-ED248F5BF234) (Shutdown) 
    iPhone SE (2nd generation) (DC724A23-0229-479E-AFD6-A3982F6D62B3) (Shutdown) 
    iPad Pro (9.7-inch) (398C2017-23F3-47DC-9649-14BA6597CF68) (Shutdown) 
    iPad (7th generation) (AEE994AA-7954-4B10-8D44-DE0546765EA2) (Shutdown) 
    iPad Pro (11-inch) (2nd generation) (079E15F6-3635-4439-A80B-8E62EDD611D4) (Shutdown) 
    iPad Pro (12.9-inch) (4th generation) (9033C602-4942-462D-A522-FF76D5C74781) (Shutdown) 
    iPad Air (3rd generation) (9FD2AA76-6335-4125-9A00-E5156A135F23) (Shutdown) 
-- iOS 14.0 --
    iPhone 8 (DC86C455-22D9-4BB1-9FDA-CF030A7C6E64) (Shutdown) 
    iPhone 8 Plus (50B08652-081A-48FD-9C61-9C1ED271348A) (Shutdown) 
    iPhone 11 (43975ED1-BEB8-43AB-BF99-700E68F5B46F) (Shutdown) 
    iPhone 11 Pro (D53AFA36-BA67-445C-A977-A1CF6651B9FD) (Shutdown) 
    iPhone 11 Pro Max (FB810A41-F2BD-4052-A084-7D16C1B462ED) (Shutdown) 
    iPhone SE (2nd generation) (B3373BC3-5C2C-456B-94FD-8F338347BC58) (Shutdown) 
    iPod touch (7th generation) (29617362-CD3A-45B7-9C2D-51726DBAAB47) (Shutdown) 
    iPad Pro (9.7-inch) (DE2980F6-9157-489E-A921-B77BC8C1B4A7) (Shutdown) 
    iPad Pro (11-inch) (2nd generation) (080E275D-EDC3-4180-9181-E9FF6E90B753) (Shutdown) 
    iPad Pro (12.9-inch) (4th generation) (2A892B7A-7379-457F-8098-FCCCCD3B7D82) (Shutdown) 
    iPad (8th generation) (9FECD30B-57A3-41CF-9F00-A2E508515508) (Shutdown) 
    iPad Air (4th generation) (7B025FC5-E6F6-462A-8751-050DDA0D8D5E) (Shutdown) 
-- iOS 14.1 --
    iPhone 8 (06CF7E1E-AAEA-44EE-93A6-84153EF1A26B) (Shutdown) 
    iPhone 8 Plus (6755FD58-8198-4E8F-8386-D11AC2AFCF96) (Shutdown) 
    iPhone 11 (2B0A4ED9-31F6-4BBD-A5FE-30BDD8CB99CF) (Shutdown) 
    iPhone 11 Pro (8D32A3F7-0BA0-457E-B6EA-7C4BB79570F0) (Shutdown) 
    iPhone 11 Pro Max (841EA8E3-BB0E-42E3-80BA-1323B9EF68B5) (Shutdown) 
    iPhone SE (2nd generation) (FBE89376-A7B3-4C91-AEF7-41660B0DFE25) (Shutdown) 
    iPhone 12 mini (2C7EFC0D-51CB-46DF-956D-9479033ADCD9) (Shutdown) 
    iPhone 12 (4DAE02F5-029E-412A-B877-7C655F385740) (Shutdown) 
    iPhone 12 Pro (3DFB48D6-70E4-4DA9-8003-4CCDF805F7BC) (Shutdown) 
    iPhone 12 Pro Max (0A22EB2A-E802-4D79-BF3C-67779B08E005) (Shutdown) 
    iPod touch (7th generation) (55B34CEC-1F70-405F-A105-AC6D454F3E3C) (Shutdown) 
    iPad Pro (9.7-inch) (E6E74CD1-6B3C-489F-B893-15BA44C7E4C0) (Shutdown) 
    iPad Pro (11-inch) (2nd generation) (2D22DC12-43B2-4775-A1BF-122465ED0B35) (Shutdown) 
    iPad Pro (12.9-inch) (4th generation) (953E96E5-15B2-4348-855D-2DC025E38E63) (Shutdown) 
    iPad (8th generation) (D393353D-D076-4713-8023-7C15BF5F3F69) (Shutdown) 
    iPad Air (4th generation) (C9EA7299-194D-45AF-805A-4A9EF405ED34) (Shutdown) 
-- iOS 14.2 --
    iPhone 8 (D9DA50D3-937B-42DC-A236-412A5C649429) (Shutdown) 
    iPhone 8 Plus (E7E1F1D7-E7D6-45F1-AFEE-C34CD44BB57E) (Shutdown) 
    iPhone 11 (857E033D-4DEC-449B-8F94-434A151717DD) (Shutdown) 
    iPhone 11 Pro (19601C43-2EBD-4E1F-9431-1D3A362150CB) (Shutdown) 
    iPhone 11 Pro Max (37B08770-6366-4D03-A762-9B8090CDA316) (Shutdown) 
    iPhone SE (2nd generation) (3C43A4F8-25C1-47D5-AA72-ED3E8D18081F) (Shutdown) 
    iPhone 12 mini (1CC37846-D9FC-4385-A1FD-56C4EE33B899) (Shutdown) 
    iPhone 12 (1EDEA371-46E0-4CEB-BC81-BA642A723C7D) (Shutdown) 
    iPhone 12 Pro (5A299C93-E6C7-467F-9506-99791FB14E7E) (Shutdown) 
    iPhone 12 Pro Max (8A9FA34F-92B3-43D9-9F8F-9458F6311826) (Shutdown) 
    iPod touch (7th generation) (5323870A-4AAA-4367-8339-E288FB9E6FA2) (Shutdown) 
    iPad Pro (9.7-inch) (CF43146D-26C2-4708-9303-87FEA9883617) (Shutdown) 
    iPad Pro (11-inch) (2nd generation) (C0E71542-AE8A-47E1-B10E-E6641D19E554) (Shutdown) 
    iPad Pro (12.9-inch) (4th generation) (57F9748D-06CC-4496-A1BF-CE52E0DE800D) (Shutdown) 
    iPad (8th generation) (52FB06C9-5DC1-4B41-AFEF-116ACC275833) (Shutdown) 
    iPad Air (4th generation) (8605114D-8582-44C9-A230-4929FABD6529) (Shutdown) 
-- iOS 14.3 --
    iPhone 8 (5B04170D-DA87-43D0-9A6A-A7B97FAFB8E6) (Shutdown) 
    iPhone 8 Plus (C1445986-63E1-40A3-AD96-4E43B59F006A) (Shutdown) 
    iPhone 11 (A0A07FA7-2528-4974-B821-D2DEEAB97422) (Shutdown) 
    iPhone 11 Pro (9409B729-B1B4-43A9-96F1-710316AA7404) (Shutdown) 
    iPhone 11 Pro Max (DA7593C1-7D11-4511-979B-B0CDF53AA0F2) (Shutdown) 
    iPhone SE (2nd generation) (7B7CA184-79F0-4654-931E-D2FAEE10BD8E) (Shutdown) 
    iPhone 12 mini (98B45F2B-1BA4-442C-B9D2-15A624D32AA0) (Shutdown) 
    iPhone 12 (F8CD4B72-6C68-4861-BF86-9461EB31F741) (Shutdown) 
    iPhone 12 Pro (D013EF3D-1E7B-46E3-9369-0DDCAC095EE5) (Shutdown) 
    iPhone 12 Pro Max (41541187-DF13-4780-B75B-629864C46165) (Shutdown) 
    iPod touch (7th generation) (E1F44FD6-2233-4129-8645-71ADF654896C) (Shutdown) 
    iPad Pro (9.7-inch) (1F6F9D68-2BC3-43A5-991D-955EEF9BC061) (Shutdown) 
    iPad Pro (11-inch) (2nd generation) (C5F1AFA2-0F81-4437-AB99-C72D4933267D) (Shutdown) 
    iPad Pro (12.9-inch) (4th generation) (7917942C-FFF7-4887-BCE9-A26D7D748989) (Shutdown) 
    iPad (8th generation) (8AF4B9C4-97C6-4EBC-8C94-0D7C07DA6A8E) (Shutdown) 
    iPad Air (4th generation) (2EA5EFC7-9CB8-4A3E-BB8E-DE62FC07A186) (Shutdown) 
-- tvOS 13.0 --
    Apple TV (9DA0D128-7EF5-417B-83D9-AB373861FF89) (Shutdown) 
    Apple TV 4K (10323EAB-4D78-46AF-8DF0-AB6EE3B8610A) (Shutdown) 
    Apple TV 4K (at 1080p) (EE67C4F5-F5C7-4366-A035-F3FAF2776EE7) (Shutdown) 
-- tvOS 13.2 --
    Apple TV (50C99EB0-974E-470C-BC29-247FE66E4E45) (Shutdown) 
    Apple TV 4K (AB2D3BFA-023D-465E-B0C4-F80699ADD2A9) (Shutdown) 
    Apple TV 4K (at 1080p) (5DC344F3-9137-434B-9CCE-2C49BDD7F2B2) (Shutdown) 
-- tvOS 13.3 --
    Apple TV (D0046EC3-C151-4E1B-AB24-AECAB8E31A07) (Shutdown) 
    Apple TV 4K (CF72BEAE-61C5-4060-A70C-021AAB247F00) (Shutdown) 
    Apple TV 4K (at 1080p) (01420615-CB19-4851-A3BF-1563C832CF96) (Shutdown) 
-- tvOS 13.4 --
    Apple TV (D89A0D63-A632-4F28-9CD5-9B343077CD53) (Shutdown) 
    Apple TV 4K (868F1835-36A4-4880-9F2A-28A486A03396) (Shutdown) 
    Apple TV 4K (at 1080p) (23BD4DE7-7765-4547-935A-4770CEC52EA5) (Shutdown) 
-- tvOS 14.0 --
    Apple TV (B21E4678-B938-4F0D-B7B5-6285C1F3A150) (Shutdown) 
    Apple TV 4K (380E01FD-E42B-422C-8EB0-D6F410EA0386) (Shutdown) 
    Apple TV 4K (at 1080p) (4EB91F82-165A-4A46-8DB6-F61C1B4E846B) (Shutdown) 
-- tvOS 14.3 --
    Apple TV (110DCDE8-C707-4372-90BF-1C028E29ECAA) (Shutdown) 
    Apple TV 4K (6420986A-A466-4DDD-8D8B-34A9BDF18D07) (Shutdown) 
    Apple TV 4K (at 1080p) (2622A7A9-F5DB-493F-B353-12E0DA7CEADF) (Shutdown) 
-- watchOS 6.2 --
    Apple Watch Series 4 - 40mm (1732BA4F-6AC4-409A-B488-D5A24B5652DD) (Shutdown) 
    Apple Watch Series 4 - 44mm (A920A8F6-A083-4438-903C-0EB4EF1FB2B0) (Shutdown) 
    Apple Watch Series 5 - 40mm (61A94513-0539-4341-BEB5-3B315511C581) (Shutdown) 
    Apple Watch Series 5 - 44mm (486C8175-D812-47BE-B462-1ACF572454FF) (Shutdown) 
-- watchOS 7.0 --
    Apple Watch Series 5 - 40mm (0DA3716A-5E24-4386-85BF-9C0BD2955232) (Shutdown) 
    Apple Watch Series 5 - 44mm (38428D07-A6E0-415B-83F7-8809792F9FE8) (Shutdown) 
    Apple Watch Series 6 - 40mm (57A5C0CB-3AD0-415D-AC47-5D617DB1AE36) (Shutdown) 
    Apple Watch Series 6 - 44mm (A9D6D272-2766-42AA-B8E0-777256E98677) (Shutdown) 
-- watchOS 7.1 --
    Apple Watch Series 5 - 40mm (6C1D45DC-1341-4E5D-BE59-C89CEDCB0304) (Shutdown) 
    Apple Watch Series 5 - 44mm (BAB28248-4727-479F-A82A-CD908193F937) (Shutdown) 
    Apple Watch Series 6 - 40mm (393E9CDB-0449-449C-81A8-29E3ED8F9515) (Shutdown) 
    Apple Watch Series 6 - 44mm (51100A81-0475-4C82-82F5-3EFC0DBB21B3) (Shutdown) 
-- watchOS 7.2 --
    Apple Watch Series 5 - 40mm (478D4645-01D2-4E30-886A-6E49F5106676) (Shutdown) 
    Apple Watch Series 5 - 44mm (134AB87C-F37A-4212-BA61-1B5143A98A81) (Shutdown) 
    Apple Watch Series 6 - 40mm (02572AE1-E03A-4AA2-9456-25F00FA7646E) (Shutdown) 
    Apple Watch Series 6 - 44mm (42E78ACB-5BD8-4A50-AF10-CC36F13CBE0E) (Shutdown) 
== Device Pairs ==
CD68F7EA-8C61-47FC-9A49-1CA48A66787E (active, disconnected)
    Watch: Apple Watch Series 5 - 40mm (478D4645-01D2-4E30-886A-6E49F5106676) (Shutdown)
    Phone: iPhone 12 mini (98B45F2B-1BA4-442C-B9D2-15A624D32AA0) (Shutdown)
671AE462-3022-4F6F-B90E-6E064706ADE7 (active, disconnected)
    Watch: Apple Watch Series 5 - 44mm (134AB87C-F37A-4212-BA61-1B5143A98A81) (Shutdown)
    Phone: iPhone 12 (F8CD4B72-6C68-4861-BF86-9461EB31F741) (Shutdown)
5E3C8EE8-A87F-4367-970D-D911528C6A7A (active, disconnected)
    Watch: Apple Watch Series 6 - 40mm (02572AE1-E03A-4AA2-9456-25F00FA7646E) (Shutdown)
    Phone: iPhone 12 Pro (D013EF3D-1E7B-46E3-9369-0DDCAC095EE5) (Shutdown)
AF2DFF6E-3941-4837-82AB-A02EED498BBE (active, disconnected)
    Watch: Apple Watch Series 6 - 44mm (42E78ACB-5BD8-4A50-AF10-CC36F13CBE0E) (Shutdown)
    Phone: iPhone 12 Pro Max (41541187-DF13-4780-B75B-629864C46165) (Shutdown)

========================================


=== OS X info =========================

* sw_vers
ProductName:	Mac OS X
ProductVersion:	10.15.7
BuildVersion:	19H15

* system_profiler SPSoftwareDataType
Software:

    System Software Overview:

      System Version: macOS 10.15.7 (19H15)
      Kernel Version: Darwin 19.6.0
      Boot Volume: Macintosh HD
      Boot Mode: Normal
      Computer Name: vm-osx-xcode-12.3.x-g2.4core-24556927-0ccf-4119-8ae6-8b7f8bd5aae1
      User Name: vagrant (vagrant)
      Secure Virtual Memory: Enabled
      System Integrity Protection: Disabled
      Time since boot: 1:22


========================================


=== System infos =======================
* Free disk space:
    Filesystem         Size        Avail
  /dev/disk1s5        300Gi        141Gi
========================================

--- Android

* ANDROID_HOME (/usr/local/share/android-sdk) content:
add-ons
build-tools
cmdline-tools
emulator
extras
licenses
ndk-bundle
patcher
platform-tools
platforms
system-images
tools

* ANDROID_NDK_HOME (/usr/local/share/android-sdk/ndk-bundle/android-ndk-r21e) content:

* Android NDK Version:

* platform-tools content:
NOTICE.txt
adb
dmtracedump
e2fsdroid
etc1tool
fastboot
hprof-conv
lib64
make_f2fs
make_f2fs_casefold
mke2fs
mke2fs.conf
package.xml
sload_f2fs
source.properties
sqlite3
systrace

* build-tools content:
17.0.0
19.1.0
21.1.2
22.0.1
23.0.3
24.0.3
25.0.3
26.0.1
26.0.2
27.0.0
27.0.1
27.0.2
27.0.3
28.0.0
28.0.1
28.0.2
28.0.3
29.0.0
29.0.1
29.0.2
29.0.3
30.0.0
30.0.1
30.0.2
30.0.3

* extras content:
/usr/local/share/android-sdk/extras
├── android
│   └── m2repository
├── google
│   ├── google_play_services
│   └── m2repository
└── m2repository
    └── com

7 directories, 0 files

* platforms content:
android-15
android-17
android-19
android-21
android-22
android-23
android-24
android-25
android-26
android-27
android-28
android-29
android-30

* system-images content:
/usr/local/share/android-sdk/system-images
├── android-26
│   └── google_apis
│       └── x86
├── android-28
│   └── google_apis
│       └── x86_64
├── android-29
│   └── google_apis
│       └── x86
└── android-30
    └── google_apis
        └── x86

12 directories, 0 files

========================================

 * SDK packages:
* Command line Tools version: 5.0
* Platform Tools version: 31.0.3
* Emulator version: 30.8.4
========================================


=== Android APK tools ==================

* aapt2:

========================================


=== Environment infos =======================
MATCH_KEYCHAIN_PASSWORD environment set
========================================


=== Control tests ======================
source $HOME/.bash_profile ...
source $HOME/.bash_profile - PASSED
========================================

