 (i) Ignore Errors: enabled

#
# This System Report was generated by: https://github.com/bitrise-io/osx-box-bootstrap/blob/master/system_report.sh
#  Pull Requests are welcome!
#


=== Revision / ID ======================
* BITRISE_OSX_STACK_REV_ID: v2021_08_23_2
========================================


=== Pre-installed tool versions ========
* Go: go version go1.16.6 darwin/amd64
* Python: Python 2.7.16
* Node.js: v12.22.5
* NPM: 6.14.14
* Yarn: 1.22.11
* Java: openjdk version "1.8.0_292"
OpenJDK Runtime Environment (AdoptOpenJDK)(build 1.8.0_292-b10)
OpenJDK 64-Bit Server VM (AdoptOpenJDK)(build 25.292-b10, mixed mode)
* Flutter: Flutter 1.26.0-17.8.pre • channel beta • https://github.com/flutter/flutter.git
* fvm: 2.2.2

* git: git version 2.33.0
* git lfs: git-lfs/2.13.3 (GitHub; darwin amd64; go 1.16.5)
* mercurial/hg: Mercurial Distributed SCM (version 5.9)
* curl: curl 7.64.1 (x86_64-apple-darwin19.0) libcurl/7.64.1 (SecureTransport) LibreSSL/2.8.3 zlib/1.2.11 nghttp2/1.39.2
* wget: GNU Wget 1.21.1 built on darwin19.6.0.
* rsync: rsync  version 2.6.9  protocol version 29
* unzip: UnZip 6.00 of 20 April 2009, by Info-ZIP.  Maintained by C. Spieler.  Send
* zip: This is Zip 3.0 (July 5th 2008), by Info-ZIP.
* tar: bsdtar 3.3.2 - libarchive 3.3.2 zlib/1.2.11 liblzma/5.0.5 bz2lib/1.0.6
* tree: tree v1.8.0 (c) 1996 - 2018 by Steve Baker, Thomas Moore, Francesc Rocher, Florian Sesser, Kyosuke Tokoro 

* brew: Homebrew 3.2.10
Homebrew/homebrew-core (git revision 05b8236bf4; last commit 2021-08-23)
Homebrew/homebrew-cask (git revision b9170f0c52; last commit 2021-08-23)
* Ansible: ansible [core 2.11.3] 
  config file = /Users/vagrant/git/ansible.cfg
  configured module search path = ['/Users/vagrant/.ansible/plugins/modules', '/usr/share/ansible/plugins/modules']
  ansible python module location = /usr/local/Cellar/ansible/4.4.0/libexec/lib/python3.9/site-packages/ansible
  ansible collection location = /Users/vagrant/.ansible/collections:/usr/share/ansible/collections
  executable location = /usr/local/bin/ansible
* gtimeout: timeout (GNU coreutils) 8.32
* watchman: 2021.08.02.00
* flow: Flow, a static type checker for JavaScript, version 0.158.0
* carthage: 0.38.0
* imagemagick (convert): Version: ImageMagick 7.1.0-5 Q16 x86_64 2021-08-22 https://imagemagick.org
* ghostscript (ps2ascii): 9.54.0
* screen: Screen version 4.08.00 (GNU) 05-Feb-20
* firebase: 9.17.0
* applesimutils version 0.9.4
* jq: 1.6
* Version: 0.8.1
* XCLogParser 0.2.21
* Screen 4.08.00
* applesimutils 0.9.4
* OpenConnect version v8.10
* aws-cli: aws-cli/2.2.31 Python/3.9.6 Darwin/19.6.0 source/x86_64 prompt/off
* cmake: 3.21.1
* danger-swift: 3.10.2
[0;0m

--- Bitrise CLI tool versions
* bitrise: 1.47.2
* stepman: 0.13.1
* envman: 2.3.1
* cmd-bridge: 0.9.5
========================================


=== Brew list versions ==================
ansible 4.4.0
ant 1.10.11
aom 3.1.2
applesimutils 0.9.4
autoconf 2.71
awscli 2.2.31
bdw-gc 8.0.4_2
boost 1.76.0
brotli 1.0.9
c-ares 1.17.2
carthage 0.38.0
cmake 3.21.1
coreutils 8.32
danger-js 10.6.6
danger-swift 3.10.2
dart 2.13.4
docbook 5.1_1
docbook-xsl 1.79.2_1
double-conversion 3.1.5_1
flow 0.158.0
fmt 8.0.1
folly 2021.08.02.00_1
fontconfig 2.13.1
freetype 2.11.0
fvm 2.2.2
gdbm 1.20
gettext 0.21
gflags 2.2.2
ghostscript 9.54.0
git 2.33.0
git-lfs 2.13.3
glib 2.68.4
glog 0.5.0
gmp 6.2.1
gnu-getopt 2.37.2
gnutls 3.6.16
go 1.16.6
gradle 7.2
guile 3.0.7
icu4c 69.1
imagemagick 7.1.0-5
imath 3.1.2
jbig2dec 0.19
jemalloc 5.2.1_1
jenv 0.5.4
jpeg 9d
jq 1.6
libde265 1.0.8
libev 4.33
libevent 2.1.12
libffi 3.3_3
libheif 1.12.0
libidn 1.38
libidn2 2.3.2
liblqr 0.4.2_1
libomp 12.0.1
libpng 1.6.37
libtasn1 4.17.0
libtiff 4.3.0
libtool 2.4.6_4
libunistring 0.9.10
libuv 1.42.0
libyaml 0.2.5
little-cms2 2.12
lz4 1.9.3
m4 1.4.19
macos-term-size 1.0.0
maven 3.8.2
mercurial 5.9
mpdecimal 2.5.1
nettle 3.7.3
nghttp2 1.44.0
node 16.7.0
node@12 12.22.5
oniguruma 6.9.7.1
openconnect 8.10
openexr 3.1.1
openjdk 16.0.2
openjpeg 2.4.0
openssl@1.1 1.1.1k
p11-kit 0.24.0
pcre 8.45
pcre2 10.37_1
pkg-config 0.29.2_3
python@3.9 3.9.6
rbenv 1.1.2
readline 8.1
ruby-build 20210804
screen 4.8.0
shared-mime-info 2.1
six 1.16.0_1
snappy 1.1.9
sqlite 3.36.0
stoken 0.92_1
tree 1.8.0
unbound 1.13.2
watchman 2021.08.02.00_1
webp 1.2.1
wget 1.21.1_1
x265 3.5
xmlto 0.0.28
xz 5.2.5
yarn 1.22.11
zstd 1.5.0
========================================


=== Brew deps tree ==================
adoptopenjdk/openjdk/adoptopenjdk11

adoptopenjdk/openjdk/adoptopenjdk8

ansible
├── libyaml
├── openssl@1.1
└── python@3.9
    ├── gdbm
    ├── mpdecimal
    ├── openssl@1.1
    ├── readline
    ├── sqlite
    │   └── readline
    └── xz

ant
└── openjdk

aom

wix/brew/applesimutils

autoconf
└── m4

awscli
├── python@3.9
│   ├── gdbm
│   ├── mpdecimal
│   ├── openssl@1.1
│   ├── readline
│   ├── sqlite
│   │   └── readline
│   └── xz
└── six

bdw-gc

boost
└── icu4c

brotli

c-ares

carthage

cmake

coreutils

danger/tap/danger-js

danger/tap/danger-swift
└── danger/tap/danger-js

dart-lang/dart/dart

docbook

docbook-xsl
└── docbook

double-conversion

flow

fmt

folly
├── boost
│   └── icu4c
├── double-conversion
├── fmt
├── gflags
├── glog
│   └── gflags
├── libevent
│   └── openssl@1.1
├── lz4
├── openssl@1.1
├── snappy
├── xz
└── zstd

fontconfig
└── freetype
    └── libpng

freetype
└── libpng

leoafarias/fvm/fvm

gdbm

gettext

gflags

ghostscript
├── fontconfig
│   └── freetype
│       └── libpng
├── freetype
│   └── libpng
├── jbig2dec
├── jpeg
├── libidn
├── libpng
├── libtiff
│   └── jpeg
├── little-cms2
│   ├── jpeg
│   └── libtiff
│       └── jpeg
└── openjpeg
    ├── libpng
    ├── libtiff
    │   └── jpeg
    └── little-cms2
        ├── jpeg
        └── libtiff
            └── jpeg

git
├── gettext
└── pcre2

git-lfs

glib
├── gettext
├── libffi
├── pcre
└── python@3.9
    ├── gdbm
    ├── mpdecimal
    ├── openssl@1.1
    ├── readline
    ├── sqlite
    │   └── readline
    └── xz

glog
└── gflags

gmp

gnu-getopt

gnutls
├── gmp
├── guile
│   ├── bdw-gc
│   ├── gmp
│   ├── libffi
│   ├── libtool
│   │   └── m4
│   ├── libunistring
│   ├── pkg-config
│   └── readline
├── libidn2
│   ├── gettext
│   └── libunistring
├── libtasn1
├── libunistring
├── nettle
│   └── gmp
├── p11-kit
│   └── libffi
└── unbound
    ├── libevent
    │   └── openssl@1.1
    ├── nghttp2
    │   ├── c-ares
    │   ├── jemalloc
    │   ├── libev
    │   └── openssl@1.1
    └── openssl@1.1

go

gradle
└── openjdk

guile
├── bdw-gc
├── gmp
├── libffi
├── libtool
│   └── m4
├── libunistring
├── pkg-config
└── readline

icu4c

imagemagick
├── freetype
│   └── libpng
├── ghostscript
│   ├── fontconfig
│   │   └── freetype
│   │       └── libpng
│   ├── freetype
│   │   └── libpng
│   ├── jbig2dec
│   ├── jpeg
│   ├── libidn
│   ├── libpng
│   ├── libtiff
│   │   └── jpeg
│   ├── little-cms2
│   │   ├── jpeg
│   │   └── libtiff
│   │       └── jpeg
│   └── openjpeg
│       ├── libpng
│       ├── libtiff
│       │   └── jpeg
│       └── little-cms2
│           ├── jpeg
│           └── libtiff
│               └── jpeg
├── jpeg
├── libheif
│   ├── aom
│   ├── jpeg
│   ├── libde265
│   ├── libpng
│   ├── shared-mime-info
│   │   ├── gettext
│   │   ├── glib
│   │   │   ├── gettext
│   │   │   ├── libffi
│   │   │   ├── pcre
│   │   │   └── python@3.9
│   │   │       ├── gdbm
│   │   │       ├── mpdecimal
│   │   │       ├── openssl@1.1
│   │   │       ├── readline
│   │   │       ├── sqlite
│   │   │       │   └── readline
│   │   │       └── xz
│   │   └── xmlto
│   │       ├── docbook
│   │       ├── docbook-xsl
│   │       │   └── docbook
│   │       └── gnu-getopt
│   └── x265
├── liblqr
│   └── glib
│       ├── gettext
│       ├── libffi
│       ├── pcre
│       └── python@3.9
│           ├── gdbm
│           ├── mpdecimal
│           ├── openssl@1.1
│           ├── readline
│           ├── sqlite
│           │   └── readline
│           └── xz
├── libomp
├── libpng
├── libtiff
│   └── jpeg
├── libtool
│   └── m4
├── little-cms2
│   ├── jpeg
│   └── libtiff
│       └── jpeg
├── openexr
│   └── imath
├── openjpeg
│   ├── libpng
│   ├── libtiff
│   │   └── jpeg
│   └── little-cms2
│       ├── jpeg
│       └── libtiff
│           └── jpeg
├── webp
│   ├── jpeg
│   ├── libpng
│   └── libtiff
│       └── jpeg
└── xz

imath

intel-haxm

jbig2dec

jemalloc

jenv

jpeg

jq
└── oniguruma

libde265

libev

libevent
└── openssl@1.1

libffi

libheif
├── aom
├── jpeg
├── libde265
├── libpng
├── shared-mime-info
│   ├── gettext
│   ├── glib
│   │   ├── gettext
│   │   ├── libffi
│   │   ├── pcre
│   │   └── python@3.9
│   │       ├── gdbm
│   │       ├── mpdecimal
│   │       ├── openssl@1.1
│   │       ├── readline
│   │       ├── sqlite
│   │       │   └── readline
│   │       └── xz
│   └── xmlto
│       ├── docbook
│       ├── docbook-xsl
│       │   └── docbook
│       └── gnu-getopt
└── x265

libidn

libidn2
├── gettext
└── libunistring

liblqr
└── glib
    ├── gettext
    ├── libffi
    ├── pcre
    └── python@3.9
        ├── gdbm
        ├── mpdecimal
        ├── openssl@1.1
        ├── readline
        ├── sqlite
        │   └── readline
        └── xz

libomp

libpng

libtasn1

libtiff
└── jpeg

libtool
└── m4

libunistring

libuv

libyaml

little-cms2
├── jpeg
└── libtiff
    └── jpeg

lz4

m4

macos-term-size

maven
└── openjdk

mercurial
└── python@3.9
    ├── gdbm
    ├── mpdecimal
    ├── openssl@1.1
    ├── readline
    ├── sqlite
    │   └── readline
    └── xz

mpdecimal

nettle
└── gmp

nghttp2
├── c-ares
├── jemalloc
├── libev
└── openssl@1.1

node
├── brotli
├── c-ares
├── icu4c
├── libuv
├── nghttp2
│   ├── c-ares
│   ├── jemalloc
│   ├── libev
│   └── openssl@1.1
└── openssl@1.1

node@12
├── icu4c
└── macos-term-size

oniguruma

openconnect
├── gettext
├── gnutls
│   ├── gmp
│   ├── guile
│   │   ├── bdw-gc
│   │   ├── gmp
│   │   ├── libffi
│   │   ├── libtool
│   │   │   └── m4
│   │   ├── libunistring
│   │   ├── pkg-config
│   │   └── readline
│   ├── libidn2
│   │   ├── gettext
│   │   └── libunistring
│   ├── libtasn1
│   ├── libunistring
│   ├── nettle
│   │   └── gmp
│   ├── p11-kit
│   │   └── libffi
│   └── unbound
│       ├── libevent
│       │   └── openssl@1.1
│       ├── nghttp2
│       │   ├── c-ares
│       │   ├── jemalloc
│       │   ├── libev
│       │   └── openssl@1.1
│       └── openssl@1.1
└── stoken
    └── nettle
        └── gmp

openexr
└── imath

openjdk

openjpeg
├── libpng
├── libtiff
│   └── jpeg
└── little-cms2
    ├── jpeg
    └── libtiff
        └── jpeg

openssl@1.1

p11-kit
└── libffi

pcre

pcre2

pkg-config

python@3.9
├── gdbm
├── mpdecimal
├── openssl@1.1
├── readline
├── sqlite
│   └── readline
└── xz

rbenv
└── ruby-build
    ├── autoconf
    │   └── m4
    ├── pkg-config
    └── readline

readline

ruby-build
├── autoconf
│   └── m4
├── pkg-config
└── readline

screen

shared-mime-info
├── gettext
├── glib
│   ├── gettext
│   ├── libffi
│   ├── pcre
│   └── python@3.9
│       ├── gdbm
│       ├── mpdecimal
│       ├── openssl@1.1
│       ├── readline
│       ├── sqlite
│       │   └── readline
│       └── xz
└── xmlto
    ├── docbook
    ├── docbook-xsl
    │   └── docbook
    └── gnu-getopt

six

snappy

sqlite
└── readline

stoken
└── nettle
    └── gmp

tree

unbound
├── libevent
│   └── openssl@1.1
├── nghttp2
│   ├── c-ares
│   ├── jemalloc
│   ├── libev
│   └── openssl@1.1
└── openssl@1.1

watchman
├── boost
│   └── icu4c
├── fmt
├── folly
│   ├── boost
│   │   └── icu4c
│   ├── double-conversion
│   ├── fmt
│   ├── gflags
│   ├── glog
│   │   └── gflags
│   ├── libevent
│   │   └── openssl@1.1
│   ├── lz4
│   ├── openssl@1.1
│   ├── snappy
│   ├── xz
│   └── zstd
├── gflags
├── glog
│   └── gflags
├── libevent
│   └── openssl@1.1
├── openssl@1.1
├── pcre
└── python@3.9
    ├── gdbm
    ├── mpdecimal
    ├── openssl@1.1
    ├── readline
    ├── sqlite
    │   └── readline
    └── xz

webp
├── jpeg
├── libpng
└── libtiff
    └── jpeg

wget
├── libidn2
│   ├── gettext
│   └── libunistring
└── openssl@1.1

x265

xmlto
├── docbook
├── docbook-xsl
│   └── docbook
└── gnu-getopt

xz

yarn
└── node
    ├── brotli
    ├── c-ares
    ├── icu4c
    ├── libuv
    ├── nghttp2
    │   ├── c-ares
    │   ├── jemalloc
    │   ├── libev
    │   └── openssl@1.1
    └── openssl@1.1

zstd

========================================


=== Ruby and rubygems ==================
* Ruby (default): ruby 2.6.5p114 (2019-10-01 revision 67812) [x86_64-darwin19]
--- Available ruby versions ---
  system
  2.4.5
  2.5.3
* 2.6.5 (set by /Users/vagrant/.rbenv/version)
  2.7.2
  3.0.0
-------------------------------
* rbenv: 1.1.2
* Rubygems: 3.0.3
* Bundler: Bundler version 2.1.4
* CocoaPods: 1.10.1
* xcpretty: 0.3.0
========================================


=== All Ruby GEMs ======================
activesupport (5.2.6)
addressable (2.8.0)
algoliasearch (1.27.5)
artifactory (3.0.15)
atomos (0.1.3)
aws-eventstream (1.1.1)
aws-partitions (1.491.0)
aws-sdk-core (3.119.1)
aws-sdk-kms (1.46.0)
aws-sdk-s3 (1.99.0)
aws-sigv4 (1.2.4)
babosa (1.0.4)
bigdecimal (default: 1.4.1)
bundler (2.1.4, default: 1.17.2)
CFPropertyList (3.0.3)
claide (1.0.3)
clamp (1.3.2)
cmath (default: 1.0.0)
cocoapods (1.10.1)
cocoapods-core (1.10.1)
cocoapods-deintegrate (1.0.5)
cocoapods-downloader (1.5.0)
cocoapods-plugins (1.0.0)
cocoapods-search (1.0.1)
cocoapods-trunk (1.6.0)
cocoapods-try (1.2.0)
colored (1.2)
colored2 (3.1.2)
commander (4.6.0)
concurrent-ruby (1.1.9)
csv (default: 3.0.9)
date (default: 2.0.0)
dbm (default: 1.0.0)
declarative (0.0.20)
did_you_mean (1.3.0)
digest-crc (0.6.4)
domain_name (0.5.20190701)
dotenv (2.7.6)
e2mmap (default: 0.1.0)
emoji_regex (3.2.2)
escape (0.0.4)
etc (default: 1.0.1)
ethon (0.14.0)
excon (0.85.0)
faraday (1.7.0)
faraday-cookie_jar (0.0.7)
faraday-em_http (1.0.0)
faraday-em_synchrony (1.0.0)
faraday-excon (1.1.0)
faraday-httpclient (1.0.1)
faraday-net_http (1.0.1)
faraday-net_http_persistent (1.2.0)
faraday-patron (1.0.0)
faraday-rack (1.0.0)
faraday_middleware (1.1.0)
fastimage (2.2.5)
fastlane (2.192.0)
fcntl (default: 1.0.0)
ffi (1.15.4)
fiddle (default: 1.0.0)
fileutils (default: 1.1.0)
forwardable (default: 1.2.0)
fourflusher (2.3.1)
fuzzy_match (2.0.4)
gh_inspector (1.1.3)
google-apis-androidpublisher_v3 (0.10.0)
google-apis-core (0.4.1)
google-apis-iamcredentials_v1 (0.7.0)
google-apis-playcustomapp_v1 (0.5.0)
google-apis-storage_v1 (0.6.0)
google-cloud-core (1.6.0)
google-cloud-env (1.5.0)
google-cloud-errors (1.1.0)
google-cloud-storage (1.34.1)
googleauth (0.17.0)
highline (2.0.3)
http-cookie (1.0.4)
httpclient (2.8.3)
i18n (1.8.10)
io-console (default: 0.4.7)
ipaddr (default: 1.2.2)
irb (default: 1.0.0)
jazzy (0.13.6)
jmespath (1.4.0)
json (default: 2.1.0)
jwt (2.2.3)
liferaft (0.0.6)
logger (default: 1.3.0)
matrix (default: 0.1.0)
memoist (0.16.2)
mini_magick (4.11.0)
mini_mime (1.1.1)
minitest (5.11.3)
molinillo (0.6.6)
multi_json (1.15.0)
multipart-post (2.0.0)
mustache (1.1.1)
mutex_m (default: 0.1.0)
nanaimo (0.3.0)
nap (1.1.0)
naturally (2.2.1)
net-telnet (0.2.0)
netrc (0.11.0)
nokogiri (1.12.4 x86_64-darwin)
open4 (1.3.4)
openssl (default: 2.1.2)
optparse (0.1.1)
os (1.1.1)
ostruct (default: 0.1.0)
plist (3.6.0)
power_assert (1.1.3)
prime (default: 0.1.0)
psych (default: 3.1.0)
public_suffix (4.0.6)
racc (1.5.2)
rake (12.3.2)
rdoc (default: 6.1.2)
redcarpet (3.5.1)
representable (3.1.1)
retriable (3.1.2)
rexml (3.2.5, default: 3.1.9)
rouge (2.0.7)
rss (default: 0.2.7)
ruby-macho (1.4.0)
ruby2_keywords (0.0.5)
rubyzip (2.3.2)
sassc (2.4.0)
scanf (default: 1.0.0)
sdbm (default: 1.0.0)
security (0.1.3)
shell (default: 0.7)
signet (0.15.0)
simctl (1.6.8)
slack-notifier (2.4.0)
slather (2.5.0)
sqlite3 (1.4.2)
stringio (default: 0.0.2)
strscan (default: 1.0.0)
sync (default: 0.5.0)
terminal-notifier (2.0.0)
terminal-table (1.8.0)
test-unit (3.2.9)
thread_safe (0.3.6)
thwait (default: 0.1.0)
tracer (default: 0.1.0)
trailblazer-option (0.1.1)
trainer (0.9.1)
tty-cursor (0.7.1)
tty-screen (0.8.1)
tty-spinner (0.9.3)
typhoeus (1.4.0)
tzinfo (1.2.9)
uber (0.1.0)
unf (0.1.4)
unf_ext (0.0.7.7)
unicode-display_width (1.7.0)
webrick (default: 1.4.2)
word_wrap (1.0.0)
xcinvoke (0.3.0)
xcode-install (2.7.0)
xcodeproj (1.21.0)
xcov (1.7.5)
xcpretty (0.3.0)
xcpretty-json-formatter (0.1.1)
xcpretty-travis-formatter (1.0.1)
xcresult (0.2.1)
xmlrpc (0.3.0)
zlib (default: 1.0.0)
========================================


=== NPM global packages ==========================
* Cordova: 9.0.0 (cordova-lib@9.0.1)
* Ionic: 6.11.12
* Appcenter-CLI version: 2.9.0
========================================


=== Checking Xcode CLT dirs ============

 * ls -1 /Library/Developer/CommandLineTools/SDKs/MacOSX10.15.sdk/usr/include/CommonCrypto
CommonCrypto.h
CommonCryptoError.h
CommonCryptor.h
CommonDigest.h
CommonHMAC.h
CommonKeyDerivation.h
CommonRandom.h
CommonSymmetricKeywrap.h
module.modulemap

 * ls -1 /Library/Developer/CommandLineTools/
Library
SDKs
usr

 * /Library/Developer/CommandLineTools/usr/bin/swift --version
Apple Swift version 5.3.2 (swiftlang-1200.0.45 clang-1200.0.32.28)
Target: x86_64-apple-darwin19.6.0

========================================


=== Xcode ==============================

* Active Xcode Command Line Tools:
/Applications/Xcode-12.0.1.app/Contents/Developer

* Xcode Version:
Xcode 12.0.1
Build version 12A7300

* /usr/bin/swift --version
Apple Swift version 5.3 (swiftlang-1200.0.29.2 clang-1200.0.30.1)
Target: x86_64-apple-darwin19.6.0

* Installed SDKs:
iOS SDKs:
	iOS 14.0                      	-sdk iphoneos14.0

iOS Simulator SDKs:
	Simulator - iOS 14.0          	-sdk iphonesimulator14.0

macOS SDKs:
	DriverKit 19.0                	-sdk driverkit.macosx19.0
	macOS 10.15                   	-sdk macosx10.15

tvOS SDKs:
	tvOS 14.0                     	-sdk appletvos14.0

tvOS Simulator SDKs:
	Simulator - tvOS 14.0         	-sdk appletvsimulator14.0

watchOS SDKs:
	watchOS 7.0                   	-sdk watchos7.0

watchOS Simulator SDKs:
	Simulator - watchOS 7.0       	-sdk watchsimulator7.0


* Available Simulators:
== Device Types ==
iPhone 4s (com.apple.CoreSimulator.SimDeviceType.iPhone-4s)
iPhone 5 (com.apple.CoreSimulator.SimDeviceType.iPhone-5)
iPhone 5s (com.apple.CoreSimulator.SimDeviceType.iPhone-5s)
iPhone 6 Plus (com.apple.CoreSimulator.SimDeviceType.iPhone-6-Plus)
iPhone 6 (com.apple.CoreSimulator.SimDeviceType.iPhone-6)
iPhone 6s (com.apple.CoreSimulator.SimDeviceType.iPhone-6s)
iPhone 6s Plus (com.apple.CoreSimulator.SimDeviceType.iPhone-6s-Plus)
iPhone SE (1st generation) (com.apple.CoreSimulator.SimDeviceType.iPhone-SE)
iPhone 7 (com.apple.CoreSimulator.SimDeviceType.iPhone-7)
iPhone 7 Plus (com.apple.CoreSimulator.SimDeviceType.iPhone-7-Plus)
iPhone 8 (com.apple.CoreSimulator.SimDeviceType.iPhone-8)
iPhone 8 Plus (com.apple.CoreSimulator.SimDeviceType.iPhone-8-Plus)
iPhone X (com.apple.CoreSimulator.SimDeviceType.iPhone-X)
iPhone Xs (com.apple.CoreSimulator.SimDeviceType.iPhone-XS)
iPhone Xs Max (com.apple.CoreSimulator.SimDeviceType.iPhone-XS-Max)
iPhone Xʀ (com.apple.CoreSimulator.SimDeviceType.iPhone-XR)
iPhone 11 (com.apple.CoreSimulator.SimDeviceType.iPhone-11)
iPhone 11 Pro (com.apple.CoreSimulator.SimDeviceType.iPhone-11-Pro)
iPhone 11 Pro Max (com.apple.CoreSimulator.SimDeviceType.iPhone-11-Pro-Max)
iPhone SE (2nd generation) (com.apple.CoreSimulator.SimDeviceType.iPhone-SE--2nd-generation-)
iPod touch (7th generation) (com.apple.CoreSimulator.SimDeviceType.iPod-touch--7th-generation-)
iPad 2 (com.apple.CoreSimulator.SimDeviceType.iPad-2)
iPad Retina (com.apple.CoreSimulator.SimDeviceType.iPad-Retina)
iPad Air (com.apple.CoreSimulator.SimDeviceType.iPad-Air)
iPad mini 2 (com.apple.CoreSimulator.SimDeviceType.iPad-mini-2)
iPad mini 3 (com.apple.CoreSimulator.SimDeviceType.iPad-mini-3)
iPad mini 4 (com.apple.CoreSimulator.SimDeviceType.iPad-mini-4)
iPad Air 2 (com.apple.CoreSimulator.SimDeviceType.iPad-Air-2)
iPad Pro (9.7-inch) (com.apple.CoreSimulator.SimDeviceType.iPad-Pro--9-7-inch-)
iPad Pro (12.9-inch) (1st generation) (com.apple.CoreSimulator.SimDeviceType.iPad-Pro)
iPad (5th generation) (com.apple.CoreSimulator.SimDeviceType.iPad--5th-generation-)
iPad Pro (12.9-inch) (2nd generation) (com.apple.CoreSimulator.SimDeviceType.iPad-Pro--12-9-inch---2nd-generation-)
iPad Pro (10.5-inch) (com.apple.CoreSimulator.SimDeviceType.iPad-Pro--10-5-inch-)
iPad (6th generation) (com.apple.CoreSimulator.SimDeviceType.iPad--6th-generation-)
iPad (7th generation) (com.apple.CoreSimulator.SimDeviceType.iPad--7th-generation-)
iPad Pro (11-inch) (1st generation) (com.apple.CoreSimulator.SimDeviceType.iPad-Pro--11-inch-)
iPad Pro (12.9-inch) (3rd generation) (com.apple.CoreSimulator.SimDeviceType.iPad-Pro--12-9-inch---3rd-generation-)
iPad Pro (11-inch) (2nd generation) (com.apple.CoreSimulator.SimDeviceType.iPad-Pro--11-inch---2nd-generation-)
iPad Pro (12.9-inch) (4th generation) (com.apple.CoreSimulator.SimDeviceType.iPad-Pro--12-9-inch---4th-generation-)
iPad mini (5th generation) (com.apple.CoreSimulator.SimDeviceType.iPad-mini--5th-generation-)
iPad Air (3rd generation) (com.apple.CoreSimulator.SimDeviceType.iPad-Air--3rd-generation-)
iPad (8th generation) (com.apple.CoreSimulator.SimDeviceType.iPad--8th-generation-)
iPad Air (4th generation) (com.apple.CoreSimulator.SimDeviceType.iPad-Air--4th-generation-)
Apple TV (com.apple.CoreSimulator.SimDeviceType.Apple-TV-1080p)
Apple TV 4K (com.apple.CoreSimulator.SimDeviceType.Apple-TV-4K-4K)
Apple TV 4K (at 1080p) (com.apple.CoreSimulator.SimDeviceType.Apple-TV-4K-1080p)
Apple Watch - 38mm (com.apple.CoreSimulator.SimDeviceType.Apple-Watch-38mm)
Apple Watch - 42mm (com.apple.CoreSimulator.SimDeviceType.Apple-Watch-42mm)
Apple Watch Series 2 - 38mm (com.apple.CoreSimulator.SimDeviceType.Apple-Watch-Series-2-38mm)
Apple Watch Series 2 - 42mm (com.apple.CoreSimulator.SimDeviceType.Apple-Watch-Series-2-42mm)
Apple Watch Series 3 - 38mm (com.apple.CoreSimulator.SimDeviceType.Apple-Watch-Series-3-38mm)
Apple Watch Series 3 - 42mm (com.apple.CoreSimulator.SimDeviceType.Apple-Watch-Series-3-42mm)
Apple Watch Series 4 - 40mm (com.apple.CoreSimulator.SimDeviceType.Apple-Watch-Series-4-40mm)
Apple Watch Series 4 - 44mm (com.apple.CoreSimulator.SimDeviceType.Apple-Watch-Series-4-44mm)
Apple Watch Series 5 - 40mm (com.apple.CoreSimulator.SimDeviceType.Apple-Watch-Series-5-40mm)
Apple Watch Series 5 - 44mm (com.apple.CoreSimulator.SimDeviceType.Apple-Watch-Series-5-44mm)
Apple Watch SE - 40mm (com.apple.CoreSimulator.SimDeviceType.Apple-Watch-SE-40mm)
Apple Watch SE - 44mm (com.apple.CoreSimulator.SimDeviceType.Apple-Watch-SE-44mm)
Apple Watch Series 6 - 40mm (com.apple.CoreSimulator.SimDeviceType.Apple-Watch-Series-6-40mm)
Apple Watch Series 6 - 44mm (com.apple.CoreSimulator.SimDeviceType.Apple-Watch-Series-6-44mm)
== Runtimes ==
iOS 13.3 (13.3 - 17C45) - com.apple.CoreSimulator.SimRuntime.iOS-13-3
iOS 13.4 (13.4 - 17E255) - com.apple.CoreSimulator.SimRuntime.iOS-13-4
iOS 13.5 (13.5 - 17F61) - com.apple.CoreSimulator.SimRuntime.iOS-13-5
iOS 13.6 (13.6 - 17G64) - com.apple.CoreSimulator.SimRuntime.iOS-13-6
iOS 14.0 (14.0 - 18A372) - com.apple.CoreSimulator.SimRuntime.iOS-14-0
tvOS 13.0 (13.0 - 17J585) - com.apple.CoreSimulator.SimRuntime.tvOS-13-0
tvOS 13.2 (13.2 - 17K90) - com.apple.CoreSimulator.SimRuntime.tvOS-13-2
tvOS 13.3 (13.3 - 17K446) - com.apple.CoreSimulator.SimRuntime.tvOS-13-3
tvOS 14.0 (14.0 - 18J383) - com.apple.CoreSimulator.SimRuntime.tvOS-14-0
watchOS 6.0 (6.0 - 17R575) - com.apple.CoreSimulator.SimRuntime.watchOS-6-0
watchOS 6.1 (6.1.1 - 17S445) - com.apple.CoreSimulator.SimRuntime.watchOS-6-1
watchOS 7.0 (7.0 - 18R382) - com.apple.CoreSimulator.SimRuntime.watchOS-7-0
== Devices ==
-- iOS 13.3 --
    iPhone 8 (9FCFB673-7E3D-40C0-B3CD-8E0C587D31C0) (Shutdown) 
    iPhone 8 Plus (E751416C-5983-4A43-9699-7702AAC2508A) (Shutdown) 
    iPhone 11 (A2AA161C-1B78-486B-93F4-873F58645172) (Shutdown) 
    iPhone 11 Pro (63220148-05EA-4694-A9C9-DA269573F503) (Shutdown) 
    iPhone 11 Pro Max (FAA79C6C-263D-4051-8D34-87C350015BF9) (Shutdown) 
    iPad Pro (9.7-inch) (2787096E-BC79-4B6C-8AC5-1C6339DE02D1) (Shutdown) 
    iPad (7th generation) (8FC28EBE-2D61-4D70-9656-008C555A97AA) (Shutdown) 
    iPad Pro (11-inch) (1st generation) (A5AB6EEA-F4A5-43A2-8F9E-2C1A0D98D324) (Shutdown) 
    iPad Pro (12.9-inch) (3rd generation) (7BA909FB-4AFD-4DA6-BD92-2C160B7DBB5B) (Shutdown) 
    iPad Air (3rd generation) (0FFFF994-DCD7-4C7F-80DC-8783F11E285E) (Shutdown) 
-- iOS 13.4 --
    iPhone 8 (2EC614EB-A867-44DB-830D-2E3B3CF6D2B4) (Shutdown) 
    iPhone 8 Plus (09C48FE2-26AD-49A6-8EEF-1CB8FFB8A1A9) (Shutdown) 
    iPhone 11 (AC5E1B09-7293-4F95-8113-125D3978148C) (Shutdown) 
    iPhone 11 Pro (71F189C4-F97D-4567-BB64-FF1FE278D416) (Shutdown) 
    iPhone 11 Pro Max (FE30C822-C99A-4AAC-B4E9-61D314EEC8FE) (Shutdown) 
    iPad Pro (9.7-inch) (9A63CED6-1487-4F5D-8F12-FE76251379EE) (Shutdown) 
    iPad (7th generation) (2A78F270-0AB6-40FD-9756-12C3B73CD8F6) (Shutdown) 
    iPad Pro (11-inch) (2nd generation) (42551A2D-43A5-41B4-8A1B-9D08CAF1E3BE) (Shutdown) 
    iPad Pro (12.9-inch) (4th generation) (87CA5A6C-6E0C-4A29-8842-6C6F39D2469F) (Shutdown) 
    iPad Air (3rd generation) (94D6B9E2-5FB3-4E2D-9850-EC1A1A341D41) (Shutdown) 
-- iOS 13.5 --
    iPhone 8 (FDA30DC8-3A81-4FA8-AF8A-E34B41D0E47A) (Shutdown) 
    iPhone 8 Plus (E1FD8873-1607-47EE-812F-89BB2671B556) (Shutdown) 
    iPhone 11 (3FC32DE0-37E4-4D71-9411-0EC024200881) (Shutdown) 
    iPhone 11 Pro (38C3E835-3E99-4761-8895-522376E572D5) (Shutdown) 
    iPhone 11 Pro Max (07E4E4D3-AC28-4AC7-B38F-141DD7429692) (Shutdown) 
    iPhone SE (2nd generation) (68A95FDA-4379-438D-8427-FAEFB43D6762) (Shutdown) 
    iPad Pro (9.7-inch) (91749559-C1BC-48D9-B9FB-7A366BDF7E75) (Shutdown) 
    iPad (7th generation) (99AB2BE8-76A8-48EC-A5DC-A32BF5D87569) (Shutdown) 
    iPad Pro (11-inch) (2nd generation) (6DBFCAB1-F904-4D26-A3C6-FFEDAF54CC89) (Shutdown) 
    iPad Pro (12.9-inch) (4th generation) (F140E53F-ED7D-40D4-BDD0-3CBD8E8DA2B4) (Shutdown) 
    iPad Air (3rd generation) (CEC1D178-AC4C-457D-AC8B-B874AE886525) (Shutdown) 
-- iOS 13.6 --
    iPhone 8 (C5013325-D562-4982-A27E-159F9B029AE2) (Shutdown) 
    iPhone 8 Plus (AB375914-2DE2-4833-9852-3894B7492307) (Shutdown) 
    iPhone 11 (A61B576B-6265-404E-8956-E3E638C0D933) (Shutdown) 
    iPhone 11 Pro (7EFDB847-1BC7-4BCB-B23C-092E2B8CAD26) (Shutdown) 
    iPhone 11 Pro Max (B81DE57E-C0D8-4B6F-BCCC-EB6CF3F2B29F) (Shutdown) 
    iPhone SE (2nd generation) (F8B94C50-66B0-43C8-BED5-1EEA4ED10B6B) (Shutdown) 
    iPad Pro (9.7-inch) (73FD1016-4A38-4C48-82C6-CB136FFEEDA0) (Shutdown) 
    iPad (7th generation) (DFCD3A02-B231-4BF7-AE60-1BA76D984015) (Shutdown) 
    iPad Pro (11-inch) (2nd generation) (857094BE-3598-46BD-9F56-C4D5C3E597F0) (Shutdown) 
    iPad Pro (12.9-inch) (4th generation) (102E93E7-6545-42B4-B0D7-2F44B4E4B6EF) (Shutdown) 
    iPad Air (3rd generation) (3DA74170-26D5-4A49-9A7A-20127CA5E880) (Shutdown) 
-- iOS 14.0 --
    iPhone 8 (56912B62-D2F1-4716-97E6-B643904567CC) (Shutdown) 
    iPhone 8 Plus (D386982B-6610-4635-9280-0CA87949BBE1) (Shutdown) 
    iPhone 11 (12CA3B51-5401-4857-8830-A15BB43498E9) (Shutdown) 
    iPhone 11 Pro (1AEA7991-C480-4E74-970D-B5C545B7ABC2) (Shutdown) 
    iPhone 11 Pro Max (2B95DEE3-30E0-4150-8940-1133B0E7C498) (Shutdown) 
    iPhone SE (2nd generation) (A5237FD1-7BDB-4BE7-8298-ED204FAD1978) (Shutdown) 
    iPod touch (7th generation) (21A93AB0-88B0-4762-9525-2A821D97D947) (Shutdown) 
    iPad Pro (9.7-inch) (07446222-A1E5-4558-8B9F-EBE0D1E78B23) (Shutdown) 
    iPad Pro (11-inch) (2nd generation) (5C545112-4919-4516-BE2C-DF8CE4C5FA18) (Shutdown) 
    iPad Pro (12.9-inch) (4th generation) (FCE438CF-53C0-451B-A577-D224D52806BB) (Shutdown) 
    iPad (8th generation) (E1E106EC-05E4-497D-88AC-9FCE1B2CA399) (Shutdown) 
    iPad Air (4th generation) (0FA48671-DDE8-47B8-A531-1C57DBD010AE) (Shutdown) 
-- tvOS 13.0 --
    Apple TV (5B4340CF-FBD3-4A7B-B8DC-A8F347ECD8AB) (Shutdown) 
    Apple TV 4K (3E40F433-2977-4DA2-9297-9B12A6725B83) (Shutdown) 
    Apple TV 4K (at 1080p) (D374C6D8-A218-46EB-847D-9F28A2D6421A) (Shutdown) 
-- tvOS 13.2 --
    Apple TV (8094F3AA-B85F-4423-BA47-79EDADAAEA29) (Shutdown) 
    Apple TV 4K (4B2F604E-A14F-4F74-ACCA-9EB46F5C595E) (Shutdown) 
    Apple TV 4K (at 1080p) (F33F5799-837A-4D52-AA30-356364A8AF7F) (Shutdown) 
-- tvOS 13.3 --
    Apple TV (C64BC5C9-FAC6-4FAC-9ED3-EF746168469D) (Shutdown) 
    Apple TV 4K (CF8750E8-9C55-4067-8F4A-06514F36AC3C) (Shutdown) 
    Apple TV 4K (at 1080p) (9462E3A7-8F12-4BB9-8770-8ED684BC56FC) (Shutdown) 
-- tvOS 14.0 --
    Apple TV (D970026D-C804-4A03-987E-8ED57B22D690) (Shutdown) 
    Apple TV 4K (90F87F7F-3027-4D89-92E9-0E62A3E71EF1) (Shutdown) 
    Apple TV 4K (at 1080p) (362A883B-F59F-4E5F-AB00-DA44574364E5) (Shutdown) 
-- watchOS 6.0 --
    Apple Watch Series 4 - 40mm (8CB4412D-698C-4FFE-A992-CA8796D3EF15) (Shutdown) 
    Apple Watch Series 4 - 44mm (4E40013D-6A0E-4B90-8242-ADEDB6F00398) (Shutdown) 
    Apple Watch Series 5 - 40mm (ED1B9756-81B9-4F2D-882D-56038300D270) (Shutdown) 
    Apple Watch Series 5 - 44mm (C66B0561-ED49-4D56-8063-209419811538) (Shutdown) 
-- watchOS 6.1 --
    Apple Watch Series 4 - 40mm (1770A4CB-4B59-4E64-B00C-C1F1D6F7EA8B) (Shutdown) 
    Apple Watch Series 4 - 44mm (9E5ADFF1-374A-4DA9-8A70-439830AFF29E) (Shutdown) 
    Apple Watch Series 5 - 40mm (7EA4E70C-804C-4DDF-97DB-A80D10D91BD4) (Shutdown) 
    Apple Watch Series 5 - 44mm (1A3807CE-9984-40AB-80F4-281F1C539103) (Shutdown) 
-- watchOS 7.0 --
    Apple Watch Series 5 - 40mm (B1635170-B86D-43C4-9CF1-825F54115BB0) (Shutdown) 
    Apple Watch Series 5 - 44mm (0332ED48-837E-49A7-B9BD-10A6F1AB290C) (Shutdown) 
    Apple Watch Series 6 - 40mm (39DC4C18-660A-4D40-B2D6-9F357CDFC5E6) (Shutdown) 
    Apple Watch Series 6 - 44mm (FECE1401-408E-4696-B960-9637CE099470) (Shutdown) 
== Device Pairs ==
E827F6F2-E4F0-442B-BFA6-62ECFDF0D38F (active, disconnected)
    Watch: Apple Watch Series 6 - 40mm (39DC4C18-660A-4D40-B2D6-9F357CDFC5E6) (Shutdown)
    Phone: iPhone 11 Pro (1AEA7991-C480-4E74-970D-B5C545B7ABC2) (Shutdown)
3F4E5693-F795-4CAC-A055-D351F7721321 (active, disconnected)
    Watch: Apple Watch Series 6 - 44mm (FECE1401-408E-4696-B960-9637CE099470) (Shutdown)
    Phone: iPhone 11 Pro Max (2B95DEE3-30E0-4150-8940-1133B0E7C498) (Shutdown)

========================================


=== OS X info =========================

* sw_vers
ProductName:	Mac OS X
ProductVersion:	10.15.7
BuildVersion:	19H15

* system_profiler SPSoftwareDataType
Software:

    System Software Overview:

      System Version: macOS 10.15.7 (19H15)
      Kernel Version: Darwin 19.6.0
      Boot Volume: Macintosh HD
      Boot Mode: Normal
      Computer Name: vm-osx-xcode-12.0.x-g2.4core-b3ff98a0-7a54-46aa-a4c3-eea4e1fc29df
      User Name: vagrant (vagrant)
      Secure Virtual Memory: Enabled
      System Integrity Protection: Disabled
      Time since boot: 54 minutes


========================================


=== System infos =======================
* Free disk space:
    Filesystem         Size        Avail
  /dev/disk1s5        300Gi        176Gi
========================================

--- Android

* ANDROID_HOME (/usr/local/share/android-sdk) content:
add-ons
build-tools
cmdline-tools
emulator
extras
licenses
ndk-bundle
patcher
platform-tools
platforms
system-images
tools

* ANDROID_NDK_HOME (/usr/local/share/android-sdk/ndk-bundle/android-ndk-r21e) content:

* Android NDK Version:

* platform-tools content:
NOTICE.txt
adb
dmtracedump
e2fsdroid
etc1tool
fastboot
hprof-conv
lib64
make_f2fs
make_f2fs_casefold
mke2fs
mke2fs.conf
package.xml
sload_f2fs
source.properties
sqlite3
systrace

* build-tools content:
17.0.0
19.1.0
21.1.2
22.0.1
23.0.3
24.0.3
25.0.3
26.0.1
26.0.2
27.0.0
27.0.1
27.0.2
27.0.3
28.0.0
28.0.1
28.0.2
28.0.3
29.0.0
29.0.1
29.0.2
29.0.3
30.0.0
30.0.1
30.0.2
30.0.3

* extras content:
/usr/local/share/android-sdk/extras
├── android
│   └── m2repository
├── google
│   ├── google_play_services
│   └── m2repository
└── m2repository
    └── com

7 directories, 0 files

* platforms content:
android-15
android-17
android-19
android-21
android-22
android-23
android-24
android-25
android-26
android-27
android-28
android-29
android-30

* system-images content:
/usr/local/share/android-sdk/system-images
├── android-26
│   └── google_apis
│       └── x86
├── android-28
│   └── google_apis
│       └── x86_64
├── android-29
│   └── google_apis
│       └── x86
└── android-30
    └── google_apis
        └── x86

12 directories, 0 files

========================================

 * SDK packages:
* Command line Tools version: 5.0
* Platform Tools version: 31.0.3
* Emulator version: 30.8.4
========================================


=== Android APK tools ==================

* aapt2:

========================================


=== Environment infos =======================
MATCH_KEYCHAIN_PASSWORD environment set
========================================


=== Control tests ======================
source $HOME/.bash_profile ...
source $HOME/.bash_profile - PASSED
========================================

