 (i) Ignore Errors: enabled

#
# This System Report was generated by: https://github.com/bitrise-io/osx-box-bootstrap/blob/master/system_report.sh
#  Pull Requests are welcome!
#


=== Revision / ID ======================
* BITRISE_OSX_STACK_REV_ID: v2021_08_23_2
========================================


=== Pre-installed tool versions ========
* Go: go version go1.16.6 darwin/amd64
* Python: Python 2.7.16
* Node.js: v12.22.5
* NPM: 6.14.14
* Yarn: 1.22.11
* Java: openjdk version "1.8.0_292"
OpenJDK Runtime Environment (AdoptOpenJDK)(build 1.8.0_292-b10)
OpenJDK 64-Bit Server VM (AdoptOpenJDK)(build 25.292-b10, mixed mode)
* Flutter: Flutter 1.26.0-17.8.pre • channel beta • https://github.com/flutter/flutter.git
* fvm: 2.2.2

* git: git version 2.33.0
* git lfs: git-lfs/2.13.3 (GitHub; darwin amd64; go 1.16.5)
* mercurial/hg: Mercurial Distributed SCM (version 5.9)
* curl: curl 7.64.1 (x86_64-apple-darwin19.0) libcurl/7.64.1 (SecureTransport) LibreSSL/2.8.3 zlib/1.2.11 nghttp2/1.39.2
* wget: GNU Wget 1.21.1 built on darwin19.6.0.
* rsync: rsync  version 2.6.9  protocol version 29
* unzip: UnZip 6.00 of 20 April 2009, by Info-ZIP.  Maintained by C. Spieler.  Send
* zip: This is Zip 3.0 (July 5th 2008), by Info-ZIP.
* tar: bsdtar 3.3.2 - libarchive 3.3.2 zlib/1.2.11 liblzma/5.0.5 bz2lib/1.0.6
* tree: tree v1.8.0 (c) 1996 - 2018 by Steve Baker, Thomas Moore, Francesc Rocher, Florian Sesser, Kyosuke Tokoro 

* brew: Homebrew 3.2.10
Homebrew/homebrew-core (git revision 05b8236bf4; last commit 2021-08-23)
Homebrew/homebrew-cask (git revision b9170f0c52; last commit 2021-08-23)
* Ansible: ansible [core 2.11.3] 
  config file = /Users/vagrant/git/ansible.cfg
  configured module search path = ['/Users/vagrant/.ansible/plugins/modules', '/usr/share/ansible/plugins/modules']
  ansible python module location = /usr/local/Cellar/ansible/4.4.0/libexec/lib/python3.9/site-packages/ansible
  ansible collection location = /Users/vagrant/.ansible/collections:/usr/share/ansible/collections
  executable location = /usr/local/bin/ansible
* gtimeout: timeout (GNU coreutils) 8.32
* watchman: 2021.08.02.00
* flow: Flow, a static type checker for JavaScript, version 0.158.0
* carthage: 0.38.0
* imagemagick (convert): Version: ImageMagick 7.1.0-5 Q16 x86_64 2021-08-22 https://imagemagick.org
* ghostscript (ps2ascii): 9.54.0
* screen: Screen version 4.08.00 (GNU) 05-Feb-20
* firebase: 9.17.0
* applesimutils version 0.9.4
* jq: 1.6
* Version: 0.8.1
* XCLogParser 0.2.21
* Screen 4.08.00
* applesimutils 0.9.4
* OpenConnect version v8.10
* aws-cli: aws-cli/2.2.31 Python/3.9.6 Darwin/19.6.0 source/x86_64 prompt/off
* cmake: 3.21.1
* danger-swift: 3.10.2
[0;0m

--- Bitrise CLI tool versions
* bitrise: 1.47.2
* stepman: 0.13.1
* envman: 2.3.1
* cmd-bridge: 0.9.5
========================================


=== Brew list versions ==================
ansible 4.4.0
ant 1.10.11
aom 3.1.2
applesimutils 0.9.4
autoconf 2.71
awscli 2.2.31
bdw-gc 8.0.4_2
boost 1.76.0
brotli 1.0.9
c-ares 1.17.2
carthage 0.38.0
cmake 3.21.1
coreutils 8.32
danger-js 10.6.6
danger-swift 3.10.2
dart 2.13.4
docbook 5.1_1
docbook-xsl 1.79.2_1
double-conversion 3.1.5_1
flow 0.158.0
fmt 8.0.1
folly 2021.08.02.00_1
fontconfig 2.13.1
freetype 2.11.0
fvm 2.2.2
gdbm 1.20
gettext 0.21
gflags 2.2.2
ghostscript 9.54.0
git 2.33.0
git-lfs 2.13.3
glib 2.68.4
glog 0.5.0
gmp 6.2.1
gnu-getopt 2.37.2
gnutls 3.6.16
go 1.16.6
gradle 7.2
guile 3.0.7
icu4c 69.1
imagemagick 7.1.0-5
imath 3.1.2
jbig2dec 0.19
jemalloc 5.2.1_1
jenv 0.5.4
jpeg 9d
jq 1.6
libde265 1.0.8
libev 4.33
libevent 2.1.12
libffi 3.3_3
libheif 1.12.0
libidn 1.38
libidn2 2.3.2
liblqr 0.4.2_1
libomp 12.0.1
libpng 1.6.37
libtasn1 4.17.0
libtiff 4.3.0
libtool 2.4.6_4
libunistring 0.9.10
libuv 1.42.0
libyaml 0.2.5
little-cms2 2.12
lz4 1.9.3
m4 1.4.19
macos-term-size 1.0.0
maven 3.8.2
mercurial 5.9
mpdecimal 2.5.1
nettle 3.7.3
nghttp2 1.44.0
node 16.7.0
node@12 12.22.5
oniguruma 6.9.7.1
openconnect 8.10
openexr 3.1.1
openjdk 16.0.2
openjpeg 2.4.0
openssl@1.1 1.1.1k
p11-kit 0.24.0
pcre 8.45
pcre2 10.37_1
pkg-config 0.29.2_3
python@3.9 3.9.6
rbenv 1.1.2
readline 8.1
ruby-build 20210804
screen 4.8.0
shared-mime-info 2.1
six 1.16.0_1
snappy 1.1.9
sqlite 3.36.0
stoken 0.92_1
tree 1.8.0
unbound 1.13.2
watchman 2021.08.02.00_1
webp 1.2.1
wget 1.21.1_1
x265 3.5
xmlto 0.0.28
xz 5.2.5
yarn 1.22.11
zstd 1.5.0
========================================


=== Brew deps tree ==================
adoptopenjdk/openjdk/adoptopenjdk11

adoptopenjdk/openjdk/adoptopenjdk8

ansible
├── libyaml
├── openssl@1.1
└── python@3.9
    ├── gdbm
    ├── mpdecimal
    ├── openssl@1.1
    ├── readline
    ├── sqlite
    │   └── readline
    └── xz

ant
└── openjdk

aom

wix/brew/applesimutils

autoconf
└── m4

awscli
├── python@3.9
│   ├── gdbm
│   ├── mpdecimal
│   ├── openssl@1.1
│   ├── readline
│   ├── sqlite
│   │   └── readline
│   └── xz
└── six

bdw-gc

boost
└── icu4c

brotli

c-ares

carthage

cmake

coreutils

danger/tap/danger-js

danger/tap/danger-swift
└── danger/tap/danger-js

dart-lang/dart/dart

docbook

docbook-xsl
└── docbook

double-conversion

flow

fmt

folly
├── boost
│   └── icu4c
├── double-conversion
├── fmt
├── gflags
├── glog
│   └── gflags
├── libevent
│   └── openssl@1.1
├── lz4
├── openssl@1.1
├── snappy
├── xz
└── zstd

fontconfig
└── freetype
    └── libpng

freetype
└── libpng

leoafarias/fvm/fvm

gdbm

gettext

gflags

ghostscript
├── fontconfig
│   └── freetype
│       └── libpng
├── freetype
│   └── libpng
├── jbig2dec
├── jpeg
├── libidn
├── libpng
├── libtiff
│   └── jpeg
├── little-cms2
│   ├── jpeg
│   └── libtiff
│       └── jpeg
└── openjpeg
    ├── libpng
    ├── libtiff
    │   └── jpeg
    └── little-cms2
        ├── jpeg
        └── libtiff
            └── jpeg

git
├── gettext
└── pcre2

git-lfs

glib
├── gettext
├── libffi
├── pcre
└── python@3.9
    ├── gdbm
    ├── mpdecimal
    ├── openssl@1.1
    ├── readline
    ├── sqlite
    │   └── readline
    └── xz

glog
└── gflags

gmp

gnu-getopt

gnutls
├── gmp
├── guile
│   ├── bdw-gc
│   ├── gmp
│   ├── libffi
│   ├── libtool
│   │   └── m4
│   ├── libunistring
│   ├── pkg-config
│   └── readline
├── libidn2
│   ├── gettext
│   └── libunistring
├── libtasn1
├── libunistring
├── nettle
│   └── gmp
├── p11-kit
│   └── libffi
└── unbound
    ├── libevent
    │   └── openssl@1.1
    ├── nghttp2
    │   ├── c-ares
    │   ├── jemalloc
    │   ├── libev
    │   └── openssl@1.1
    └── openssl@1.1

go

gradle
└── openjdk

guile
├── bdw-gc
├── gmp
├── libffi
├── libtool
│   └── m4
├── libunistring
├── pkg-config
└── readline

icu4c

imagemagick
├── freetype
│   └── libpng
├── ghostscript
│   ├── fontconfig
│   │   └── freetype
│   │       └── libpng
│   ├── freetype
│   │   └── libpng
│   ├── jbig2dec
│   ├── jpeg
│   ├── libidn
│   ├── libpng
│   ├── libtiff
│   │   └── jpeg
│   ├── little-cms2
│   │   ├── jpeg
│   │   └── libtiff
│   │       └── jpeg
│   └── openjpeg
│       ├── libpng
│       ├── libtiff
│       │   └── jpeg
│       └── little-cms2
│           ├── jpeg
│           └── libtiff
│               └── jpeg
├── jpeg
├── libheif
│   ├── aom
│   ├── jpeg
│   ├── libde265
│   ├── libpng
│   ├── shared-mime-info
│   │   ├── gettext
│   │   ├── glib
│   │   │   ├── gettext
│   │   │   ├── libffi
│   │   │   ├── pcre
│   │   │   └── python@3.9
│   │   │       ├── gdbm
│   │   │       ├── mpdecimal
│   │   │       ├── openssl@1.1
│   │   │       ├── readline
│   │   │       ├── sqlite
│   │   │       │   └── readline
│   │   │       └── xz
│   │   └── xmlto
│   │       ├── docbook
│   │       ├── docbook-xsl
│   │       │   └── docbook
│   │       └── gnu-getopt
│   └── x265
├── liblqr
│   └── glib
│       ├── gettext
│       ├── libffi
│       ├── pcre
│       └── python@3.9
│           ├── gdbm
│           ├── mpdecimal
│           ├── openssl@1.1
│           ├── readline
│           ├── sqlite
│           │   └── readline
│           └── xz
├── libomp
├── libpng
├── libtiff
│   └── jpeg
├── libtool
│   └── m4
├── little-cms2
│   ├── jpeg
│   └── libtiff
│       └── jpeg
├── openexr
│   └── imath
├── openjpeg
│   ├── libpng
│   ├── libtiff
│   │   └── jpeg
│   └── little-cms2
│       ├── jpeg
│       └── libtiff
│           └── jpeg
├── webp
│   ├── jpeg
│   ├── libpng
│   └── libtiff
│       └── jpeg
└── xz

imath

intel-haxm

jbig2dec

jemalloc

jenv

jpeg

jq
└── oniguruma

libde265

libev

libevent
└── openssl@1.1

libffi

libheif
├── aom
├── jpeg
├── libde265
├── libpng
├── shared-mime-info
│   ├── gettext
│   ├── glib
│   │   ├── gettext
│   │   ├── libffi
│   │   ├── pcre
│   │   └── python@3.9
│   │       ├── gdbm
│   │       ├── mpdecimal
│   │       ├── openssl@1.1
│   │       ├── readline
│   │       ├── sqlite
│   │       │   └── readline
│   │       └── xz
│   └── xmlto
│       ├── docbook
│       ├── docbook-xsl
│       │   └── docbook
│       └── gnu-getopt
└── x265

libidn

libidn2
├── gettext
└── libunistring

liblqr
└── glib
    ├── gettext
    ├── libffi
    ├── pcre
    └── python@3.9
        ├── gdbm
        ├── mpdecimal
        ├── openssl@1.1
        ├── readline
        ├── sqlite
        │   └── readline
        └── xz

libomp

libpng

libtasn1

libtiff
└── jpeg

libtool
└── m4

libunistring

libuv

libyaml

little-cms2
├── jpeg
└── libtiff
    └── jpeg

lz4

m4

macos-term-size

maven
└── openjdk

mercurial
└── python@3.9
    ├── gdbm
    ├── mpdecimal
    ├── openssl@1.1
    ├── readline
    ├── sqlite
    │   └── readline
    └── xz

mpdecimal

nettle
└── gmp

nghttp2
├── c-ares
├── jemalloc
├── libev
└── openssl@1.1

node
├── brotli
├── c-ares
├── icu4c
├── libuv
├── nghttp2
│   ├── c-ares
│   ├── jemalloc
│   ├── libev
│   └── openssl@1.1
└── openssl@1.1

node@12
├── icu4c
└── macos-term-size

oniguruma

openconnect
├── gettext
├── gnutls
│   ├── gmp
│   ├── guile
│   │   ├── bdw-gc
│   │   ├── gmp
│   │   ├── libffi
│   │   ├── libtool
│   │   │   └── m4
│   │   ├── libunistring
│   │   ├── pkg-config
│   │   └── readline
│   ├── libidn2
│   │   ├── gettext
│   │   └── libunistring
│   ├── libtasn1
│   ├── libunistring
│   ├── nettle
│   │   └── gmp
│   ├── p11-kit
│   │   └── libffi
│   └── unbound
│       ├── libevent
│       │   └── openssl@1.1
│       ├── nghttp2
│       │   ├── c-ares
│       │   ├── jemalloc
│       │   ├── libev
│       │   └── openssl@1.1
│       └── openssl@1.1
└── stoken
    └── nettle
        └── gmp

openexr
└── imath

openjdk

openjpeg
├── libpng
├── libtiff
│   └── jpeg
└── little-cms2
    ├── jpeg
    └── libtiff
        └── jpeg

openssl@1.1

p11-kit
└── libffi

pcre

pcre2

pkg-config

python@3.9
├── gdbm
├── mpdecimal
├── openssl@1.1
├── readline
├── sqlite
│   └── readline
└── xz

rbenv
└── ruby-build
    ├── autoconf
    │   └── m4
    ├── pkg-config
    └── readline

readline

ruby-build
├── autoconf
│   └── m4
├── pkg-config
└── readline

screen

shared-mime-info
├── gettext
├── glib
│   ├── gettext
│   ├── libffi
│   ├── pcre
│   └── python@3.9
│       ├── gdbm
│       ├── mpdecimal
│       ├── openssl@1.1
│       ├── readline
│       ├── sqlite
│       │   └── readline
│       └── xz
└── xmlto
    ├── docbook
    ├── docbook-xsl
    │   └── docbook
    └── gnu-getopt

six

snappy

sqlite
└── readline

stoken
└── nettle
    └── gmp

tree

unbound
├── libevent
│   └── openssl@1.1
├── nghttp2
│   ├── c-ares
│   ├── jemalloc
│   ├── libev
│   └── openssl@1.1
└── openssl@1.1

watchman
├── boost
│   └── icu4c
├── fmt
├── folly
│   ├── boost
│   │   └── icu4c
│   ├── double-conversion
│   ├── fmt
│   ├── gflags
│   ├── glog
│   │   └── gflags
│   ├── libevent
│   │   └── openssl@1.1
│   ├── lz4
│   ├── openssl@1.1
│   ├── snappy
│   ├── xz
│   └── zstd
├── gflags
├── glog
│   └── gflags
├── libevent
│   └── openssl@1.1
├── openssl@1.1
├── pcre
└── python@3.9
    ├── gdbm
    ├── mpdecimal
    ├── openssl@1.1
    ├── readline
    ├── sqlite
    │   └── readline
    └── xz

webp
├── jpeg
├── libpng
└── libtiff
    └── jpeg

wget
├── libidn2
│   ├── gettext
│   └── libunistring
└── openssl@1.1

x265

xmlto
├── docbook
├── docbook-xsl
│   └── docbook
└── gnu-getopt

xz

yarn
└── node
    ├── brotli
    ├── c-ares
    ├── icu4c
    ├── libuv
    ├── nghttp2
    │   ├── c-ares
    │   ├── jemalloc
    │   ├── libev
    │   └── openssl@1.1
    └── openssl@1.1

zstd

========================================


=== Ruby and rubygems ==================
* Ruby (default): ruby 2.6.5p114 (2019-10-01 revision 67812) [x86_64-darwin19]
--- Available ruby versions ---
  system
  2.4.5
  2.5.3
* 2.6.5 (set by /Users/vagrant/.rbenv/version)
  2.7.2
  3.0.0
-------------------------------
* rbenv: 1.1.2
* Rubygems: 3.0.3
* Bundler: Bundler version 2.1.4
* CocoaPods: 1.10.1
* xcpretty: 0.3.0
========================================


=== All Ruby GEMs ======================
activesupport (5.2.6)
addressable (2.8.0)
algoliasearch (1.27.5)
artifactory (3.0.15)
atomos (0.1.3)
aws-eventstream (1.1.1)
aws-partitions (1.490.0)
aws-sdk-core (3.119.1)
aws-sdk-kms (1.46.0)
aws-sdk-s3 (1.99.0)
aws-sigv4 (1.2.4)
babosa (1.0.4)
bigdecimal (default: 1.4.1)
bundler (2.1.4, default: 1.17.2)
CFPropertyList (3.0.3)
claide (1.0.3)
clamp (1.3.2)
cmath (default: 1.0.0)
cocoapods (1.10.1)
cocoapods-core (1.10.1)
cocoapods-deintegrate (1.0.5)
cocoapods-downloader (1.5.0)
cocoapods-plugins (1.0.0)
cocoapods-search (1.0.1)
cocoapods-trunk (1.6.0)
cocoapods-try (1.2.0)
colored (1.2)
colored2 (3.1.2)
commander (4.6.0)
concurrent-ruby (1.1.9)
csv (default: 3.0.9)
date (default: 2.0.0)
dbm (default: 1.0.0)
declarative (0.0.20)
did_you_mean (1.3.0)
digest-crc (0.6.4)
domain_name (0.5.20190701)
dotenv (2.7.6)
e2mmap (default: 0.1.0)
emoji_regex (3.2.2)
escape (0.0.4)
etc (default: 1.0.1)
ethon (0.14.0)
excon (0.85.0)
faraday (1.7.0)
faraday-cookie_jar (0.0.7)
faraday-em_http (1.0.0)
faraday-em_synchrony (1.0.0)
faraday-excon (1.1.0)
faraday-httpclient (1.0.1)
faraday-net_http (1.0.1)
faraday-net_http_persistent (1.2.0)
faraday-patron (1.0.0)
faraday-rack (1.0.0)
faraday_middleware (1.1.0)
fastimage (2.2.5)
fastlane (2.192.0)
fcntl (default: 1.0.0)
ffi (1.15.4)
fiddle (default: 1.0.0)
fileutils (default: 1.1.0)
forwardable (default: 1.2.0)
fourflusher (2.3.1)
fuzzy_match (2.0.4)
gh_inspector (1.1.3)
google-apis-androidpublisher_v3 (0.10.0)
google-apis-core (0.4.1)
google-apis-iamcredentials_v1 (0.7.0)
google-apis-playcustomapp_v1 (0.5.0)
google-apis-storage_v1 (0.6.0)
google-cloud-core (1.6.0)
google-cloud-env (1.5.0)
google-cloud-errors (1.1.0)
google-cloud-storage (1.34.1)
googleauth (0.17.0)
highline (2.0.3)
http-cookie (1.0.4)
httpclient (2.8.3)
i18n (1.8.10)
io-console (default: 0.4.7)
ipaddr (default: 1.2.2)
irb (default: 1.0.0)
jazzy (0.13.6)
jmespath (1.4.0)
json (default: 2.1.0)
jwt (2.2.3)
liferaft (0.0.6)
logger (default: 1.3.0)
matrix (default: 0.1.0)
memoist (0.16.2)
mini_magick (4.11.0)
mini_mime (1.1.1)
minitest (5.11.3)
molinillo (0.6.6)
multi_json (1.15.0)
multipart-post (2.0.0)
mustache (1.1.1)
mutex_m (default: 0.1.0)
nanaimo (0.3.0)
nap (1.1.0)
naturally (2.2.1)
net-telnet (0.2.0)
netrc (0.11.0)
nokogiri (1.12.4 x86_64-darwin)
open4 (1.3.4)
openssl (default: 2.1.2)
optparse (0.1.1)
os (1.1.1)
ostruct (default: 0.1.0)
plist (3.6.0)
power_assert (1.1.3)
prime (default: 0.1.0)
psych (default: 3.1.0)
public_suffix (4.0.6)
racc (1.5.2)
rake (12.3.2)
rdoc (default: 6.1.2)
redcarpet (3.5.1)
representable (3.1.1)
retriable (3.1.2)
rexml (3.2.5, default: 3.1.9)
rouge (2.0.7)
rss (default: 0.2.7)
ruby-macho (1.4.0)
ruby2_keywords (0.0.5)
rubyzip (2.3.2)
sassc (2.4.0)
scanf (default: 1.0.0)
sdbm (default: 1.0.0)
security (0.1.3)
shell (default: 0.7)
signet (0.15.0)
simctl (1.6.8)
slack-notifier (2.4.0)
slather (2.5.0)
sqlite3 (1.4.2)
stringio (default: 0.0.2)
strscan (default: 1.0.0)
sync (default: 0.5.0)
terminal-notifier (2.0.0)
terminal-table (1.8.0)
test-unit (3.2.9)
thread_safe (0.3.6)
thwait (default: 0.1.0)
tracer (default: 0.1.0)
trailblazer-option (0.1.1)
trainer (0.9.1)
tty-cursor (0.7.1)
tty-screen (0.8.1)
tty-spinner (0.9.3)
typhoeus (1.4.0)
tzinfo (1.2.9)
uber (0.1.0)
unf (0.1.4)
unf_ext (0.0.7.7)
unicode-display_width (1.7.0)
webrick (default: 1.4.2)
word_wrap (1.0.0)
xcinvoke (0.3.0)
xcode-install (2.7.0)
xcodeproj (1.21.0)
xcov (1.7.5)
xcpretty (0.3.0)
xcpretty-json-formatter (0.1.1)
xcpretty-travis-formatter (1.0.1)
xcresult (0.2.1)
xmlrpc (0.3.0)
zlib (default: 1.0.0)
========================================


=== NPM global packages ==========================
* Cordova: 9.0.0 (cordova-lib@9.0.1)
* Ionic: 6.11.12
* Appcenter-CLI version: 2.9.0
========================================


=== Checking Xcode CLT dirs ============

 * ls -1 /Library/Developer/CommandLineTools/SDKs/MacOSX10.15.sdk/usr/include/CommonCrypto
CommonCrypto.h
CommonCryptoError.h
CommonCryptor.h
CommonDigest.h
CommonHMAC.h
CommonKeyDerivation.h
CommonRandom.h
CommonSymmetricKeywrap.h
module.modulemap

 * ls -1 /Library/Developer/CommandLineTools/
Library
SDKs
usr

 * /Library/Developer/CommandLineTools/usr/bin/swift --version
Apple Swift version 5.3.2 (swiftlang-1200.0.45 clang-1200.0.32.28)
Target: x86_64-apple-darwin19.6.0

========================================


=== Xcode ==============================

* Active Xcode Command Line Tools:
/Applications/Xcode-12.1.app/Contents/Developer

* Xcode Version:
Xcode 12.1
Build version 12A7403

* /usr/bin/swift --version
Apple Swift version 5.3 (swiftlang-1200.0.29.2 clang-1200.0.30.1)
Target: x86_64-apple-darwin19.6.0

* Installed SDKs:
iOS SDKs:
	iOS 14.1                      	-sdk iphoneos14.1

iOS Simulator SDKs:
	Simulator - iOS 14.1          	-sdk iphonesimulator14.1

macOS SDKs:
	DriverKit 19.0                	-sdk driverkit.macosx19.0
	macOS 10.15                   	-sdk macosx10.15

tvOS SDKs:
	tvOS 14.0                     	-sdk appletvos14.0

tvOS Simulator SDKs:
	Simulator - tvOS 14.0         	-sdk appletvsimulator14.0

watchOS SDKs:
	watchOS 7.0                   	-sdk watchos7.0

watchOS Simulator SDKs:
	Simulator - watchOS 7.0       	-sdk watchsimulator7.0


* Available Simulators:
== Device Types ==
iPhone 4s (com.apple.CoreSimulator.SimDeviceType.iPhone-4s)
iPhone 5 (com.apple.CoreSimulator.SimDeviceType.iPhone-5)
iPhone 5s (com.apple.CoreSimulator.SimDeviceType.iPhone-5s)
iPhone 6 Plus (com.apple.CoreSimulator.SimDeviceType.iPhone-6-Plus)
iPhone 6 (com.apple.CoreSimulator.SimDeviceType.iPhone-6)
iPhone 6s (com.apple.CoreSimulator.SimDeviceType.iPhone-6s)
iPhone 6s Plus (com.apple.CoreSimulator.SimDeviceType.iPhone-6s-Plus)
iPhone SE (1st generation) (com.apple.CoreSimulator.SimDeviceType.iPhone-SE)
iPhone 7 (com.apple.CoreSimulator.SimDeviceType.iPhone-7)
iPhone 7 Plus (com.apple.CoreSimulator.SimDeviceType.iPhone-7-Plus)
iPhone 8 (com.apple.CoreSimulator.SimDeviceType.iPhone-8)
iPhone 8 Plus (com.apple.CoreSimulator.SimDeviceType.iPhone-8-Plus)
iPhone X (com.apple.CoreSimulator.SimDeviceType.iPhone-X)
iPhone Xs (com.apple.CoreSimulator.SimDeviceType.iPhone-XS)
iPhone Xs Max (com.apple.CoreSimulator.SimDeviceType.iPhone-XS-Max)
iPhone Xʀ (com.apple.CoreSimulator.SimDeviceType.iPhone-XR)
iPhone 11 (com.apple.CoreSimulator.SimDeviceType.iPhone-11)
iPhone 11 Pro (com.apple.CoreSimulator.SimDeviceType.iPhone-11-Pro)
iPhone 11 Pro Max (com.apple.CoreSimulator.SimDeviceType.iPhone-11-Pro-Max)
iPhone SE (2nd generation) (com.apple.CoreSimulator.SimDeviceType.iPhone-SE--2nd-generation-)
iPhone 12 mini (com.apple.CoreSimulator.SimDeviceType.iPhone-12-mini)
iPhone 12 (com.apple.CoreSimulator.SimDeviceType.iPhone-12)
iPhone 12 Pro (com.apple.CoreSimulator.SimDeviceType.iPhone-12-Pro)
iPhone 12 Pro Max (com.apple.CoreSimulator.SimDeviceType.iPhone-12-Pro-Max)
iPod touch (7th generation) (com.apple.CoreSimulator.SimDeviceType.iPod-touch--7th-generation-)
iPad 2 (com.apple.CoreSimulator.SimDeviceType.iPad-2)
iPad Retina (com.apple.CoreSimulator.SimDeviceType.iPad-Retina)
iPad Air (com.apple.CoreSimulator.SimDeviceType.iPad-Air)
iPad mini 2 (com.apple.CoreSimulator.SimDeviceType.iPad-mini-2)
iPad mini 3 (com.apple.CoreSimulator.SimDeviceType.iPad-mini-3)
iPad mini 4 (com.apple.CoreSimulator.SimDeviceType.iPad-mini-4)
iPad Air 2 (com.apple.CoreSimulator.SimDeviceType.iPad-Air-2)
iPad Pro (9.7-inch) (com.apple.CoreSimulator.SimDeviceType.iPad-Pro--9-7-inch-)
iPad Pro (12.9-inch) (1st generation) (com.apple.CoreSimulator.SimDeviceType.iPad-Pro)
iPad (5th generation) (com.apple.CoreSimulator.SimDeviceType.iPad--5th-generation-)
iPad Pro (12.9-inch) (2nd generation) (com.apple.CoreSimulator.SimDeviceType.iPad-Pro--12-9-inch---2nd-generation-)
iPad Pro (10.5-inch) (com.apple.CoreSimulator.SimDeviceType.iPad-Pro--10-5-inch-)
iPad (6th generation) (com.apple.CoreSimulator.SimDeviceType.iPad--6th-generation-)
iPad (7th generation) (com.apple.CoreSimulator.SimDeviceType.iPad--7th-generation-)
iPad Pro (11-inch) (1st generation) (com.apple.CoreSimulator.SimDeviceType.iPad-Pro--11-inch-)
iPad Pro (12.9-inch) (3rd generation) (com.apple.CoreSimulator.SimDeviceType.iPad-Pro--12-9-inch---3rd-generation-)
iPad Pro (11-inch) (2nd generation) (com.apple.CoreSimulator.SimDeviceType.iPad-Pro--11-inch---2nd-generation-)
iPad Pro (12.9-inch) (4th generation) (com.apple.CoreSimulator.SimDeviceType.iPad-Pro--12-9-inch---4th-generation-)
iPad mini (5th generation) (com.apple.CoreSimulator.SimDeviceType.iPad-mini--5th-generation-)
iPad Air (3rd generation) (com.apple.CoreSimulator.SimDeviceType.iPad-Air--3rd-generation-)
iPad (8th generation) (com.apple.CoreSimulator.SimDeviceType.iPad--8th-generation-)
iPad Air (4th generation) (com.apple.CoreSimulator.SimDeviceType.iPad-Air--4th-generation-)
Apple TV (com.apple.CoreSimulator.SimDeviceType.Apple-TV-1080p)
Apple TV 4K (com.apple.CoreSimulator.SimDeviceType.Apple-TV-4K-4K)
Apple TV 4K (at 1080p) (com.apple.CoreSimulator.SimDeviceType.Apple-TV-4K-1080p)
Apple Watch - 38mm (com.apple.CoreSimulator.SimDeviceType.Apple-Watch-38mm)
Apple Watch - 42mm (com.apple.CoreSimulator.SimDeviceType.Apple-Watch-42mm)
Apple Watch Series 2 - 38mm (com.apple.CoreSimulator.SimDeviceType.Apple-Watch-Series-2-38mm)
Apple Watch Series 2 - 42mm (com.apple.CoreSimulator.SimDeviceType.Apple-Watch-Series-2-42mm)
Apple Watch Series 3 - 38mm (com.apple.CoreSimulator.SimDeviceType.Apple-Watch-Series-3-38mm)
Apple Watch Series 3 - 42mm (com.apple.CoreSimulator.SimDeviceType.Apple-Watch-Series-3-42mm)
Apple Watch Series 4 - 40mm (com.apple.CoreSimulator.SimDeviceType.Apple-Watch-Series-4-40mm)
Apple Watch Series 4 - 44mm (com.apple.CoreSimulator.SimDeviceType.Apple-Watch-Series-4-44mm)
Apple Watch Series 5 - 40mm (com.apple.CoreSimulator.SimDeviceType.Apple-Watch-Series-5-40mm)
Apple Watch Series 5 - 44mm (com.apple.CoreSimulator.SimDeviceType.Apple-Watch-Series-5-44mm)
Apple Watch SE - 40mm (com.apple.CoreSimulator.SimDeviceType.Apple-Watch-SE-40mm)
Apple Watch SE - 44mm (com.apple.CoreSimulator.SimDeviceType.Apple-Watch-SE-44mm)
Apple Watch Series 6 - 40mm (com.apple.CoreSimulator.SimDeviceType.Apple-Watch-Series-6-40mm)
Apple Watch Series 6 - 44mm (com.apple.CoreSimulator.SimDeviceType.Apple-Watch-Series-6-44mm)
== Runtimes ==
iOS 13.3 (13.3 - 17C45) - com.apple.CoreSimulator.SimRuntime.iOS-13-3
iOS 13.4 (13.4 - 17E255) - com.apple.CoreSimulator.SimRuntime.iOS-13-4
iOS 13.5 (13.5 - 17F61) - com.apple.CoreSimulator.SimRuntime.iOS-13-5
iOS 13.6 (13.6 - 17G64) - com.apple.CoreSimulator.SimRuntime.iOS-13-6
iOS 14.0 (14.0.1 - 18A394) - com.apple.CoreSimulator.SimRuntime.iOS-14-0
iOS 14.1 (14.1 - 18A8394) - com.apple.CoreSimulator.SimRuntime.iOS-14-1
tvOS 13.0 (13.0 - 17J585) - com.apple.CoreSimulator.SimRuntime.tvOS-13-0
tvOS 13.2 (13.2 - 17K90) - com.apple.CoreSimulator.SimRuntime.tvOS-13-2
tvOS 13.3 (13.3 - 17K446) - com.apple.CoreSimulator.SimRuntime.tvOS-13-3
tvOS 14.0 (14.0 - 18J383) - com.apple.CoreSimulator.SimRuntime.tvOS-14-0
watchOS 6.0 (6.0 - 17R575) - com.apple.CoreSimulator.SimRuntime.watchOS-6-0
watchOS 6.1 (6.1.1 - 17S445) - com.apple.CoreSimulator.SimRuntime.watchOS-6-1
watchOS 7.0 (7.0 - 18R382) - com.apple.CoreSimulator.SimRuntime.watchOS-7-0
== Devices ==
-- iOS 13.3 --
    iPhone 8 (5D65FEC5-81C8-416C-89B0-A2D771C3C488) (Shutdown) 
    iPhone 8 Plus (F0D06118-B8C8-47D4-9F01-AA5371178D71) (Shutdown) 
    iPhone 11 (C4E26EEA-84F2-4C5C-A371-B36E9C680772) (Shutdown) 
    iPhone 11 Pro (08EBB497-AC76-4E0D-9723-26956C04BE7F) (Shutdown) 
    iPhone 11 Pro Max (390B4431-FC93-496F-A3FC-DB54EFECBDC8) (Shutdown) 
    iPad Pro (9.7-inch) (8FAD2547-241C-42D4-A168-46CFC8A47B56) (Shutdown) 
    iPad (7th generation) (0C8D5EFE-1E2F-460C-81DB-46A48644FA9D) (Shutdown) 
    iPad Pro (11-inch) (1st generation) (EB95430D-06CE-4FF5-94CD-28AEF4BCC589) (Shutdown) 
    iPad Pro (12.9-inch) (3rd generation) (27381E75-F786-4957-99E4-DB67EAC4EB7F) (Shutdown) 
    iPad Air (3rd generation) (B6BE7DBE-CD5C-4849-9BF6-56DF8CF4D9B8) (Shutdown) 
-- iOS 13.4 --
    iPhone 8 (91F8BBE3-04FF-4E5F-8828-A6C0EFD7916D) (Shutdown) 
    iPhone 8 Plus (EAE4BA88-CC25-4F62-B196-9040BA903B70) (Shutdown) 
    iPhone 11 (DA2DC36A-255C-41A2-B694-F8A9602B821D) (Shutdown) 
    iPhone 11 Pro (F75A9221-1CAF-499E-88F9-AA9C6A6339B1) (Shutdown) 
    iPhone 11 Pro Max (BAD1DA6F-628F-47CC-9CA5-0567F8972FBF) (Shutdown) 
    iPad Pro (9.7-inch) (50185D53-838C-4087-9C13-91832EF9AE3E) (Shutdown) 
    iPad (7th generation) (24ECF36F-1F9F-44C6-8F9E-CDFA536B6CB9) (Shutdown) 
    iPad Pro (11-inch) (2nd generation) (5E6EE369-D25A-4D51-9593-279049445CDB) (Shutdown) 
    iPad Pro (12.9-inch) (4th generation) (8334C1B2-101A-4189-AD5D-D7FF94575787) (Shutdown) 
    iPad Air (3rd generation) (05CAE3F4-A0E3-4D43-8B0A-7F6123417476) (Shutdown) 
-- iOS 13.5 --
    iPhone 8 (183233C2-4820-492B-8FC4-8943E5493649) (Shutdown) 
    iPhone 8 Plus (CF6C0CCB-DDC0-4EFD-A527-2B0D66A558BD) (Shutdown) 
    iPhone 11 (E60B61B9-301A-469E-8993-9ED4A89B24C6) (Shutdown) 
    iPhone 11 Pro (8239A69C-4808-4246-A34B-25DDFF7B4F08) (Shutdown) 
    iPhone 11 Pro Max (5ADF87BA-CD8B-4F05-8FDA-2435D7C26900) (Shutdown) 
    iPhone SE (2nd generation) (63C47D27-2742-45CA-84CB-39E3316DA469) (Shutdown) 
    iPad Pro (9.7-inch) (5BB351DF-63C8-4CA2-BCD2-30247A94A6BB) (Shutdown) 
    iPad (7th generation) (00990511-4473-4B90-83E6-7C6B38BDA710) (Shutdown) 
    iPad Pro (11-inch) (2nd generation) (1328407D-5366-449C-A9C4-4BDA36BBC56A) (Shutdown) 
    iPad Pro (12.9-inch) (4th generation) (5825564A-FC59-4D91-8B80-20846104787D) (Shutdown) 
    iPad Air (3rd generation) (E3FC6616-ABC2-4413-84E2-4A76DDFBB1E6) (Shutdown) 
-- iOS 13.6 --
    iPhone 8 (D66A9681-24BD-4CFE-B43C-29738B317A01) (Shutdown) 
    iPhone 8 Plus (4BF6C347-E2C5-404B-90A6-2799CA3B154C) (Shutdown) 
    iPhone 11 (369F0E7D-3FE9-4440-AFC7-60E85178EAFC) (Shutdown) 
    iPhone 11 Pro (4CFDC897-0DA8-4076-9DAF-807C9CA05FBE) (Shutdown) 
    iPhone 11 Pro Max (F83DA2F5-1510-45DA-87A8-381692657CFF) (Shutdown) 
    iPhone SE (2nd generation) (B797DF93-DA18-452A-ADD0-CCF981B12B4E) (Shutdown) 
    iPad Pro (9.7-inch) (2C978960-691B-42D9-A44F-C6BF11518E89) (Shutdown) 
    iPad (7th generation) (AA380D88-48DB-467D-81EA-CCCD462B6E4B) (Shutdown) 
    iPad Pro (11-inch) (2nd generation) (C2E167F3-A795-4417-9412-EA9003A7DA02) (Shutdown) 
    iPad Pro (12.9-inch) (4th generation) (E20BB4BF-F92B-4C58-B605-E6E4397CC262) (Shutdown) 
    iPad Air (3rd generation) (DA5D9D5B-D93A-4A1E-A862-4F3103C7E4E1) (Shutdown) 
-- iOS 14.0 --
    iPhone 8 (F73683B7-D435-4E9B-A0A5-888C45173FEB) (Shutdown) 
    iPhone 8 Plus (99798088-E47E-4C1E-ACAA-E48D494BAD2C) (Shutdown) 
    iPhone 11 (2D1A8CEF-1DFA-483C-BD2B-E38800DFA399) (Shutdown) 
    iPhone 11 Pro (2732121C-02DE-4308-B0D6-09E92132B77E) (Shutdown) 
    iPhone 11 Pro Max (4D46B5DD-F40F-4D55-91E9-66AAEE321213) (Shutdown) 
    iPhone SE (2nd generation) (32FBAD23-65CF-4CD2-BBBB-48296278C72A) (Shutdown) 
    iPod touch (7th generation) (95205AFF-F97D-42B2-B476-5A40C015B496) (Shutdown) 
    iPad Pro (9.7-inch) (3B2127AF-6644-4ECC-8579-00660C0320AA) (Shutdown) 
    iPad Pro (11-inch) (2nd generation) (D01CE5FD-1063-429C-A345-E62C6CC3E704) (Shutdown) 
    iPad Pro (12.9-inch) (4th generation) (C3D5349D-DAD5-41D1-B5C3-D60A98AB374A) (Shutdown) 
    iPad (8th generation) (581F1A15-AADD-4E66-8315-E7E15E913816) (Shutdown) 
    iPad Air (4th generation) (B58DFA14-BB11-46B9-B86E-44527696D90E) (Shutdown) 
-- iOS 14.1 --
    iPhone 8 (F6557B18-7725-4575-9D68-7E04506A44DB) (Shutdown) 
    iPhone 8 Plus (440421A5-8C75-4EF3-9E62-37C08256FCC3) (Shutdown) 
    iPhone 11 (F91F48DE-EB48-447E-8E6C-203566932FB1) (Shutdown) 
    iPhone 11 Pro (75113418-2028-4276-9CCD-06612A839EDD) (Shutdown) 
    iPhone 11 Pro Max (F166946B-0D1A-4EF1-B082-5E798AD4341D) (Shutdown) 
    iPhone SE (2nd generation) (9C8CDEE2-0E3C-43F4-B6FA-074D279AD2BC) (Shutdown) 
    iPhone 12 mini (E68E02F9-0B94-43F5-B6CC-551EE8CCCAD5) (Shutdown) 
    iPhone 12 (83FCDE21-A0C9-4772-B621-9F2EB37933CE) (Shutdown) 
    iPhone 12 Pro (FE69C8A3-3B97-4478-A251-C87FCB0313E8) (Shutdown) 
    iPhone 12 Pro Max (E710F66F-450E-4ECE-849C-DDBB4E0F6194) (Shutdown) 
    iPod touch (7th generation) (2EBDD622-18AD-4939-AE00-6E1E499490F1) (Shutdown) 
    iPad Pro (9.7-inch) (D1E47C3B-77BB-4BF3-BD62-3C055E09B9F4) (Shutdown) 
    iPad Pro (11-inch) (2nd generation) (B1B3A358-9644-44D5-A22F-E0DE9BB8B321) (Shutdown) 
    iPad Pro (12.9-inch) (4th generation) (962A63F6-5C1D-4453-9710-795D197A64F1) (Shutdown) 
    iPad (8th generation) (8E873165-E85B-42BE-86BA-3B3F16E4599F) (Shutdown) 
    iPad Air (4th generation) (2D4F4513-F544-4972-A02B-DDFDD14AF0FD) (Shutdown) 
-- tvOS 13.0 --
    Apple TV (71DDBC72-DF9C-4919-901F-3A5A5C1D5123) (Shutdown) 
    Apple TV 4K (0F5C4854-643E-4DB4-99EF-4CF0D681BB2F) (Shutdown) 
    Apple TV 4K (at 1080p) (E405C82A-DA22-4802-B263-062AD5005BB8) (Shutdown) 
-- tvOS 13.2 --
    Apple TV (A62F7C55-B179-4BEB-953E-323820B1651F) (Shutdown) 
    Apple TV 4K (8BCA213C-3C7E-46D9-9B61-C02B4EBCDB70) (Shutdown) 
    Apple TV 4K (at 1080p) (C9EA1B78-2805-412B-BC79-6DE2B2464A4E) (Shutdown) 
-- tvOS 13.3 --
    Apple TV (3BB85394-9F2B-4598-9469-705ED600A72B) (Shutdown) 
    Apple TV 4K (AF170A7F-7A71-428C-BDE4-6CBDD3425C72) (Shutdown) 
    Apple TV 4K (at 1080p) (73C8B8FC-CBF2-4BF9-B1B6-88CFAF8D1C99) (Shutdown) 
-- tvOS 14.0 --
    Apple TV (E0DA1FC5-3319-41DC-A184-E2AE18BB2B39) (Shutdown) 
    Apple TV 4K (0F10B2F8-107B-4656-89A4-5F946C0A0C7A) (Shutdown) 
    Apple TV 4K (at 1080p) (DDBBAF0E-28F7-4292-9ED9-39808FF68A1B) (Shutdown) 
-- watchOS 6.0 --
    Apple Watch Series 4 - 40mm (60513B50-EC0F-4763-ACAC-041CAB7A9AFA) (Shutdown) 
    Apple Watch Series 4 - 44mm (E5F01FCE-7727-41A7-AF40-557E6047CBB1) (Shutdown) 
    Apple Watch Series 5 - 40mm (E594F681-580E-4F1B-B6EB-3227C76D9B13) (Shutdown) 
    Apple Watch Series 5 - 44mm (8A24D50B-55A2-43BF-87ED-56FAF573FF94) (Shutdown) 
-- watchOS 6.1 --
    Apple Watch Series 4 - 40mm (8F6B58E8-3437-4A5A-BFDC-AD5911EA0FF2) (Shutdown) 
    Apple Watch Series 4 - 44mm (3B9FC464-8D28-4973-8F6D-422C7CB8B9E2) (Shutdown) 
    Apple Watch Series 5 - 40mm (953BE7CA-1179-4C1B-927F-02C516300C5C) (Shutdown) 
    Apple Watch Series 5 - 44mm (1EB91071-6356-4ACF-BCFE-5792911E31BB) (Shutdown) 
-- watchOS 7.0 --
    Apple Watch Series 5 - 40mm (B68F0AAA-A25B-4B93-8031-067B7FC42626) (Shutdown) 
    Apple Watch Series 5 - 44mm (C10DEB29-373C-4CFE-9C92-2011A299C99C) (Shutdown) 
    Apple Watch Series 6 - 40mm (736896C4-217C-4F82-ACD6-3D5662A85529) (Shutdown) 
    Apple Watch Series 6 - 44mm (9EC26225-1338-4420-98C4-8E952D0CC4B2) (Shutdown) 
== Device Pairs ==
0923C3B4-DFCE-45D0-B19D-FBE95F5A24C3 (active, disconnected)
    Watch: Apple Watch Series 5 - 40mm (B68F0AAA-A25B-4B93-8031-067B7FC42626) (Shutdown)
    Phone: iPhone 12 mini (E68E02F9-0B94-43F5-B6CC-551EE8CCCAD5) (Shutdown)
3444DC44-6E8F-4AC9-AD2E-12CBA2166CAC (active, disconnected)
    Watch: Apple Watch Series 5 - 44mm (C10DEB29-373C-4CFE-9C92-2011A299C99C) (Shutdown)
    Phone: iPhone 12 (83FCDE21-A0C9-4772-B621-9F2EB37933CE) (Shutdown)
59A0C4E5-AD67-4B7A-9429-1C34F6E2BB3B (active, disconnected)
    Watch: Apple Watch Series 6 - 40mm (736896C4-217C-4F82-ACD6-3D5662A85529) (Shutdown)
    Phone: iPhone 12 Pro (FE69C8A3-3B97-4478-A251-C87FCB0313E8) (Shutdown)
74A3A547-8E6C-4EE5-8545-D177A98149D0 (active, disconnected)
    Watch: Apple Watch Series 6 - 44mm (9EC26225-1338-4420-98C4-8E952D0CC4B2) (Shutdown)
    Phone: iPhone 12 Pro Max (E710F66F-450E-4ECE-849C-DDBB4E0F6194) (Shutdown)

========================================


=== OS X info =========================

* sw_vers
ProductName:	Mac OS X
ProductVersion:	10.15.7
BuildVersion:	19H15

* system_profiler SPSoftwareDataType
Software:

    System Software Overview:

      System Version: macOS 10.15.7 (19H15)
      Kernel Version: Darwin 19.6.0
      Boot Volume: Macintosh HD
      Boot Mode: Normal
      Computer Name: vm-osx-xcode-12.1.x-g2.4core-a664dc55-64a7-4203-ae78-10f186d68bee
      User Name: vagrant (vagrant)
      Secure Virtual Memory: Enabled
      System Integrity Protection: Disabled
      Time since boot: 8:04


========================================


=== System infos =======================
* Free disk space:
    Filesystem         Size        Avail
  /dev/disk1s5        300Gi        164Gi
========================================

--- Android

* ANDROID_HOME (/usr/local/share/android-sdk) content:
add-ons
build-tools
cmdline-tools
emulator
extras
licenses
ndk-bundle
patcher
platform-tools
platforms
system-images
tools

* ANDROID_NDK_HOME (/usr/local/share/android-sdk/ndk-bundle/android-ndk-r21e) content:

* Android NDK Version:

* platform-tools content:
NOTICE.txt
adb
dmtracedump
e2fsdroid
etc1tool
fastboot
hprof-conv
lib64
make_f2fs
make_f2fs_casefold
mke2fs
mke2fs.conf
package.xml
sload_f2fs
source.properties
sqlite3
systrace

* build-tools content:
17.0.0
19.1.0
21.1.2
22.0.1
23.0.3
24.0.3
25.0.3
26.0.1
26.0.2
27.0.0
27.0.1
27.0.2
27.0.3
28.0.0
28.0.1
28.0.2
28.0.3
29.0.0
29.0.1
29.0.2
29.0.3
30.0.0
30.0.1
30.0.2
30.0.3

* extras content:
/usr/local/share/android-sdk/extras
├── android
│   └── m2repository
├── google
│   ├── google_play_services
│   └── m2repository
└── m2repository
    └── com

7 directories, 0 files

* platforms content:
android-15
android-17
android-19
android-21
android-22
android-23
android-24
android-25
android-26
android-27
android-28
android-29
android-30

* system-images content:
/usr/local/share/android-sdk/system-images
├── android-26
│   └── google_apis
│       └── x86
├── android-28
│   └── google_apis
│       └── x86_64
├── android-29
│   └── google_apis
│       └── x86
└── android-30
    └── google_apis
        └── x86

12 directories, 0 files

========================================

 * SDK packages:
* Command line Tools version: 5.0
* Platform Tools version: 31.0.3
* Emulator version: 30.8.4
========================================


=== Android APK tools ==================

* aapt2:

========================================


=== Environment infos =======================
MATCH_KEYCHAIN_PASSWORD environment set
========================================


=== Control tests ======================
source $HOME/.bash_profile ...
source $HOME/.bash_profile - PASSED
========================================

